[ 2018-03-20T20:22:33+08:00 ] 127.0.0.1 /Public/api/js/main.js
INFO: [ app_init ] --START--
INFO: Run Behavior\BuildLiteBehavior [ RunTime:0.000025s ]
INFO: [ app_init ] --END-- [ RunTime:0.000787s ]
ERR: 无法加载模块:Public

[ 2018-03-20T20:22:34+08:00 ] 127.0.0.1 /Public/api/js/goodsinfo.js
INFO: [ app_init ] --START--
INFO: Run Behavior\BuildLiteBehavior [ RunTime:0.000018s ]
INFO: [ app_init ] --END-- [ RunTime:0.000539s ]
ERR: 无法加载模块:Public

[ 2018-03-20T20:22:34+08:00 ] 127.0.0.1 /favicon.ico
INFO: [ app_init ] --START--
INFO: Run Behavior\BuildLiteBehavior [ RunTime:0.000026s ]
INFO: [ app_init ] --END-- [ RunTime:0.000871s ]
ERR: 无法加载模块:Favicon

[ 2018-03-20T20:24:43+08:00 ] 127.0.0.1 /Public/api/js/main.js
INFO: [ app_init ] --START--
INFO: Run Behavior\BuildLiteBehavior [ RunTime:0.000032s ]
INFO: [ app_init ] --END-- [ RunTime:0.000850s ]
ERR: 无法加载模块:Public

[ 2018-03-20T20:24:43+08:00 ] 127.0.0.1 /Public/api/js/main.js
INFO: [ app_init ] --START--
INFO: Run Behavior\BuildLiteBehavior [ RunTime:0.000029s ]
INFO: [ app_init ] --END-- [ RunTime:0.000801s ]
ERR: 无法加载模块:Public

[ 2018-03-20T20:30:16+08:00 ] 127.0.0.1 /Public/api/js/main.js
INFO: [ app_init ] --START--
INFO: Run Behavior\BuildLiteBehavior [ RunTime:0.000028s ]
INFO: [ app_init ] --END-- [ RunTime:0.000901s ]
ERR: 无法加载模块:Public

[ 2018-03-20T20:48:45+08:00 ] 127.0.0.1 /Public/api/js/main.js
INFO: [ app_init ] --START--
INFO: Run Behavior\BuildLiteBehavior [ RunTime:0.000032s ]
INFO: [ app_init ] --END-- [ RunTime:0.001077s ]
ERR: 无法加载模块:Public

[ 2018-03-20T20:48:45+08:00 ] 127.0.0.1 /Public/api/js/main.js
INFO: [ app_init ] --START--
INFO: Run Behavior\BuildLiteBehavior [ RunTime:0.000024s ]
INFO: [ app_init ] --END-- [ RunTime:0.000729s ]
ERR: 无法加载模块:Public

[ 2018-03-20T20:53:48+08:00 ] 127.0.0.1 /Public/api/js/main.js
INFO: [ app_init ] --START--
INFO: Run Behavior\BuildLiteBehavior [ RunTime:0.000036s ]
INFO: [ app_init ] --END-- [ RunTime:0.000932s ]
ERR: 无法加载模块:Public

[ 2018-03-20T20:53:48+08:00 ] 127.0.0.1 /Public/api/js/main.js
INFO: [ app_init ] --START--
INFO: Run Behavior\BuildLiteBehavior [ RunTime:0.000030s ]
INFO: [ app_init ] --END-- [ RunTime:0.000781s ]
ERR: 无法加载模块:Public

[ 2018-03-20T20:54:27+08:00 ] 127.0.0.1 /Public/api/js/main.js
INFO: [ app_init ] --START--
INFO: Run Behavior\BuildLiteBehavior [ RunTime:0.000032s ]
INFO: [ app_init ] --END-- [ RunTime:0.001507s ]
ERR: 无法加载模块:Public

[ 2018-03-20T20:54:27+08:00 ] 127.0.0.1 /Public/api/js/main.js
INFO: [ app_init ] --START--
INFO: Run Behavior\BuildLiteBehavior [ RunTime:0.000029s ]
INFO: [ app_init ] --END-- [ RunTime:0.000881s ]
ERR: 无法加载模块:Public

[ 2018-03-20T20:59:20+08:00 ] 127.0.0.1 /Public/api/js/main.js
INFO: [ app_init ] --START--
INFO: Run Behavior\BuildLiteBehavior [ RunTime:0.000028s ]
INFO: [ app_init ] --END-- [ RunTime:0.000909s ]
ERR: 无法加载模块:Public

[ 2018-03-20T20:59:20+08:00 ] 127.0.0.1 /Public/api/js/main.js
INFO: [ app_init ] --START--
INFO: Run Behavior\BuildLiteBehavior [ RunTime:0.000024s ]
INFO: [ app_init ] --END-- [ RunTime:0.000712s ]
ERR: 无法加载模块:Public

[ 2018-03-20T21:59:39+08:00 ] 127.0.0.1 /Public/api/js/main.js
INFO: [ app_init ] --START--
INFO: Run Behavior\BuildLiteBehavior [ RunTime:0.000031s ]
INFO: [ app_init ] --END-- [ RunTime:0.000895s ]
ERR: 无法加载模块:Public

[ 2018-03-20T21:59:39+08:00 ] 127.0.0.1 /Public/api/js/main.js
INFO: [ app_init ] --START--
INFO: Run Behavior\BuildLiteBehavior [ RunTime:0.000033s ]
INFO: [ app_init ] --END-- [ RunTime:0.001687s ]
ERR: 无法加载模块:Public

[ 2018-03-20T22:15:50+08:00 ] 127.0.0.1 /Public/api/js/main.js
INFO: [ app_init ] --START--
INFO: Run Behavior\BuildLiteBehavior [ RunTime:0.000030s ]
INFO: [ app_init ] --END-- [ RunTime:0.000957s ]
ERR: 无法加载模块:Public

[ 2018-03-20T22:15:50+08:00 ] 127.0.0.1 /Public/api/js/main.js
INFO: [ app_init ] --START--
INFO: Run Behavior\BuildLiteBehavior [ RunTime:0.000024s ]
INFO: [ app_init ] --END-- [ RunTime:0.000915s ]
ERR: 无法加载模块:Public

