[ 2017-11-29T11:46:29+08:00 ] 127.0.0.1 /Api/goods/lists?classify_parent_id=2&classify_id=4&order=2&order_type=2
INFO: [ app_init ] --START--
INFO: Run Behavior\BuildLiteBehavior [ RunTime:0.000029s ]
INFO: [ app_init ] --END-- [ RunTime:0.000905s ]
INFO: [ app_begin ] --START--
INFO: Run Behavior\ReadHtmlCacheBehavior [ RunTime:0.001327s ]
INFO: [ app_begin ] --END-- [ RunTime:0.001454s ]
NOTIC: [8] A session had already been started - ignoring session_start() E:\xampp\htdocs\ebay\ThinkPHP\Common\functions.php 第 1263 行.

[ 2017-11-29T11:46:45+08:00 ] 127.0.0.1 /Api/goods/lists?classify_parent_id=2&classify_id=4&order=2&order_type=2
INFO: [ app_init ] --START--
INFO: Run Behavior\BuildLiteBehavior [ RunTime:0.000017s ]
INFO: [ app_init ] --END-- [ RunTime:0.000612s ]
INFO: [ app_begin ] --START--
INFO: Run Behavior\ReadHtmlCacheBehavior [ RunTime:0.000796s ]
INFO: [ app_begin ] --END-- [ RunTime:0.000858s ]
NOTIC: [8] A session had already been started - ignoring session_start() E:\xampp\htdocs\ebay\ThinkPHP\Common\functions.php 第 1263 行.
SQL: SHOW COLUMNS FROM `goods` [ RunTime:0.0134s ]
SQL: SHOW COLUMNS FROM `goods_image` [ RunTime:0.0115s ]
SQL: SHOW COLUMNS FROM `classify` [ RunTime:0.0123s ]
SQL: SELECT * FROM `goods` WHERE `classify_id` = 4 ORDER BY price desc LIMIT 0,20   [ RunTime:0.0434s ]
SQL: SELECT * FROM `goods_image` WHERE `goods_id` = 1  [ RunTime:0.0004s ]
SQL: SELECT * FROM `goods_image` WHERE `goods_id` = 2  [ RunTime:0.0003s ]

[ 2017-11-29T11:46:49+08:00 ] 127.0.0.1 /Api/goods/lists
INFO: [ app_init ] --START--
INFO: Run Behavior\BuildLiteBehavior [ RunTime:0.000019s ]
INFO: [ app_init ] --END-- [ RunTime:0.000766s ]
INFO: [ app_begin ] --START--
INFO: Run Behavior\ReadHtmlCacheBehavior [ RunTime:0.000691s ]
INFO: [ app_begin ] --END-- [ RunTime:0.000772s ]
NOTIC: [8] A session had already been started - ignoring session_start() E:\xampp\htdocs\ebay\ThinkPHP\Common\functions.php 第 1263 行.

[ 2017-11-29T11:47:12+08:00 ] 127.0.0.1 /Api/goods/lists
INFO: [ app_init ] --START--
INFO: Run Behavior\BuildLiteBehavior [ RunTime:0.000029s ]
INFO: [ app_init ] --END-- [ RunTime:0.000911s ]
INFO: [ app_begin ] --START--
INFO: Run Behavior\ReadHtmlCacheBehavior [ RunTime:0.000957s ]
INFO: [ app_begin ] --END-- [ RunTime:0.001057s ]
NOTIC: [8] A session had already been started - ignoring session_start() E:\xampp\htdocs\ebay\ThinkPHP\Common\functions.php 第 1263 行.

[ 2017-11-29T11:47:20+08:00 ] 127.0.0.1 /Api/index/index
INFO: [ app_init ] --START--
INFO: Run Behavior\BuildLiteBehavior [ RunTime:0.000018s ]
INFO: [ app_init ] --END-- [ RunTime:0.000691s ]
INFO: [ app_begin ] --START--
INFO: Run Behavior\ReadHtmlCacheBehavior [ RunTime:0.000738s ]
INFO: [ app_begin ] --END-- [ RunTime:0.000804s ]
NOTIC: [8] A session had already been started - ignoring session_start() E:\xampp\htdocs\ebay\ThinkPHP\Common\functions.php 第 1263 行.
SQL: SHOW COLUMNS FROM `goods` [ RunTime:0.0133s ]
SQL: SHOW COLUMNS FROM `goods_image` [ RunTime:0.0117s ]
SQL: SHOW COLUMNS FROM `ad` [ RunTime:0.0122s ]
SQL: SELECT * FROM `ad` ORDER BY id asc LIMIT 0,20   [ RunTime:0.0005s ]
SQL: SELECT * FROM `goods` WHERE `status` = 1 ORDER BY id asc LIMIT 0,20   [ RunTime:0.0003s ]
SQL: SELECT * FROM `goods_image` WHERE `goods_id` = 1  [ RunTime:0.0002s ]
SQL: SELECT * FROM `goods_image` WHERE `goods_id` = 2  [ RunTime:0.0003s ]
SQL: SELECT * FROM `goods_image` WHERE `goods_id` = 3  [ RunTime:0.0004s ]
SQL: SELECT * FROM `goods_image` WHERE `goods_id` = 4  [ RunTime:0.0003s ]
NOTIC: [8] Undefined offset: 0 E:\xampp\htdocs\ebay\Application\Api\Controller\IndexController.class.php 第 17 行.
SQL: SELECT * FROM `goods_image` WHERE `goods_id` = 5  [ RunTime:0.0005s ]
NOTIC: [8] Undefined offset: 0 E:\xampp\htdocs\ebay\Application\Api\Controller\IndexController.class.php 第 17 行.

[ 2017-11-29T11:47:44+08:00 ] 127.0.0.1 /Api/index/index
INFO: [ app_init ] --START--
INFO: Run Behavior\BuildLiteBehavior [ RunTime:0.000017s ]
INFO: [ app_init ] --END-- [ RunTime:0.000612s ]
INFO: [ app_begin ] --START--
INFO: Run Behavior\ReadHtmlCacheBehavior [ RunTime:0.000820s ]
INFO: [ app_begin ] --END-- [ RunTime:0.000909s ]
NOTIC: [8] A session had already been started - ignoring session_start() E:\xampp\htdocs\ebay\ThinkPHP\Common\functions.php 第 1263 行.
SQL: SHOW COLUMNS FROM `goods` [ RunTime:0.0141s ]
SQL: SHOW COLUMNS FROM `goods_image` [ RunTime:0.0132s ]
SQL: SHOW COLUMNS FROM `ad` [ RunTime:0.0149s ]
SQL: SELECT * FROM `ad` ORDER BY id asc LIMIT 0,20   [ RunTime:0.0006s ]
SQL: SELECT * FROM `goods` WHERE `status` = 1 ORDER BY id asc LIMIT 0,20   [ RunTime:0.0006s ]
SQL: SELECT * FROM `goods_image` WHERE `goods_id` = 1  [ RunTime:0.0005s ]
SQL: SELECT * FROM `goods_image` WHERE `goods_id` = 2  [ RunTime:0.0004s ]
SQL: SELECT * FROM `goods_image` WHERE `goods_id` = 3  [ RunTime:0.0004s ]
SQL: SELECT * FROM `goods_image` WHERE `goods_id` = 5  [ RunTime:0.0003s ]
NOTIC: [8] Undefined offset: 0 E:\xampp\htdocs\ebay\Application\Api\Controller\IndexController.class.php 第 17 行.

[ 2017-11-29T11:52:07+08:00 ] 127.0.0.1 /Api/index/index
INFO: [ app_init ] --START--
INFO: Run Behavior\BuildLiteBehavior [ RunTime:0.000024s ]
INFO: [ app_init ] --END-- [ RunTime:0.000713s ]
INFO: [ app_begin ] --START--
INFO: Run Behavior\ReadHtmlCacheBehavior [ RunTime:0.000752s ]
INFO: [ app_begin ] --END-- [ RunTime:0.000818s ]
NOTIC: [8] A session had already been started - ignoring session_start() E:\xampp\htdocs\ebay\ThinkPHP\Common\functions.php 第 1263 行.
SQL: SHOW COLUMNS FROM `goods` [ RunTime:0.0128s ]
SQL: SHOW COLUMNS FROM `goods_image` [ RunTime:0.0134s ]
SQL: SHOW COLUMNS FROM `ad` [ RunTime:0.0126s ]
SQL: SELECT * FROM `ad` ORDER BY id asc LIMIT 0,20   [ RunTime:0.0005s ]
SQL: SELECT * FROM `goods` WHERE `status` = 1 ORDER BY id asc LIMIT 0,20   [ RunTime:0.0005s ]
SQL: SELECT * FROM `goods_image` WHERE `goods_id` = 1  [ RunTime:0.0003s ]
SQL: SELECT * FROM `goods_image` WHERE `goods_id` = 2  [ RunTime:0.0003s ]
SQL: SELECT * FROM `goods_image` WHERE `goods_id` = 3  [ RunTime:0.0003s ]
SQL: SELECT * FROM `goods_image` WHERE `goods_id` = 5  [ RunTime:0.0003s ]
NOTIC: [8] Undefined offset: 0 E:\xampp\htdocs\ebay\Application\Api\Controller\IndexController.class.php 第 17 行.

[ 2017-11-29T11:53:00+08:00 ] 127.0.0.1 /Api/index/index
INFO: [ app_init ] --START--
INFO: Run Behavior\BuildLiteBehavior [ RunTime:0.000026s ]
INFO: [ app_init ] --END-- [ RunTime:0.000807s ]
INFO: [ app_begin ] --START--
INFO: Run Behavior\ReadHtmlCacheBehavior [ RunTime:0.000844s ]
INFO: [ app_begin ] --END-- [ RunTime:0.000927s ]
NOTIC: [8] A session had already been started - ignoring session_start() E:\xampp\htdocs\ebay\ThinkPHP\Common\functions.php 第 1263 行.
SQL: SHOW COLUMNS FROM `goods` [ RunTime:0.0124s ]
SQL: SHOW COLUMNS FROM `goods_image` [ RunTime:0.0135s ]
SQL: SHOW COLUMNS FROM `ad` [ RunTime:0.0122s ]
SQL: SELECT * FROM `ad` ORDER BY id asc LIMIT 0,20   [ RunTime:0.0004s ]
SQL: SELECT * FROM `goods` WHERE `status` = 1 ORDER BY id asc LIMIT 0,20   [ RunTime:0.0004s ]
SQL: SELECT * FROM `goods_image` WHERE `goods_id` = 1  [ RunTime:0.0003s ]
SQL: SELECT * FROM `goods_image` WHERE `goods_id` = 2  [ RunTime:0.0003s ]
SQL: SELECT * FROM `goods_image` WHERE `goods_id` = 3  [ RunTime:0.0003s ]
SQL: SELECT * FROM `goods_image` WHERE `goods_id` = 5  [ RunTime:0.0003s ]
NOTIC: [8] Undefined offset: 0 E:\xampp\htdocs\ebay\Application\Api\Controller\IndexController.class.php 第 17 行.

[ 2017-11-29T11:57:58+08:00 ] 127.0.0.1 /Api/index/index
INFO: [ app_init ] --START--
INFO: Run Behavior\BuildLiteBehavior [ RunTime:0.000027s ]
INFO: [ app_init ] --END-- [ RunTime:0.000837s ]
INFO: [ app_begin ] --START--
INFO: Run Behavior\ReadHtmlCacheBehavior [ RunTime:0.000888s ]
INFO: [ app_begin ] --END-- [ RunTime:0.000962s ]
NOTIC: [8] A session had already been started - ignoring session_start() E:\xampp\htdocs\ebay\ThinkPHP\Common\functions.php 第 1263 行.
SQL: SHOW COLUMNS FROM `goods` [ RunTime:0.0139s ]
SQL: SHOW COLUMNS FROM `goods_image` [ RunTime:0.0127s ]
SQL: SHOW COLUMNS FROM `ad` [ RunTime:0.0123s ]
SQL: SELECT * FROM `ad` ORDER BY id asc LIMIT 0,20   [ RunTime:0.0005s ]
SQL: SELECT * FROM `goods` WHERE `status` = 1 ORDER BY id asc LIMIT 0,20   [ RunTime:0.0004s ]
SQL: SELECT * FROM `goods_image` WHERE `goods_id` = 1  [ RunTime:0.0005s ]
SQL: SELECT * FROM `goods_image` WHERE `goods_id` = 2  [ RunTime:0.0005s ]
SQL: SELECT * FROM `goods_image` WHERE `goods_id` = 3  [ RunTime:0.0003s ]
SQL: SELECT * FROM `goods_image` WHERE `goods_id` = 5  [ RunTime:0.0003s ]
NOTIC: [8] Undefined offset: 0 E:\xampp\htdocs\ebay\Application\Api\Controller\IndexController.class.php 第 17 行.

[ 2017-11-29T11:58:03+08:00 ] 127.0.0.1 /Api/index/index
INFO: [ app_init ] --START--
INFO: Run Behavior\BuildLiteBehavior [ RunTime:0.000016s ]
INFO: [ app_init ] --END-- [ RunTime:0.000582s ]
INFO: [ app_begin ] --START--
INFO: Run Behavior\ReadHtmlCacheBehavior [ RunTime:0.000641s ]
INFO: [ app_begin ] --END-- [ RunTime:0.000698s ]
NOTIC: [8] A session had already been started - ignoring session_start() E:\xampp\htdocs\ebay\ThinkPHP\Common\functions.php 第 1263 行.
SQL: SHOW COLUMNS FROM `goods` [ RunTime:0.0118s ]
SQL: SHOW COLUMNS FROM `goods_image` [ RunTime:0.0133s ]
SQL: SHOW COLUMNS FROM `ad` [ RunTime:0.0122s ]
SQL: SELECT * FROM `ad` ORDER BY id asc LIMIT 0,20   [ RunTime:0.0004s ]
SQL: SELECT * FROM `goods` WHERE `status` = 1 ORDER BY id asc LIMIT 0,20   [ RunTime:0.0003s ]
SQL: SELECT * FROM `goods_image` WHERE `goods_id` = 1  [ RunTime:0.0003s ]
SQL: SELECT * FROM `goods_image` WHERE `goods_id` = 2  [ RunTime:0.0003s ]
SQL: SELECT * FROM `goods_image` WHERE `goods_id` = 3  [ RunTime:0.0003s ]
SQL: SELECT * FROM `goods_image` WHERE `goods_id` = 5  [ RunTime:0.0003s ]
NOTIC: [8] Undefined offset: 0 E:\xampp\htdocs\ebay\Application\Api\Controller\IndexController.class.php 第 17 行.

[ 2017-11-29T12:02:13+08:00 ] 127.0.0.1 /Api/goods/info?id=1
INFO: [ app_init ] --START--
INFO: Run Behavior\BuildLiteBehavior [ RunTime:0.000019s ]
INFO: [ app_init ] --END-- [ RunTime:0.000666s ]
INFO: [ app_begin ] --START--
INFO: Run Behavior\ReadHtmlCacheBehavior [ RunTime:0.000798s ]
INFO: [ app_begin ] --END-- [ RunTime:0.000865s ]
NOTIC: [8] A session had already been started - ignoring session_start() E:\xampp\htdocs\ebay\ThinkPHP\Common\functions.php 第 1263 行.
SQL: SHOW COLUMNS FROM `goods` [ RunTime:0.0122s ]
SQL: SHOW COLUMNS FROM `goods_image` [ RunTime:0.0120s ]
SQL: SELECT * FROM `goods` WHERE `id` = 1 LIMIT 1   [ RunTime:0.0005s ]
SQL: SELECT * FROM `goods_image` WHERE `goods_id` = 1  [ RunTime:0.0604s ]

[ 2017-11-29T12:08:20+08:00 ] 127.0.0.1 /Api/goods/lists?classify_parent_id=2&classify_id=4&order=2&order_type=2
INFO: [ app_init ] --START--
INFO: Run Behavior\BuildLiteBehavior [ RunTime:0.000017s ]
INFO: [ app_init ] --END-- [ RunTime:0.000596s ]
INFO: [ app_begin ] --START--
INFO: Run Behavior\ReadHtmlCacheBehavior [ RunTime:0.000916s ]
INFO: [ app_begin ] --END-- [ RunTime:0.000994s ]
NOTIC: [8] A session had already been started - ignoring session_start() E:\xampp\htdocs\ebay\ThinkPHP\Common\functions.php 第 1263 行.
SQL: SHOW COLUMNS FROM `goods` [ RunTime:0.0122s ]
SQL: SHOW COLUMNS FROM `goods_image` [ RunTime:0.0123s ]
SQL: SHOW COLUMNS FROM `classify` [ RunTime:0.0113s ]
SQL: SELECT * FROM `goods` WHERE `classify_id` = 4 ORDER BY price desc LIMIT 0,20   [ RunTime:0.0006s ]
SQL: SELECT * FROM `goods_image` WHERE `goods_id` = 1  [ RunTime:0.0003s ]
SQL: SELECT * FROM `goods_image` WHERE `goods_id` = 2  [ RunTime:0.0003s ]

[ 2017-11-29T12:08:36+08:00 ] 127.0.0.1 /Api/goods/lists?classify_parent_id=0
INFO: [ app_init ] --START--
INFO: Run Behavior\BuildLiteBehavior [ RunTime:0.000028s ]
INFO: [ app_init ] --END-- [ RunTime:0.000995s ]
INFO: [ app_begin ] --START--
INFO: Run Behavior\ReadHtmlCacheBehavior [ RunTime:0.000955s ]
INFO: [ app_begin ] --END-- [ RunTime:0.001061s ]
NOTIC: [8] A session had already been started - ignoring session_start() E:\xampp\htdocs\ebay\ThinkPHP\Common\functions.php 第 1263 行.

[ 2017-11-29T12:08:41+08:00 ] 127.0.0.1 /Api/goods/lists?classify_parent_id=2
INFO: [ app_init ] --START--
INFO: Run Behavior\BuildLiteBehavior [ RunTime:0.000016s ]
INFO: [ app_init ] --END-- [ RunTime:0.000546s ]
INFO: [ app_begin ] --START--
INFO: Run Behavior\ReadHtmlCacheBehavior [ RunTime:0.000629s ]
INFO: [ app_begin ] --END-- [ RunTime:0.000710s ]
NOTIC: [8] A session had already been started - ignoring session_start() E:\xampp\htdocs\ebay\ThinkPHP\Common\functions.php 第 1263 行.
SQL: SHOW COLUMNS FROM `goods` [ RunTime:0.0172s ]
SQL: SHOW COLUMNS FROM `goods_image` [ RunTime:0.0126s ]
SQL: SHOW COLUMNS FROM `classify` [ RunTime:0.0154s ]
SQL: SELECT * FROM `classify` WHERE `parent_id` = 2 AND `status` = 1 ORDER BY id asc LIMIT 0,20   [ RunTime:0.0210s ]
SQL: SELECT * FROM `goods` WHERE `classify_id` IN ('5','18') ORDER BY id asc LIMIT 0,20   [ RunTime:0.0010s ]
SQL: SELECT * FROM `goods_image` WHERE `goods_id` = 5  [ RunTime:0.0003s ]
NOTIC: [8] Undefined offset: 0 E:\xampp\htdocs\ebay\Application\Api\Controller\GoodsController.class.php 第 40 行.

[ 2017-11-29T12:08:49+08:00 ] 127.0.0.1 /Api/goods/lists?classify_parent_id=1
INFO: [ app_init ] --START--
INFO: Run Behavior\BuildLiteBehavior [ RunTime:0.000018s ]
INFO: [ app_init ] --END-- [ RunTime:0.000630s ]
INFO: [ app_begin ] --START--
INFO: Run Behavior\ReadHtmlCacheBehavior [ RunTime:0.000687s ]
INFO: [ app_begin ] --END-- [ RunTime:0.000749s ]
NOTIC: [8] A session had already been started - ignoring session_start() E:\xampp\htdocs\ebay\ThinkPHP\Common\functions.php 第 1263 行.
SQL: SHOW COLUMNS FROM `goods` [ RunTime:0.0123s ]
SQL: SHOW COLUMNS FROM `goods_image` [ RunTime:0.0134s ]
SQL: SHOW COLUMNS FROM `classify` [ RunTime:0.0135s ]
SQL: SELECT * FROM `classify` WHERE `parent_id` = 1 AND `status` = 1 ORDER BY id asc LIMIT 0,20   [ RunTime:0.0005s ]
SQL: SELECT * FROM `goods` WHERE `classify_id` IN ('3') ORDER BY id asc LIMIT 0,20   [ RunTime:0.0004s ]

[ 2017-11-29T12:09:13+08:00 ] 127.0.0.1 /Api/goods/lists?classify_parent_id=2
INFO: [ app_init ] --START--
INFO: Run Behavior\BuildLiteBehavior [ RunTime:0.000026s ]
INFO: [ app_init ] --END-- [ RunTime:0.000809s ]
INFO: [ app_begin ] --START--
INFO: Run Behavior\ReadHtmlCacheBehavior [ RunTime:0.000924s ]
INFO: [ app_begin ] --END-- [ RunTime:0.001047s ]
NOTIC: [8] A session had already been started - ignoring session_start() E:\xampp\htdocs\ebay\ThinkPHP\Common\functions.php 第 1263 行.
SQL: SHOW COLUMNS FROM `goods` [ RunTime:0.0127s ]
SQL: SHOW COLUMNS FROM `goods_image` [ RunTime:0.0124s ]
SQL: SHOW COLUMNS FROM `classify` [ RunTime:0.0173s ]
SQL: SELECT * FROM `classify` WHERE `parent_id` = 2 AND `status` = 1 ORDER BY id asc LIMIT 0,20   [ RunTime:0.0005s ]
SQL: SELECT * FROM `goods` WHERE `classify_id` IN ('5','18') ORDER BY id asc LIMIT 0,20   [ RunTime:0.0003s ]
SQL: SELECT * FROM `goods_image` WHERE `goods_id` = 5  [ RunTime:0.0003s ]
NOTIC: [8] Undefined offset: 0 E:\xampp\htdocs\ebay\Application\Api\Controller\GoodsController.class.php 第 40 行.

[ 2017-11-29T12:09:21+08:00 ] 127.0.0.1 /Api/goods/lists?classify_parent_id=1
INFO: [ app_init ] --START--
INFO: Run Behavior\BuildLiteBehavior [ RunTime:0.000016s ]
INFO: [ app_init ] --END-- [ RunTime:0.000543s ]
INFO: [ app_begin ] --START--
INFO: Run Behavior\ReadHtmlCacheBehavior [ RunTime:0.000637s ]
INFO: [ app_begin ] --END-- [ RunTime:0.000695s ]
NOTIC: [8] A session had already been started - ignoring session_start() E:\xampp\htdocs\ebay\ThinkPHP\Common\functions.php 第 1263 行.
SQL: SHOW COLUMNS FROM `goods` [ RunTime:0.0132s ]
SQL: SHOW COLUMNS FROM `goods_image` [ RunTime:0.0117s ]
SQL: SHOW COLUMNS FROM `classify` [ RunTime:0.0124s ]
SQL: SELECT * FROM `classify` WHERE `parent_id` = 1 AND `status` = 1 ORDER BY id asc LIMIT 0,20   [ RunTime:0.0005s ]
SQL: SELECT * FROM `goods` WHERE `classify_id` IN ('3') ORDER BY id asc LIMIT 0,20   [ RunTime:0.0003s ]

[ 2017-11-29T12:09:21+08:00 ] 127.0.0.1 /Api/goods/lists?classify_parent_id=2
INFO: [ app_init ] --START--
INFO: Run Behavior\BuildLiteBehavior [ RunTime:0.000018s ]
INFO: [ app_init ] --END-- [ RunTime:0.000523s ]
INFO: [ app_begin ] --START--
INFO: Run Behavior\ReadHtmlCacheBehavior [ RunTime:0.000640s ]
INFO: [ app_begin ] --END-- [ RunTime:0.000706s ]
NOTIC: [8] A session had already been started - ignoring session_start() E:\xampp\htdocs\ebay\ThinkPHP\Common\functions.php 第 1263 行.
SQL: SHOW COLUMNS FROM `goods` [ RunTime:0.0161s ]
SQL: SHOW COLUMNS FROM `goods_image` [ RunTime:0.0182s ]
SQL: SHOW COLUMNS FROM `classify` [ RunTime:0.0180s ]
SQL: SELECT * FROM `classify` WHERE `parent_id` = 2 AND `status` = 1 ORDER BY id asc LIMIT 0,20   [ RunTime:0.0007s ]
SQL: SELECT * FROM `goods` WHERE `classify_id` IN ('5','18') ORDER BY id asc LIMIT 0,20   [ RunTime:0.0006s ]
SQL: SELECT * FROM `goods_image` WHERE `goods_id` = 5  [ RunTime:0.0006s ]
NOTIC: [8] Undefined offset: 0 E:\xampp\htdocs\ebay\Application\Api\Controller\GoodsController.class.php 第 40 行.

[ 2017-11-29T12:09:22+08:00 ] 127.0.0.1 /Api/goods/lists?classify_parent_id=0
INFO: [ app_init ] --START--
INFO: Run Behavior\BuildLiteBehavior [ RunTime:0.000017s ]
INFO: [ app_init ] --END-- [ RunTime:0.000527s ]
INFO: [ app_begin ] --START--
INFO: Run Behavior\ReadHtmlCacheBehavior [ RunTime:0.000872s ]
INFO: [ app_begin ] --END-- [ RunTime:0.000981s ]
NOTIC: [8] A session had already been started - ignoring session_start() E:\xampp\htdocs\ebay\ThinkPHP\Common\functions.php 第 1263 行.

[ 2017-11-29T12:09:22+08:00 ] 127.0.0.1 /Api/goods/lists?classify_parent_id=2&classify_id=4&order=2&order_type=2
INFO: [ app_init ] --START--
INFO: Run Behavior\BuildLiteBehavior [ RunTime:0.000022s ]
INFO: [ app_init ] --END-- [ RunTime:0.000641s ]
INFO: [ app_begin ] --START--
INFO: Run Behavior\ReadHtmlCacheBehavior [ RunTime:0.000631s ]
INFO: [ app_begin ] --END-- [ RunTime:0.000692s ]
NOTIC: [8] A session had already been started - ignoring session_start() E:\xampp\htdocs\ebay\ThinkPHP\Common\functions.php 第 1263 行.
SQL: SHOW COLUMNS FROM `goods` [ RunTime:0.0147s ]
SQL: SHOW COLUMNS FROM `goods_image` [ RunTime:0.0135s ]
SQL: SHOW COLUMNS FROM `classify` [ RunTime:0.0125s ]
SQL: SELECT * FROM `goods` WHERE `classify_id` = 4 ORDER BY price desc LIMIT 0,20   [ RunTime:0.0006s ]
SQL: SELECT * FROM `goods_image` WHERE `goods_id` = 1  [ RunTime:0.0004s ]
SQL: SELECT * FROM `goods_image` WHERE `goods_id` = 2  [ RunTime:0.0003s ]

[ 2017-11-29T12:09:33+08:00 ] 127.0.0.1 /Api/goods/lists?classify_parent_id=2&classify_id=4
INFO: [ app_init ] --START--
INFO: Run Behavior\BuildLiteBehavior [ RunTime:0.000017s ]
INFO: [ app_init ] --END-- [ RunTime:0.000574s ]
INFO: [ app_begin ] --START--
INFO: Run Behavior\ReadHtmlCacheBehavior [ RunTime:0.000708s ]
INFO: [ app_begin ] --END-- [ RunTime:0.000769s ]
NOTIC: [8] A session had already been started - ignoring session_start() E:\xampp\htdocs\ebay\ThinkPHP\Common\functions.php 第 1263 行.
SQL: SHOW COLUMNS FROM `goods` [ RunTime:0.0134s ]
SQL: SHOW COLUMNS FROM `goods_image` [ RunTime:0.0125s ]
SQL: SHOW COLUMNS FROM `classify` [ RunTime:0.0111s ]
SQL: SELECT * FROM `goods` WHERE `classify_id` = 4 ORDER BY id asc LIMIT 0,20   [ RunTime:0.0004s ]
SQL: SELECT * FROM `goods_image` WHERE `goods_id` = 1  [ RunTime:0.0003s ]
SQL: SELECT * FROM `goods_image` WHERE `goods_id` = 2  [ RunTime:0.0004s ]

[ 2017-11-29T12:10:03+08:00 ] 127.0.0.1 /Api/classify/lists
INFO: [ app_init ] --START--
INFO: Run Behavior\BuildLiteBehavior [ RunTime:0.000030s ]
INFO: [ app_init ] --END-- [ RunTime:0.001354s ]
INFO: [ app_begin ] --START--
INFO: Run Behavior\ReadHtmlCacheBehavior [ RunTime:0.000648s ]
INFO: [ app_begin ] --END-- [ RunTime:0.000712s ]
NOTIC: [8] A session had already been started - ignoring session_start() E:\xampp\htdocs\ebay\ThinkPHP\Common\functions.php 第 1263 行.
SQL: SHOW COLUMNS FROM `classify` [ RunTime:0.0129s ]
SQL: SELECT * FROM `classify` WHERE `parent_id` = 0 ORDER BY id asc LIMIT 0,20   [ RunTime:0.0004s ]

[ 2017-11-29T12:10:21+08:00 ] 127.0.0.1 /Api/goods/lists?classify_parent_id=2
INFO: [ app_init ] --START--
INFO: Run Behavior\BuildLiteBehavior [ RunTime:0.000016s ]
INFO: [ app_init ] --END-- [ RunTime:0.000612s ]
INFO: [ app_begin ] --START--
INFO: Run Behavior\ReadHtmlCacheBehavior [ RunTime:0.000756s ]
INFO: [ app_begin ] --END-- [ RunTime:0.000814s ]
NOTIC: [8] A session had already been started - ignoring session_start() E:\xampp\htdocs\ebay\ThinkPHP\Common\functions.php 第 1263 行.
SQL: SHOW COLUMNS FROM `goods` [ RunTime:0.0127s ]
SQL: SHOW COLUMNS FROM `goods_image` [ RunTime:0.0120s ]
SQL: SHOW COLUMNS FROM `classify` [ RunTime:0.0121s ]
SQL: SELECT * FROM `classify` WHERE `parent_id` = 2 AND `status` = 1 ORDER BY id asc LIMIT 0,20   [ RunTime:0.0005s ]
SQL: SELECT * FROM `goods` WHERE `classify_id` IN ('5','18') ORDER BY id asc LIMIT 0,20   [ RunTime:0.0003s ]
SQL: SELECT * FROM `goods_image` WHERE `goods_id` = 5  [ RunTime:0.0003s ]
NOTIC: [8] Undefined offset: 0 E:\xampp\htdocs\ebay\Application\Api\Controller\GoodsController.class.php 第 40 行.

[ 2017-11-29T12:10:26+08:00 ] 127.0.0.1 /Api/goods/lists
INFO: [ app_init ] --START--
INFO: Run Behavior\BuildLiteBehavior [ RunTime:0.000028s ]
INFO: [ app_init ] --END-- [ RunTime:0.000919s ]
INFO: [ app_begin ] --START--
INFO: Run Behavior\ReadHtmlCacheBehavior [ RunTime:0.000802s ]
INFO: [ app_begin ] --END-- [ RunTime:0.000876s ]
NOTIC: [8] A session had already been started - ignoring session_start() E:\xampp\htdocs\ebay\ThinkPHP\Common\functions.php 第 1263 行.

[ 2017-11-29T12:53:45+08:00 ] 127.0.0.1 /Api/goods/lists
INFO: [ app_init ] --START--
INFO: Run Behavior\BuildLiteBehavior [ RunTime:0.000016s ]
INFO: [ app_init ] --END-- [ RunTime:0.000821s ]
INFO: [ app_begin ] --START--
INFO: Run Behavior\ReadHtmlCacheBehavior [ RunTime:0.000779s ]
INFO: [ app_begin ] --END-- [ RunTime:0.000839s ]
NOTIC: [8] A session had already been started - ignoring session_start() E:\xampp\htdocs\ebay\ThinkPHP\Common\functions.php 第 1263 行.

[ 2017-11-29T12:57:04+08:00 ] 127.0.0.1 /Api/goods/lists?classify_parent_id=2
INFO: [ app_init ] --START--
INFO: Run Behavior\BuildLiteBehavior [ RunTime:0.000016s ]
INFO: [ app_init ] --END-- [ RunTime:0.000586s ]
INFO: [ app_begin ] --START--
INFO: Run Behavior\ReadHtmlCacheBehavior [ RunTime:0.000760s ]
INFO: [ app_begin ] --END-- [ RunTime:0.000845s ]
NOTIC: [8] A session had already been started - ignoring session_start() E:\xampp\htdocs\ebay\ThinkPHP\Common\functions.php 第 1263 行.
SQL: SHOW COLUMNS FROM `goods` [ RunTime:0.0151s ]
SQL: SHOW COLUMNS FROM `goods_image` [ RunTime:0.0125s ]
SQL: SHOW COLUMNS FROM `classify` [ RunTime:0.0129s ]
SQL: SELECT * FROM `classify` WHERE `parent_id` = 2 AND `status` = 1 ORDER BY id asc LIMIT 0,20   [ RunTime:0.0006s ]
SQL: SELECT * FROM `goods` WHERE `classify_id` IN ('5','18') ORDER BY id asc LIMIT 0,20   [ RunTime:0.0004s ]
SQL: SELECT * FROM `goods_image` WHERE `goods_id` = 5  [ RunTime:0.0003s ]
NOTIC: [8] Undefined offset: 0 E:\xampp\htdocs\ebay\Application\Api\Controller\GoodsController.class.php 第 40 行.

[ 2017-11-29T13:01:58+08:00 ] 127.0.0.1 /Api/goods/lists?classify_parent_id=1
INFO: [ app_init ] --START--
INFO: Run Behavior\BuildLiteBehavior [ RunTime:0.000017s ]
INFO: [ app_init ] --END-- [ RunTime:0.000795s ]
INFO: [ app_begin ] --START--
INFO: Run Behavior\ReadHtmlCacheBehavior [ RunTime:0.000977s ]
INFO: [ app_begin ] --END-- [ RunTime:0.001041s ]
NOTIC: [8] A session had already been started - ignoring session_start() E:\xampp\htdocs\ebay\ThinkPHP\Common\functions.php 第 1263 行.
SQL: SHOW COLUMNS FROM `goods` [ RunTime:0.0134s ]
SQL: SHOW COLUMNS FROM `goods_image` [ RunTime:0.0123s ]
SQL: SHOW COLUMNS FROM `classify` [ RunTime:0.0128s ]
SQL: SELECT * FROM `classify` WHERE `parent_id` = 1 AND `status` = 1 ORDER BY id asc LIMIT 0,20   [ RunTime:0.0006s ]
SQL: SELECT * FROM `goods` WHERE `classify_id` IN ('3') ORDER BY id asc LIMIT 0,20   [ RunTime:0.0005s ]
SQL: SELECT * FROM `goods_image` WHERE `goods_id` = 6  [ RunTime:0.0003s ]

[ 2017-11-29T13:05:03+08:00 ] 127.0.0.1 /Api/goods/lists?classify_parent_id=2&classify_id=4&order=2&order_type=2
INFO: [ app_init ] --START--
INFO: Run Behavior\BuildLiteBehavior [ RunTime:0.000019s ]
INFO: [ app_init ] --END-- [ RunTime:0.000813s ]
INFO: [ app_begin ] --START--
INFO: Run Behavior\ReadHtmlCacheBehavior [ RunTime:0.000840s ]
INFO: [ app_begin ] --END-- [ RunTime:0.000906s ]
NOTIC: [8] A session had already been started - ignoring session_start() E:\xampp\htdocs\ebay\ThinkPHP\Common\functions.php 第 1263 行.
SQL: SHOW COLUMNS FROM `goods` [ RunTime:0.0126s ]
SQL: SHOW COLUMNS FROM `goods_image` [ RunTime:0.0119s ]
SQL: SHOW COLUMNS FROM `classify` [ RunTime:0.0122s ]
SQL: SELECT * FROM `goods` WHERE `classify_id` = 4 ORDER BY price desc LIMIT 0,20   [ RunTime:0.0005s ]
SQL: SELECT * FROM `goods_image` WHERE `goods_id` = 1  [ RunTime:0.0003s ]
SQL: SELECT * FROM `goods_image` WHERE `goods_id` = 2  [ RunTime:0.0003s ]

[ 2017-11-29T13:05:45+08:00 ] 127.0.0.1 /Api/goods/lists?classify_parent_id=2&classify_id=4&order=2&order_type=2
INFO: [ app_init ] --START--
INFO: Run Behavior\BuildLiteBehavior [ RunTime:0.000017s ]
INFO: [ app_init ] --END-- [ RunTime:0.000533s ]
INFO: [ app_begin ] --START--
INFO: Run Behavior\ReadHtmlCacheBehavior [ RunTime:0.000627s ]
INFO: [ app_begin ] --END-- [ RunTime:0.000684s ]
NOTIC: [8] A session had already been started - ignoring session_start() E:\xampp\htdocs\ebay\ThinkPHP\Common\functions.php 第 1263 行.
SQL: SHOW COLUMNS FROM `goods` [ RunTime:0.0112s ]
SQL: SHOW COLUMNS FROM `goods_image` [ RunTime:0.0123s ]
SQL: SHOW COLUMNS FROM `classify` [ RunTime:0.0122s ]
SQL: SELECT * FROM `goods` WHERE `classify_id` = 4 ORDER BY price desc LIMIT 0,20   [ RunTime:0.0005s ]
SQL: SELECT * FROM `goods_image` WHERE `goods_id` = 1  [ RunTime:0.0003s ]
SQL: SELECT * FROM `goods_image` WHERE `goods_id` = 2  [ RunTime:0.0003s ]

[ 2017-11-29T13:05:46+08:00 ] 127.0.0.1 /Api/goods/lists?classify_parent_id=2&classify_id=4&order=2&order_type=2
INFO: [ app_init ] --START--
INFO: Run Behavior\BuildLiteBehavior [ RunTime:0.000017s ]
INFO: [ app_init ] --END-- [ RunTime:0.000576s ]
INFO: [ app_begin ] --START--
INFO: Run Behavior\ReadHtmlCacheBehavior [ RunTime:0.000625s ]
INFO: [ app_begin ] --END-- [ RunTime:0.000687s ]
NOTIC: [8] A session had already been started - ignoring session_start() E:\xampp\htdocs\ebay\ThinkPHP\Common\functions.php 第 1263 行.
SQL: SHOW COLUMNS FROM `goods` [ RunTime:0.0140s ]
SQL: SHOW COLUMNS FROM `goods_image` [ RunTime:0.0126s ]
SQL: SHOW COLUMNS FROM `classify` [ RunTime:0.0120s ]
SQL: SELECT * FROM `goods` WHERE `classify_id` = 4 ORDER BY price desc LIMIT 0,20   [ RunTime:0.0005s ]
SQL: SELECT * FROM `goods_image` WHERE `goods_id` = 1  [ RunTime:0.0004s ]
SQL: SELECT * FROM `goods_image` WHERE `goods_id` = 2  [ RunTime:0.0003s ]

[ 2017-11-29T13:05:53+08:00 ] 127.0.0.1 /Api/goods/lists?classify_parent_id=2&classify_id=4
INFO: [ app_init ] --START--
INFO: Run Behavior\BuildLiteBehavior [ RunTime:0.000030s ]
INFO: [ app_init ] --END-- [ RunTime:0.000969s ]
INFO: [ app_begin ] --START--
INFO: Run Behavior\ReadHtmlCacheBehavior [ RunTime:0.000968s ]
INFO: [ app_begin ] --END-- [ RunTime:0.001032s ]
NOTIC: [8] A session had already been started - ignoring session_start() E:\xampp\htdocs\ebay\ThinkPHP\Common\functions.php 第 1263 行.
SQL: SHOW COLUMNS FROM `goods` [ RunTime:0.0124s ]
SQL: SHOW COLUMNS FROM `goods_image` [ RunTime:0.0120s ]
SQL: SHOW COLUMNS FROM `classify` [ RunTime:0.0127s ]
SQL: SELECT * FROM `goods` WHERE `classify_id` = 4 ORDER BY id asc LIMIT 0,20   [ RunTime:0.0005s ]
SQL: SELECT * FROM `goods_image` WHERE `goods_id` = 1  [ RunTime:0.0003s ]
SQL: SELECT * FROM `goods_image` WHERE `goods_id` = 2  [ RunTime:0.0003s ]

[ 2017-11-29T13:06:09+08:00 ] 127.0.0.1 /Api/goods/lists?classify_parent_id=2&classify_id=4
INFO: [ app_init ] --START--
INFO: Run Behavior\BuildLiteBehavior [ RunTime:0.000016s ]
INFO: [ app_init ] --END-- [ RunTime:0.000563s ]
INFO: [ app_begin ] --START--
INFO: Run Behavior\ReadHtmlCacheBehavior [ RunTime:0.000666s ]
INFO: [ app_begin ] --END-- [ RunTime:0.000730s ]
NOTIC: [8] A session had already been started - ignoring session_start() E:\xampp\htdocs\ebay\ThinkPHP\Common\functions.php 第 1263 行.
SQL: SHOW COLUMNS FROM `goods` [ RunTime:0.0119s ]
SQL: SHOW COLUMNS FROM `goods_image` [ RunTime:0.0130s ]
SQL: SHOW COLUMNS FROM `classify` [ RunTime:0.0119s ]
SQL: SELECT * FROM `goods` WHERE `classify_id` = 4 ORDER BY id asc LIMIT 0,20   [ RunTime:0.0005s ]
SQL: SELECT * FROM `goods_image` WHERE `goods_id` = 1  [ RunTime:0.0003s ]
SQL: SELECT * FROM `goods_image` WHERE `goods_id` = 2  [ RunTime:0.0003s ]

[ 2017-11-29T13:08:28+08:00 ] 127.0.0.1 /Api/goods/lists?classify_parent_id=2&classify_id=4
INFO: [ app_init ] --START--
INFO: Run Behavior\BuildLiteBehavior [ RunTime:0.000018s ]
INFO: [ app_init ] --END-- [ RunTime:0.000720s ]
INFO: [ app_begin ] --START--
INFO: Run Behavior\ReadHtmlCacheBehavior [ RunTime:0.000831s ]
INFO: [ app_begin ] --END-- [ RunTime:0.000901s ]
NOTIC: [8] A session had already been started - ignoring session_start() E:\xampp\htdocs\ebay\ThinkPHP\Common\functions.php 第 1263 行.
SQL: SHOW COLUMNS FROM `goods` [ RunTime:0.0155s ]
SQL: SHOW COLUMNS FROM `goods_image` [ RunTime:0.0124s ]
SQL: SHOW COLUMNS FROM `classify` [ RunTime:0.0156s ]
SQL: SELECT * FROM `goods` WHERE `classify_id` = 4 AND `status` = 1 ORDER BY id asc LIMIT 0,20   [ RunTime:0.0005s ]

[ 2017-11-29T13:08:34+08:00 ] 127.0.0.1 /Api/goods/lists?classify_parent_id=2&classify_id=4
INFO: [ app_init ] --START--
INFO: Run Behavior\BuildLiteBehavior [ RunTime:0.000018s ]
INFO: [ app_init ] --END-- [ RunTime:0.000758s ]
INFO: [ app_begin ] --START--
INFO: Run Behavior\ReadHtmlCacheBehavior [ RunTime:0.001173s ]
INFO: [ app_begin ] --END-- [ RunTime:0.001290s ]
NOTIC: [8] A session had already been started - ignoring session_start() E:\xampp\htdocs\ebay\ThinkPHP\Common\functions.php 第 1263 行.
SQL: SHOW COLUMNS FROM `goods` [ RunTime:0.0195s ]
SQL: SHOW COLUMNS FROM `goods_image` [ RunTime:0.0166s ]
SQL: SHOW COLUMNS FROM `classify` [ RunTime:0.0187s ]
SQL: SELECT * FROM `goods` WHERE `classify_id` = 4 AND `status` = 1 ORDER BY id asc LIMIT 0,20   [ RunTime:0.0008s ]
SQL: SELECT * FROM `goods_image` WHERE `goods_id` = 1  [ RunTime:0.0005s ]

[ 2017-11-29T13:08:46+08:00 ] 127.0.0.1 /Api/goods/lists
INFO: [ app_init ] --START--
INFO: Run Behavior\BuildLiteBehavior [ RunTime:0.000017s ]
INFO: [ app_init ] --END-- [ RunTime:0.000691s ]
INFO: [ app_begin ] --START--
INFO: Run Behavior\ReadHtmlCacheBehavior [ RunTime:0.001078s ]
INFO: [ app_begin ] --END-- [ RunTime:0.001139s ]
NOTIC: [8] A session had already been started - ignoring session_start() E:\xampp\htdocs\ebay\ThinkPHP\Common\functions.php 第 1263 行.

[ 2017-11-29T13:08:55+08:00 ] 127.0.0.1 /Api/goods/lists?classify_parent_id=2
INFO: [ app_init ] --START--
INFO: Run Behavior\BuildLiteBehavior [ RunTime:0.000027s ]
INFO: [ app_init ] --END-- [ RunTime:0.000751s ]
INFO: [ app_begin ] --START--
INFO: Run Behavior\ReadHtmlCacheBehavior [ RunTime:0.000767s ]
INFO: [ app_begin ] --END-- [ RunTime:0.000836s ]
NOTIC: [8] A session had already been started - ignoring session_start() E:\xampp\htdocs\ebay\ThinkPHP\Common\functions.php 第 1263 行.
SQL: SHOW COLUMNS FROM `goods` [ RunTime:0.0200s ]
SQL: SHOW COLUMNS FROM `goods_image` [ RunTime:0.0123s ]
SQL: SHOW COLUMNS FROM `classify` [ RunTime:0.0117s ]
SQL: SELECT * FROM `classify` WHERE `parent_id` = 2 AND `status` = 1 ORDER BY id asc LIMIT 0,20   [ RunTime:0.0004s ]
SQL: SELECT * FROM `goods` WHERE `classify_id` IN ('5','18') AND `status` = 1 ORDER BY id asc LIMIT 0,20   [ RunTime:0.0428s ]
SQL: SELECT * FROM `goods_image` WHERE `goods_id` = 5  [ RunTime:0.0003s ]
NOTIC: [8] Undefined offset: 0 E:\xampp\htdocs\ebay\Application\Api\Controller\GoodsController.class.php 第 40 行.

[ 2017-11-29T13:09:51+08:00 ] 127.0.0.1 /Api/goods/lists?classify_parent_id=2&classify_id=4&order=2&order_type=2
INFO: [ app_init ] --START--
INFO: Run Behavior\BuildLiteBehavior [ RunTime:0.000033s ]
INFO: [ app_init ] --END-- [ RunTime:0.001063s ]
INFO: [ app_begin ] --START--
INFO: Run Behavior\ReadHtmlCacheBehavior [ RunTime:0.001228s ]
INFO: [ app_begin ] --END-- [ RunTime:0.001322s ]
NOTIC: [8] A session had already been started - ignoring session_start() E:\xampp\htdocs\ebay\ThinkPHP\Common\functions.php 第 1263 行.
SQL: SHOW COLUMNS FROM `goods` [ RunTime:0.0130s ]
SQL: SHOW COLUMNS FROM `goods_image` [ RunTime:0.0118s ]
SQL: SHOW COLUMNS FROM `classify` [ RunTime:0.0127s ]
SQL: SELECT * FROM `goods` WHERE `classify_id` = 4 AND `status` = 1 ORDER BY price desc LIMIT 0,20   [ RunTime:0.0006s ]
SQL: SELECT * FROM `goods_image` WHERE `goods_id` = 1  [ RunTime:0.0004s ]

[ 2017-11-29T13:12:25+08:00 ] 127.0.0.1 /Api/goods/lists?classify_parent_id=2&classify_id=4&order=2&order_type=2
INFO: [ app_init ] --START--
INFO: Run Behavior\BuildLiteBehavior [ RunTime:0.000018s ]
INFO: [ app_init ] --END-- [ RunTime:0.000675s ]
INFO: [ app_begin ] --START--
INFO: Run Behavior\ReadHtmlCacheBehavior [ RunTime:0.000817s ]
INFO: [ app_begin ] --END-- [ RunTime:0.000880s ]
NOTIC: [8] A session had already been started - ignoring session_start() E:\xampp\htdocs\ebay\ThinkPHP\Common\functions.php 第 1263 行.
SQL: SHOW COLUMNS FROM `goods` [ RunTime:0.0148s ]
SQL: SHOW COLUMNS FROM `goods_image` [ RunTime:0.0125s ]
SQL: SHOW COLUMNS FROM `classify` [ RunTime:0.0136s ]
SQL: SELECT * FROM `goods` WHERE `classify_id` = 4 AND `status` = 1 ORDER BY price desc LIMIT 0,20   [ RunTime:0.0006s ]
SQL: SELECT * FROM `goods_image` WHERE `goods_id` = 1  [ RunTime:0.0003s ]

[ 2017-11-29T13:12:27+08:00 ] 127.0.0.1 /Api/goods/lists?classify_parent_id=2&classify_id=4&order=2&order_type=2
INFO: [ app_init ] --START--
INFO: Run Behavior\BuildLiteBehavior [ RunTime:0.000018s ]
INFO: [ app_init ] --END-- [ RunTime:0.000601s ]
INFO: [ app_begin ] --START--
INFO: Run Behavior\ReadHtmlCacheBehavior [ RunTime:0.000651s ]
INFO: [ app_begin ] --END-- [ RunTime:0.000714s ]
NOTIC: [8] A session had already been started - ignoring session_start() E:\xampp\htdocs\ebay\ThinkPHP\Common\functions.php 第 1263 行.
SQL: SHOW COLUMNS FROM `goods` [ RunTime:0.0122s ]
SQL: SHOW COLUMNS FROM `goods_image` [ RunTime:0.0127s ]
SQL: SHOW COLUMNS FROM `classify` [ RunTime:0.0132s ]
SQL: SELECT * FROM `goods` WHERE `classify_id` = 4 AND `status` = 1 ORDER BY price desc LIMIT 0,20   [ RunTime:0.0005s ]
SQL: SELECT * FROM `goods_image` WHERE `goods_id` = 1  [ RunTime:0.0003s ]

[ 2017-11-29T13:12:50+08:00 ] 127.0.0.1 /Api/goods/lists?classify_parent_id=2&classify_id=4&order=2&order_type=2
INFO: [ app_init ] --START--
INFO: Run Behavior\BuildLiteBehavior [ RunTime:0.000025s ]
INFO: [ app_init ] --END-- [ RunTime:0.000582s ]
INFO: [ app_begin ] --START--
INFO: Run Behavior\ReadHtmlCacheBehavior [ RunTime:0.000664s ]
INFO: [ app_begin ] --END-- [ RunTime:0.000720s ]
NOTIC: [8] A session had already been started - ignoring session_start() E:\xampp\htdocs\ebay\ThinkPHP\Common\functions.php 第 1263 行.
SQL: SHOW COLUMNS FROM `goods` [ RunTime:0.0130s ]
SQL: SHOW COLUMNS FROM `goods_image` [ RunTime:0.0112s ]
SQL: SHOW COLUMNS FROM `classify` [ RunTime:0.0139s ]
NOTIC: [8] Undefined variable: classify E:\xampp\htdocs\ebay\Application\Api\Controller\GoodsController.class.php 第 26 行.

[ 2017-11-29T13:13:54+08:00 ] 127.0.0.1 /Api/goods/lists?classify_parent_id=2&classify_id=4&order=2&order_type=2
INFO: [ app_init ] --START--
INFO: Run Behavior\BuildLiteBehavior [ RunTime:0.000019s ]
INFO: [ app_init ] --END-- [ RunTime:0.000605s ]
INFO: [ app_begin ] --START--
INFO: Run Behavior\ReadHtmlCacheBehavior [ RunTime:0.000764s ]
INFO: [ app_begin ] --END-- [ RunTime:0.000838s ]
NOTIC: [8] A session had already been started - ignoring session_start() E:\xampp\htdocs\ebay\ThinkPHP\Common\functions.php 第 1263 行.
SQL: SHOW COLUMNS FROM `goods` [ RunTime:0.0122s ]
SQL: SHOW COLUMNS FROM `goods_image` [ RunTime:0.0133s ]
SQL: SHOW COLUMNS FROM `classify` [ RunTime:0.0120s ]
NOTIC: [8] Undefined variable: classify E:\xampp\htdocs\ebay\Application\Api\Controller\GoodsController.class.php 第 26 行.

[ 2017-11-29T13:13:55+08:00 ] 127.0.0.1 /Api/goods/lists?classify_parent_id=2&classify_id=4&order=2&order_type=2
INFO: [ app_init ] --START--
INFO: Run Behavior\BuildLiteBehavior [ RunTime:0.000019s ]
INFO: [ app_init ] --END-- [ RunTime:0.000552s ]
INFO: [ app_begin ] --START--
INFO: Run Behavior\ReadHtmlCacheBehavior [ RunTime:0.000620s ]
INFO: [ app_begin ] --END-- [ RunTime:0.000678s ]
NOTIC: [8] A session had already been started - ignoring session_start() E:\xampp\htdocs\ebay\ThinkPHP\Common\functions.php 第 1263 行.
SQL: SHOW COLUMNS FROM `goods` [ RunTime:0.0123s ]
SQL: SHOW COLUMNS FROM `goods_image` [ RunTime:0.0136s ]
SQL: SHOW COLUMNS FROM `classify` [ RunTime:0.0127s ]
NOTIC: [8] Undefined variable: classify E:\xampp\htdocs\ebay\Application\Api\Controller\GoodsController.class.php 第 26 行.

[ 2017-11-29T13:13:59+08:00 ] 127.0.0.1 /Api/goods/lists?classify_parent_id=2&classify_id=4
INFO: [ app_init ] --START--
INFO: Run Behavior\BuildLiteBehavior [ RunTime:0.000027s ]
INFO: [ app_init ] --END-- [ RunTime:0.000585s ]
INFO: [ app_begin ] --START--
INFO: Run Behavior\ReadHtmlCacheBehavior [ RunTime:0.000902s ]
INFO: [ app_begin ] --END-- [ RunTime:0.000991s ]
NOTIC: [8] A session had already been started - ignoring session_start() E:\xampp\htdocs\ebay\ThinkPHP\Common\functions.php 第 1263 行.
SQL: SHOW COLUMNS FROM `goods` [ RunTime:0.0119s ]
SQL: SHOW COLUMNS FROM `goods_image` [ RunTime:0.0129s ]
SQL: SHOW COLUMNS FROM `classify` [ RunTime:0.0115s ]
NOTIC: [8] Undefined variable: classify E:\xampp\htdocs\ebay\Application\Api\Controller\GoodsController.class.php 第 26 行.

[ 2017-11-29T13:14:50+08:00 ] 127.0.0.1 /Api/goods/lists?classify_parent_id=2&classify_id=4
INFO: [ app_init ] --START--
INFO: Run Behavior\BuildLiteBehavior [ RunTime:0.000016s ]
INFO: [ app_init ] --END-- [ RunTime:0.000585s ]
INFO: [ app_begin ] --START--
INFO: Run Behavior\ReadHtmlCacheBehavior [ RunTime:0.001070s ]
INFO: [ app_begin ] --END-- [ RunTime:0.001163s ]
NOTIC: [8] A session had already been started - ignoring session_start() E:\xampp\htdocs\ebay\ThinkPHP\Common\functions.php 第 1263 行.
SQL: SHOW COLUMNS FROM `goods` [ RunTime:0.0120s ]
SQL: SHOW COLUMNS FROM `goods_image` [ RunTime:0.0120s ]
SQL: SHOW COLUMNS FROM `classify` [ RunTime:0.0119s ]
SQL: SELECT * FROM `goods` WHERE `classify_id` = 4 AND `status` = 1 ORDER BY id asc LIMIT 0,20   [ RunTime:0.0005s ]
SQL: SELECT * FROM `goods_image` WHERE `goods_id` = 1  [ RunTime:0.0003s ]

[ 2017-11-29T13:18:55+08:00 ] 127.0.0.1 /Api/goods/lists?classify_parent_id=2&classify_id=4
INFO: [ app_init ] --START--
INFO: Run Behavior\BuildLiteBehavior [ RunTime:0.000017s ]
INFO: [ app_init ] --END-- [ RunTime:0.000665s ]
INFO: [ app_begin ] --START--
INFO: Run Behavior\ReadHtmlCacheBehavior [ RunTime:0.000829s ]
INFO: [ app_begin ] --END-- [ RunTime:0.000892s ]
NOTIC: [8] A session had already been started - ignoring session_start() E:\xampp\htdocs\ebay\ThinkPHP\Common\functions.php 第 1263 行.

[ 2017-11-29T13:19:16+08:00 ] 127.0.0.1 /Api/goods/lists?classify_parent_id=2&classify_id=4
INFO: [ app_init ] --START--
INFO: Run Behavior\BuildLiteBehavior [ RunTime:0.000016s ]
INFO: [ app_init ] --END-- [ RunTime:0.000528s ]
INFO: [ app_begin ] --START--
INFO: Run Behavior\ReadHtmlCacheBehavior [ RunTime:0.000633s ]
INFO: [ app_begin ] --END-- [ RunTime:0.000699s ]
NOTIC: [8] A session had already been started - ignoring session_start() E:\xampp\htdocs\ebay\ThinkPHP\Common\functions.php 第 1263 行.
SQL: SHOW COLUMNS FROM `goods` [ RunTime:0.0130s ]
SQL: SHOW COLUMNS FROM `goods_image` [ RunTime:0.0122s ]
SQL: SHOW COLUMNS FROM `classify` [ RunTime:0.0135s ]
SQL: SELECT * FROM `classify` WHERE `id` = 4 LIMIT 1   [ RunTime:0.0004s ]

[ 2017-11-29T13:19:42+08:00 ] 127.0.0.1 /Api/goods/lists?classify_parent_id=2&classify_id=4
INFO: [ app_init ] --START--
INFO: Run Behavior\BuildLiteBehavior [ RunTime:0.000018s ]
INFO: [ app_init ] --END-- [ RunTime:0.000604s ]
INFO: [ app_begin ] --START--
INFO: Run Behavior\ReadHtmlCacheBehavior [ RunTime:0.000797s ]
INFO: [ app_begin ] --END-- [ RunTime:0.000855s ]
NOTIC: [8] A session had already been started - ignoring session_start() E:\xampp\htdocs\ebay\ThinkPHP\Common\functions.php 第 1263 行.
SQL: SHOW COLUMNS FROM `goods` [ RunTime:0.0129s ]
SQL: SHOW COLUMNS FROM `goods_image` [ RunTime:0.0118s ]
SQL: SHOW COLUMNS FROM `classify` [ RunTime:0.0127s ]
SQL: SELECT * FROM `classify` WHERE `id` = 4 LIMIT 1   [ RunTime:0.0005s ]

[ 2017-11-29T13:19:49+08:00 ] 127.0.0.1 /Api/goods/lists?classify_parent_id=2&classify_id=4&order=2&order_type=2
INFO: [ app_init ] --START--
INFO: Run Behavior\BuildLiteBehavior [ RunTime:0.000018s ]
INFO: [ app_init ] --END-- [ RunTime:0.000549s ]
INFO: [ app_begin ] --START--
INFO: Run Behavior\ReadHtmlCacheBehavior [ RunTime:0.000632s ]
INFO: [ app_begin ] --END-- [ RunTime:0.000689s ]
NOTIC: [8] A session had already been started - ignoring session_start() E:\xampp\htdocs\ebay\ThinkPHP\Common\functions.php 第 1263 行.
SQL: SHOW COLUMNS FROM `goods` [ RunTime:0.0119s ]
SQL: SHOW COLUMNS FROM `goods_image` [ RunTime:0.0143s ]
SQL: SHOW COLUMNS FROM `classify` [ RunTime:0.0128s ]
SQL: SELECT * FROM `classify` WHERE `id` = 4 LIMIT 1   [ RunTime:0.0004s ]

[ 2017-11-29T13:20:15+08:00 ] 127.0.0.1 /Api/goods/lists?classify_parent_id=2&classify_id=4&order=2&order_type=2
INFO: [ app_init ] --START--
INFO: Run Behavior\BuildLiteBehavior [ RunTime:0.000024s ]
INFO: [ app_init ] --END-- [ RunTime:0.000572s ]
INFO: [ app_begin ] --START--
INFO: Run Behavior\ReadHtmlCacheBehavior [ RunTime:0.000900s ]
INFO: [ app_begin ] --END-- [ RunTime:0.000995s ]
NOTIC: [8] A session had already been started - ignoring session_start() E:\xampp\htdocs\ebay\ThinkPHP\Common\functions.php 第 1263 行.
SQL: SHOW COLUMNS FROM `goods` [ RunTime:0.0124s ]
SQL: SHOW COLUMNS FROM `goods_image` [ RunTime:0.0134s ]
SQL: SHOW COLUMNS FROM `classify` [ RunTime:0.0111s ]
SQL: SELECT * FROM `classify` WHERE `id` = 4 LIMIT 1   [ RunTime:0.0005s ]

[ 2017-11-29T13:20:53+08:00 ] 127.0.0.1 /Api/goods/lists?classify_parent_id=2&classify_id=4&order=2&order_type=2
INFO: [ app_init ] --START--
INFO: Run Behavior\BuildLiteBehavior [ RunTime:0.000017s ]
INFO: [ app_init ] --END-- [ RunTime:0.000561s ]
INFO: [ app_begin ] --START--
INFO: Run Behavior\ReadHtmlCacheBehavior [ RunTime:0.000692s ]
INFO: [ app_begin ] --END-- [ RunTime:0.000749s ]
NOTIC: [8] A session had already been started - ignoring session_start() E:\xampp\htdocs\ebay\ThinkPHP\Common\functions.php 第 1263 行.
SQL: SHOW COLUMNS FROM `goods` [ RunTime:0.0119s ]
SQL: SHOW COLUMNS FROM `goods_image` [ RunTime:0.0128s ]
SQL: SHOW COLUMNS FROM `classify` [ RunTime:0.0114s ]
SQL: SELECT * FROM `classify` WHERE `id` = 4 LIMIT 1   [ RunTime:0.0004s ]
SQL: SELECT * FROM `goods` WHERE `classify_id` = 4 AND `status` = 1 ORDER BY price desc LIMIT 0,20   [ RunTime:0.0004s ]
SQL: SELECT * FROM `goods_image` WHERE `goods_id` = 1  [ RunTime:0.0003s ]

[ 2017-11-29T13:21:01+08:00 ] 127.0.0.1 /Api/goods/lists?classify_parent_id=2&classify_id=4&order=2&order_type=2
INFO: [ app_init ] --START--
INFO: Run Behavior\BuildLiteBehavior [ RunTime:0.000015s ]
INFO: [ app_init ] --END-- [ RunTime:0.000522s ]
INFO: [ app_begin ] --START--
INFO: Run Behavior\ReadHtmlCacheBehavior [ RunTime:0.000685s ]
INFO: [ app_begin ] --END-- [ RunTime:0.000754s ]
NOTIC: [8] A session had already been started - ignoring session_start() E:\xampp\htdocs\ebay\ThinkPHP\Common\functions.php 第 1263 行.
SQL: SHOW COLUMNS FROM `goods` [ RunTime:0.0124s ]
SQL: SHOW COLUMNS FROM `goods_image` [ RunTime:0.0121s ]
SQL: SHOW COLUMNS FROM `classify` [ RunTime:0.0119s ]
SQL: SELECT * FROM `classify` WHERE `id` = 4 LIMIT 1   [ RunTime:0.0004s ]

[ 2017-11-29T13:21:10+08:00 ] 127.0.0.1 /Api/goods/lists?classify_parent_id=2&classify_id=4&order=2&order_type=2
INFO: [ app_init ] --START--
INFO: Run Behavior\BuildLiteBehavior [ RunTime:0.000016s ]
INFO: [ app_init ] --END-- [ RunTime:0.000535s ]
INFO: [ app_begin ] --START--
INFO: Run Behavior\ReadHtmlCacheBehavior [ RunTime:0.000882s ]
INFO: [ app_begin ] --END-- [ RunTime:0.000968s ]
NOTIC: [8] A session had already been started - ignoring session_start() E:\xampp\htdocs\ebay\ThinkPHP\Common\functions.php 第 1263 行.
SQL: SHOW COLUMNS FROM `goods` [ RunTime:0.0115s ]
SQL: SHOW COLUMNS FROM `goods_image` [ RunTime:0.0120s ]
SQL: SHOW COLUMNS FROM `classify` [ RunTime:0.0117s ]
SQL: SELECT * FROM `classify` WHERE `id` = 4 LIMIT 1   [ RunTime:0.0004s ]
SQL: SELECT * FROM `goods` WHERE `classify_id` = 4 AND `status` = 1 ORDER BY price desc LIMIT 0,20   [ RunTime:0.0004s ]
SQL: SELECT * FROM `goods_image` WHERE `goods_id` = 1  [ RunTime:0.0003s ]

[ 2017-11-29T14:08:57+08:00 ] 127.0.0.1 /Api/goods/lists?classify_parent_id=2&classify_id=4&order=2&order_type=2
INFO: [ app_init ] --START--
INFO: Run Behavior\BuildLiteBehavior [ RunTime:0.000017s ]
INFO: [ app_init ] --END-- [ RunTime:0.000624s ]
INFO: [ app_begin ] --START--
INFO: Run Behavior\ReadHtmlCacheBehavior [ RunTime:0.000788s ]
INFO: [ app_begin ] --END-- [ RunTime:0.000846s ]
NOTIC: [8] A session had already been started - ignoring session_start() E:\xampp\htdocs\ebay\ThinkPHP\Common\functions.php 第 1263 行.
SQL: SHOW COLUMNS FROM `goods` [ RunTime:0.0139s ]
SQL: SHOW COLUMNS FROM `goods_image` [ RunTime:0.0121s ]
SQL: SHOW COLUMNS FROM `classify` [ RunTime:0.0137s ]
SQL: SELECT * FROM `classify` WHERE `id` = 4 LIMIT 1   [ RunTime:0.0004s ]
SQL: SELECT * FROM `goods` WHERE `classify_id` = 4 AND `status` = 1 ORDER BY price desc LIMIT 0,20   [ RunTime:0.0004s ]
SQL: SELECT * FROM `goods_image` WHERE `goods_id` = 1  [ RunTime:0.0004s ]

[ 2017-11-29T15:03:41+08:00 ] 127.0.0.1 /Api/index/index
INFO: [ app_init ] --START--
INFO: Run Behavior\BuildLiteBehavior [ RunTime:0.000019s ]
INFO: [ app_init ] --END-- [ RunTime:0.000830s ]
INFO: [ app_begin ] --START--
INFO: Run Behavior\ReadHtmlCacheBehavior [ RunTime:0.000996s ]
INFO: [ app_begin ] --END-- [ RunTime:0.001058s ]
NOTIC: [8] A session had already been started - ignoring session_start() E:\xampp\htdocs\ebay\ThinkPHP\Common\functions.php 第 1263 行.
SQL: SHOW COLUMNS FROM `goods` [ RunTime:0.0137s ]
SQL: SHOW COLUMNS FROM `goods_image` [ RunTime:0.0131s ]
SQL: SHOW COLUMNS FROM `ad` [ RunTime:0.0126s ]
SQL: SELECT * FROM `ad` ORDER BY id asc LIMIT 0,20   [ RunTime:0.0008s ]
SQL: SELECT * FROM `goods` WHERE `status` = 1 ORDER BY id asc LIMIT 0,20   [ RunTime:0.0006s ]
SQL: SELECT * FROM `goods_image` WHERE `goods_id` = 1  [ RunTime:0.0004s ]
SQL: SELECT * FROM `goods_image` WHERE `goods_id` = 3  [ RunTime:0.0003s ]
SQL: SELECT * FROM `goods_image` WHERE `goods_id` = 5  [ RunTime:0.0003s ]
NOTIC: [8] Undefined offset: 0 E:\xampp\htdocs\ebay\Application\Api\Controller\IndexController.class.php 第 17 行.
SQL: SELECT * FROM `goods_image` WHERE `goods_id` = 6  [ RunTime:0.0003s ]

[ 2017-11-29T15:03:42+08:00 ] 127.0.0.1 /Api/index/index
INFO: [ app_init ] --START--
INFO: Run Behavior\BuildLiteBehavior [ RunTime:0.000017s ]
INFO: [ app_init ] --END-- [ RunTime:0.000578s ]
INFO: [ app_begin ] --START--
INFO: Run Behavior\ReadHtmlCacheBehavior [ RunTime:0.001452s ]
INFO: [ app_begin ] --END-- [ RunTime:0.001578s ]
NOTIC: [8] A session had already been started - ignoring session_start() E:\xampp\htdocs\ebay\ThinkPHP\Common\functions.php 第 1263 行.
SQL: SHOW COLUMNS FROM `goods` [ RunTime:0.0124s ]
SQL: SHOW COLUMNS FROM `goods_image` [ RunTime:0.0121s ]
SQL: SHOW COLUMNS FROM `ad` [ RunTime:0.0118s ]
SQL: SELECT * FROM `ad` ORDER BY id asc LIMIT 0,20   [ RunTime:0.0004s ]
SQL: SELECT * FROM `goods` WHERE `status` = 1 ORDER BY id asc LIMIT 0,20   [ RunTime:0.0005s ]
SQL: SELECT * FROM `goods_image` WHERE `goods_id` = 1  [ RunTime:0.0004s ]
SQL: SELECT * FROM `goods_image` WHERE `goods_id` = 3  [ RunTime:0.0003s ]
SQL: SELECT * FROM `goods_image` WHERE `goods_id` = 5  [ RunTime:0.0003s ]
NOTIC: [8] Undefined offset: 0 E:\xampp\htdocs\ebay\Application\Api\Controller\IndexController.class.php 第 17 行.
SQL: SELECT * FROM `goods_image` WHERE `goods_id` = 6  [ RunTime:0.0003s ]

[ 2017-11-29T15:03:47+08:00 ] 127.0.0.1 /Api/index/index
INFO: [ app_init ] --START--
INFO: Run Behavior\BuildLiteBehavior [ RunTime:0.000027s ]
INFO: [ app_init ] --END-- [ RunTime:0.000749s ]
INFO: [ app_begin ] --START--
INFO: Run Behavior\ReadHtmlCacheBehavior [ RunTime:0.001106s ]
INFO: [ app_begin ] --END-- [ RunTime:0.001188s ]
NOTIC: [8] A session had already been started - ignoring session_start() E:\xampp\htdocs\ebay\ThinkPHP\Common\functions.php 第 1263 行.
SQL: SHOW COLUMNS FROM `goods` [ RunTime:0.0150s ]
SQL: SHOW COLUMNS FROM `goods_image` [ RunTime:0.0140s ]
SQL: SHOW COLUMNS FROM `ad` [ RunTime:0.0127s ]
SQL: SELECT * FROM `ad` ORDER BY id asc LIMIT 0,20   [ RunTime:0.0004s ]
SQL: SELECT * FROM `goods` WHERE `status` = 1 ORDER BY id asc LIMIT 0,20   [ RunTime:0.0003s ]
SQL: SELECT * FROM `goods_image` WHERE `goods_id` = 1  [ RunTime:0.0003s ]
SQL: SELECT * FROM `goods_image` WHERE `goods_id` = 3  [ RunTime:0.0003s ]
SQL: SELECT * FROM `goods_image` WHERE `goods_id` = 5  [ RunTime:0.0003s ]
NOTIC: [8] Undefined offset: 0 E:\xampp\htdocs\ebay\Application\Api\Controller\IndexController.class.php 第 17 行.
SQL: SELECT * FROM `goods_image` WHERE `goods_id` = 6  [ RunTime:0.0003s ]

[ 2017-11-29T15:03:52+08:00 ] 127.0.0.1 /Api/index/index
INFO: [ app_init ] --START--
INFO: Run Behavior\BuildLiteBehavior [ RunTime:0.000017s ]
INFO: [ app_init ] --END-- [ RunTime:0.000596s ]
INFO: [ app_begin ] --START--
INFO: Run Behavior\ReadHtmlCacheBehavior [ RunTime:0.000765s ]
INFO: [ app_begin ] --END-- [ RunTime:0.000824s ]
NOTIC: [8] A session had already been started - ignoring session_start() E:\xampp\htdocs\ebay\ThinkPHP\Common\functions.php 第 1263 行.
SQL: SHOW COLUMNS FROM `goods` [ RunTime:0.0143s ]
SQL: SHOW COLUMNS FROM `goods_image` [ RunTime:0.0131s ]
SQL: SHOW COLUMNS FROM `ad` [ RunTime:0.0126s ]
SQL: SELECT * FROM `ad` ORDER BY id asc LIMIT 0,20   [ RunTime:0.0005s ]
SQL: SELECT * FROM `goods` WHERE `status` = 1 ORDER BY id asc LIMIT 0,20   [ RunTime:0.0004s ]
SQL: SELECT * FROM `goods_image` WHERE `goods_id` = 1  [ RunTime:0.0003s ]
SQL: SELECT * FROM `goods_image` WHERE `goods_id` = 3  [ RunTime:0.0003s ]
SQL: SELECT * FROM `goods_image` WHERE `goods_id` = 5  [ RunTime:0.0003s ]
NOTIC: [8] Undefined offset: 0 E:\xampp\htdocs\ebay\Application\Api\Controller\IndexController.class.php 第 17 行.
SQL: SELECT * FROM `goods_image` WHERE `goods_id` = 6  [ RunTime:0.0003s ]

[ 2017-11-29T15:03:55+08:00 ] 127.0.0.1 /Api/index/index
INFO: [ app_init ] --START--
INFO: Run Behavior\BuildLiteBehavior [ RunTime:0.000017s ]
INFO: [ app_init ] --END-- [ RunTime:0.000532s ]
INFO: [ app_begin ] --START--
INFO: Run Behavior\ReadHtmlCacheBehavior [ RunTime:0.000661s ]
INFO: [ app_begin ] --END-- [ RunTime:0.000721s ]
NOTIC: [8] A session had already been started - ignoring session_start() E:\xampp\htdocs\ebay\ThinkPHP\Common\functions.php 第 1263 行.
SQL: SHOW COLUMNS FROM `goods` [ RunTime:0.0125s ]
SQL: SHOW COLUMNS FROM `goods_image` [ RunTime:0.0125s ]
SQL: SHOW COLUMNS FROM `ad` [ RunTime:0.0112s ]
SQL: SELECT * FROM `ad` ORDER BY id asc LIMIT 0,20   [ RunTime:0.0004s ]
SQL: SELECT * FROM `goods` WHERE `status` = 1 ORDER BY id asc LIMIT 0,20   [ RunTime:0.0004s ]
SQL: SELECT * FROM `goods_image` WHERE `goods_id` = 1  [ RunTime:0.0003s ]
SQL: SELECT * FROM `goods_image` WHERE `goods_id` = 3  [ RunTime:0.0005s ]
SQL: SELECT * FROM `goods_image` WHERE `goods_id` = 5  [ RunTime:0.0005s ]
NOTIC: [8] Undefined offset: 0 E:\xampp\htdocs\ebay\Application\Api\Controller\IndexController.class.php 第 17 行.
SQL: SELECT * FROM `goods_image` WHERE `goods_id` = 6  [ RunTime:0.0003s ]

[ 2017-11-29T15:04:07+08:00 ] 127.0.0.1 /Api/index/index
INFO: [ app_init ] --START--
INFO: Run Behavior\BuildLiteBehavior [ RunTime:0.000018s ]
INFO: [ app_init ] --END-- [ RunTime:0.000644s ]
INFO: [ app_begin ] --START--
INFO: Run Behavior\ReadHtmlCacheBehavior [ RunTime:0.000687s ]
INFO: [ app_begin ] --END-- [ RunTime:0.000745s ]
NOTIC: [8] A session had already been started - ignoring session_start() E:\xampp\htdocs\ebay\ThinkPHP\Common\functions.php 第 1263 行.
SQL: SHOW COLUMNS FROM `goods` [ RunTime:0.0150s ]
SQL: SHOW COLUMNS FROM `goods_image` [ RunTime:0.0123s ]
SQL: SHOW COLUMNS FROM `ad` [ RunTime:0.0121s ]
SQL: SELECT * FROM `ad` ORDER BY id asc LIMIT 0,20   [ RunTime:0.0007s ]
SQL: SELECT * FROM `goods` WHERE `status` = 1 ORDER BY id asc LIMIT 0,20   [ RunTime:0.0009s ]
SQL: SELECT * FROM `goods_image` WHERE `goods_id` = 1  [ RunTime:0.0005s ]
SQL: SELECT * FROM `goods_image` WHERE `goods_id` = 3  [ RunTime:0.0006s ]
SQL: SELECT * FROM `goods_image` WHERE `goods_id` = 5  [ RunTime:0.0005s ]
NOTIC: [8] Undefined offset: 0 E:\xampp\htdocs\ebay\Application\Api\Controller\IndexController.class.php 第 17 行.
SQL: SELECT * FROM `goods_image` WHERE `goods_id` = 6  [ RunTime:0.0004s ]

[ 2017-11-29T15:04:13+08:00 ] 127.0.0.1 /Api/index/index
INFO: [ app_init ] --START--
INFO: Run Behavior\BuildLiteBehavior [ RunTime:0.000017s ]
INFO: [ app_init ] --END-- [ RunTime:0.000543s ]
INFO: [ app_begin ] --START--
INFO: Run Behavior\ReadHtmlCacheBehavior [ RunTime:0.000801s ]
INFO: [ app_begin ] --END-- [ RunTime:0.000877s ]
NOTIC: [8] A session had already been started - ignoring session_start() E:\xampp\htdocs\ebay\ThinkPHP\Common\functions.php 第 1263 行.
SQL: SHOW COLUMNS FROM `goods` [ RunTime:0.0132s ]
SQL: SHOW COLUMNS FROM `goods_image` [ RunTime:0.0125s ]
SQL: SHOW COLUMNS FROM `ad` [ RunTime:0.0127s ]
SQL: SELECT * FROM `ad` ORDER BY id asc LIMIT 0,20   [ RunTime:0.0004s ]
SQL: SELECT * FROM `goods` WHERE `status` = 1 ORDER BY id asc LIMIT 0,20   [ RunTime:0.0004s ]
SQL: SELECT * FROM `goods_image` WHERE `goods_id` = 1  [ RunTime:0.0003s ]
SQL: SELECT * FROM `goods_image` WHERE `goods_id` = 3  [ RunTime:0.0003s ]
SQL: SELECT * FROM `goods_image` WHERE `goods_id` = 5  [ RunTime:0.0002s ]
NOTIC: [8] Undefined offset: 0 E:\xampp\htdocs\ebay\Application\Api\Controller\IndexController.class.php 第 17 行.
SQL: SELECT * FROM `goods_image` WHERE `goods_id` = 6  [ RunTime:0.0003s ]

[ 2017-11-29T15:05:20+08:00 ] 127.0.0.1 /Api/index/index
INFO: [ app_init ] --START--
INFO: Run Behavior\BuildLiteBehavior [ RunTime:0.000025s ]
INFO: [ app_init ] --END-- [ RunTime:0.000813s ]
INFO: [ app_begin ] --START--
INFO: Run Behavior\ReadHtmlCacheBehavior [ RunTime:0.001034s ]
INFO: [ app_begin ] --END-- [ RunTime:0.001106s ]
NOTIC: [8] A session had already been started - ignoring session_start() E:\xampp\htdocs\ebay\ThinkPHP\Common\functions.php 第 1263 行.
SQL: SHOW COLUMNS FROM `goods` [ RunTime:0.0133s ]
SQL: SHOW COLUMNS FROM `goods_image` [ RunTime:0.0117s ]
SQL: SHOW COLUMNS FROM `ad` [ RunTime:0.0113s ]
SQL: SELECT * FROM `ad` ORDER BY id asc LIMIT 0,20   [ RunTime:0.0007s ]
SQL: SELECT * FROM `goods` WHERE `status` = 1 ORDER BY id asc LIMIT 0,20   [ RunTime:0.0006s ]
SQL: SELECT * FROM `goods_image` WHERE `goods_id` = 1  [ RunTime:0.0005s ]
SQL: SELECT * FROM `goods_image` WHERE `goods_id` = 3  [ RunTime:0.0005s ]
SQL: SELECT * FROM `goods_image` WHERE `goods_id` = 5  [ RunTime:0.0004s ]
SQL: SELECT * FROM `goods_image` WHERE `goods_id` = 6  [ RunTime:0.0004s ]

[ 2017-11-29T15:07:14+08:00 ] 127.0.0.1 /Api/index/index
INFO: [ app_init ] --START--
INFO: Run Behavior\BuildLiteBehavior [ RunTime:0.000029s ]
INFO: [ app_init ] --END-- [ RunTime:0.000845s ]
INFO: [ app_begin ] --START--
INFO: Run Behavior\ReadHtmlCacheBehavior [ RunTime:0.000794s ]
INFO: [ app_begin ] --END-- [ RunTime:0.000861s ]
NOTIC: [8] A session had already been started - ignoring session_start() E:\xampp\htdocs\ebay\ThinkPHP\Common\functions.php 第 1263 行.
SQL: SHOW COLUMNS FROM `goods` [ RunTime:0.0130s ]
SQL: SHOW COLUMNS FROM `goods_image` [ RunTime:0.0120s ]
SQL: SHOW COLUMNS FROM `ad` [ RunTime:0.0133s ]
SQL: SELECT * FROM `ad` ORDER BY id asc LIMIT 0,20   [ RunTime:0.0005s ]
SQL: SELECT * FROM `goods` WHERE `status` = 1 ORDER BY id asc LIMIT 0,20   [ RunTime:0.0004s ]
SQL: SELECT * FROM `goods_image` WHERE `goods_id` = 1  [ RunTime:0.0004s ]
SQL: SELECT * FROM `goods_image` WHERE `goods_id` = 3  [ RunTime:0.0003s ]
SQL: SELECT * FROM `goods_image` WHERE `goods_id` = 5  [ RunTime:0.0004s ]
SQL: SELECT * FROM `goods_image` WHERE `goods_id` = 6  [ RunTime:0.0003s ]

[ 2017-11-29T15:07:23+08:00 ] 127.0.0.1 /Api/goods/lists?classify_parent_id=2
INFO: [ app_init ] --START--
INFO: Run Behavior\BuildLiteBehavior [ RunTime:0.000018s ]
INFO: [ app_init ] --END-- [ RunTime:0.000798s ]
INFO: [ app_begin ] --START--
INFO: Run Behavior\ReadHtmlCacheBehavior [ RunTime:0.000619s ]
INFO: [ app_begin ] --END-- [ RunTime:0.000678s ]
NOTIC: [8] A session had already been started - ignoring session_start() E:\xampp\htdocs\ebay\ThinkPHP\Common\functions.php 第 1263 行.
SQL: SHOW COLUMNS FROM `goods` [ RunTime:0.0128s ]
SQL: SHOW COLUMNS FROM `goods_image` [ RunTime:0.0124s ]
SQL: SHOW COLUMNS FROM `classify` [ RunTime:0.0115s ]
SQL: SELECT * FROM `classify` WHERE `id` = 0 LIMIT 1   [ RunTime:0.0004s ]

[ 2017-11-29T15:07:28+08:00 ] 127.0.0.1 /Api/goods/lists?classify_parent_id=4
INFO: [ app_init ] --START--
INFO: Run Behavior\BuildLiteBehavior [ RunTime:0.000018s ]
INFO: [ app_init ] --END-- [ RunTime:0.000596s ]
INFO: [ app_begin ] --START--
INFO: Run Behavior\ReadHtmlCacheBehavior [ RunTime:0.000815s ]
INFO: [ app_begin ] --END-- [ RunTime:0.000910s ]
NOTIC: [8] A session had already been started - ignoring session_start() E:\xampp\htdocs\ebay\ThinkPHP\Common\functions.php 第 1263 行.
SQL: SHOW COLUMNS FROM `goods` [ RunTime:0.0136s ]
SQL: SHOW COLUMNS FROM `goods_image` [ RunTime:0.0118s ]
SQL: SHOW COLUMNS FROM `classify` [ RunTime:0.0117s ]
SQL: SELECT * FROM `classify` WHERE `id` = 0 LIMIT 1   [ RunTime:0.0004s ]

[ 2017-11-29T15:07:56+08:00 ] 127.0.0.1 /Api/goods/lists?classify_parent_id=4
INFO: [ app_init ] --START--
INFO: Run Behavior\BuildLiteBehavior [ RunTime:0.000028s ]
INFO: [ app_init ] --END-- [ RunTime:0.000810s ]
INFO: [ app_begin ] --START--
INFO: Run Behavior\ReadHtmlCacheBehavior [ RunTime:0.000682s ]
INFO: [ app_begin ] --END-- [ RunTime:0.000747s ]
NOTIC: [8] A session had already been started - ignoring session_start() E:\xampp\htdocs\ebay\ThinkPHP\Common\functions.php 第 1263 行.
SQL: SHOW COLUMNS FROM `goods` [ RunTime:0.0136s ]
SQL: SHOW COLUMNS FROM `goods_image` [ RunTime:0.0138s ]
SQL: SHOW COLUMNS FROM `classify` [ RunTime:0.0159s ]
SQL: SELECT * FROM `classify` WHERE `id` = 0 LIMIT 1   [ RunTime:0.0004s ]

[ 2017-11-29T15:08:22+08:00 ] 127.0.0.1 /Api/goods/lists?classify_parent_id=4
INFO: [ app_init ] --START--
INFO: Run Behavior\BuildLiteBehavior [ RunTime:0.000017s ]
INFO: [ app_init ] --END-- [ RunTime:0.000571s ]
INFO: [ app_begin ] --START--
INFO: Run Behavior\ReadHtmlCacheBehavior [ RunTime:0.000866s ]
INFO: [ app_begin ] --END-- [ RunTime:0.000960s ]
NOTIC: [8] A session had already been started - ignoring session_start() E:\xampp\htdocs\ebay\ThinkPHP\Common\functions.php 第 1263 行.
SQL: SHOW COLUMNS FROM `goods` [ RunTime:0.0131s ]
SQL: SHOW COLUMNS FROM `goods_image` [ RunTime:0.0134s ]
SQL: SHOW COLUMNS FROM `classify` [ RunTime:0.0123s ]
SQL: SELECT * FROM `classify` WHERE `id` = 0 LIMIT 1   [ RunTime:0.0004s ]

[ 2017-11-29T15:08:36+08:00 ] 127.0.0.1 /Api/goods/lists?classify_parent_id=2&classify_id=4&order=2&order_type=2
INFO: [ app_init ] --START--
INFO: Run Behavior\BuildLiteBehavior [ RunTime:0.000017s ]
INFO: [ app_init ] --END-- [ RunTime:0.000548s ]
INFO: [ app_begin ] --START--
INFO: Run Behavior\ReadHtmlCacheBehavior [ RunTime:0.000633s ]
INFO: [ app_begin ] --END-- [ RunTime:0.000691s ]
NOTIC: [8] A session had already been started - ignoring session_start() E:\xampp\htdocs\ebay\ThinkPHP\Common\functions.php 第 1263 行.
SQL: SHOW COLUMNS FROM `goods` [ RunTime:0.0132s ]
SQL: SHOW COLUMNS FROM `goods_image` [ RunTime:0.0126s ]
SQL: SHOW COLUMNS FROM `classify` [ RunTime:0.0124s ]
SQL: SELECT * FROM `classify` WHERE `id` = 4 LIMIT 1   [ RunTime:0.0004s ]
SQL: SELECT * FROM `goods` WHERE `classify_id` = 4 AND `status` = 1 ORDER BY price desc LIMIT 0,20   [ RunTime:0.0004s ]
SQL: SELECT * FROM `goods_image` WHERE `goods_id` = 1  [ RunTime:0.0003s ]
SQL: SELECT * FROM `goods_image` WHERE `goods_id` = 2  [ RunTime:0.0004s ]

[ 2017-11-29T15:09:06+08:00 ] 127.0.0.1 /Api/goods/lists?classify_parent_id=1&classify_id=3
INFO: [ app_init ] --START--
INFO: Run Behavior\BuildLiteBehavior [ RunTime:0.000027s ]
INFO: [ app_init ] --END-- [ RunTime:0.000872s ]
INFO: [ app_begin ] --START--
INFO: Run Behavior\ReadHtmlCacheBehavior [ RunTime:0.000938s ]
INFO: [ app_begin ] --END-- [ RunTime:0.001038s ]
NOTIC: [8] A session had already been started - ignoring session_start() E:\xampp\htdocs\ebay\ThinkPHP\Common\functions.php 第 1263 行.
SQL: SHOW COLUMNS FROM `goods` [ RunTime:0.0178s ]
SQL: SHOW COLUMNS FROM `goods_image` [ RunTime:0.0170s ]
SQL: SHOW COLUMNS FROM `classify` [ RunTime:0.0145s ]
SQL: SELECT * FROM `classify` WHERE `id` = 3 LIMIT 1   [ RunTime:0.0004s ]
SQL: SELECT * FROM `goods` WHERE `classify_id` = 3 AND `status` = 1 ORDER BY id asc LIMIT 0,20   [ RunTime:0.0004s ]
SQL: SELECT * FROM `goods_image` WHERE `goods_id` = 6  [ RunTime:0.0003s ]

[ 2017-11-29T15:09:23+08:00 ] 127.0.0.1 /Api/goods/lists?classify_parent_id=1&classify_id=3
INFO: [ app_init ] --START--
INFO: Run Behavior\BuildLiteBehavior [ RunTime:0.000021s ]
INFO: [ app_init ] --END-- [ RunTime:0.000863s ]
INFO: [ app_begin ] --START--
INFO: Run Behavior\ReadHtmlCacheBehavior [ RunTime:0.000741s ]
INFO: [ app_begin ] --END-- [ RunTime:0.000809s ]
NOTIC: [8] A session had already been started - ignoring session_start() E:\xampp\htdocs\ebay\ThinkPHP\Common\functions.php 第 1263 行.
SQL: SHOW COLUMNS FROM `goods` [ RunTime:0.0146s ]
SQL: SHOW COLUMNS FROM `goods_image` [ RunTime:0.0129s ]
SQL: SHOW COLUMNS FROM `classify` [ RunTime:0.0134s ]
SQL: SELECT * FROM `classify` WHERE `id` = 3 LIMIT 1   [ RunTime:0.0004s ]
SQL: SELECT * FROM `goods` WHERE `classify_id` = 3 AND `status` = 1 ORDER BY id asc LIMIT 0,20   [ RunTime:0.0005s ]
SQL: SELECT * FROM `goods_image` WHERE `goods_id` = 6  [ RunTime:0.0009s ]
SQL: SELECT * FROM `goods_image` WHERE `goods_id` = 7  [ RunTime:0.0006s ]
SQL: SELECT * FROM `goods_image` WHERE `goods_id` = 8  [ RunTime:0.0006s ]

[ 2017-11-29T15:10:30+08:00 ] 127.0.0.1 /Api/goods/info?id=111
INFO: [ app_init ] --START--
INFO: Run Behavior\BuildLiteBehavior [ RunTime:0.000024s ]
INFO: [ app_init ] --END-- [ RunTime:0.000758s ]
INFO: [ app_begin ] --START--
INFO: Run Behavior\ReadHtmlCacheBehavior [ RunTime:0.000822s ]
INFO: [ app_begin ] --END-- [ RunTime:0.000896s ]
NOTIC: [8] A session had already been started - ignoring session_start() E:\xampp\htdocs\ebay\ThinkPHP\Common\functions.php 第 1263 行.
SQL: SHOW COLUMNS FROM `goods` [ RunTime:0.0145s ]
SQL: SHOW COLUMNS FROM `goods_image` [ RunTime:0.0160s ]
SQL: SELECT * FROM `goods` WHERE `id` = 111 LIMIT 1   [ RunTime:0.0005s ]
SQL: SELECT * FROM `goods_image` WHERE `goods_id` = 111  [ RunTime:0.0003s ]
NOTIC: [8] Undefined variable: key E:\xampp\htdocs\ebay\Application\Api\Controller\GoodsController.class.php 第 70 行.

[ 2017-11-29T15:10:47+08:00 ] 127.0.0.1 /Api/goods/info?id=11
INFO: [ app_init ] --START--
INFO: Run Behavior\BuildLiteBehavior [ RunTime:0.000017s ]
INFO: [ app_init ] --END-- [ RunTime:0.000601s ]
INFO: [ app_begin ] --START--
INFO: Run Behavior\ReadHtmlCacheBehavior [ RunTime:0.000801s ]
INFO: [ app_begin ] --END-- [ RunTime:0.000864s ]
NOTIC: [8] A session had already been started - ignoring session_start() E:\xampp\htdocs\ebay\ThinkPHP\Common\functions.php 第 1263 行.
SQL: SHOW COLUMNS FROM `goods` [ RunTime:0.0127s ]
SQL: SHOW COLUMNS FROM `goods_image` [ RunTime:0.0119s ]
SQL: SELECT * FROM `goods` WHERE `id` = 11 LIMIT 1   [ RunTime:0.0004s ]
SQL: SELECT * FROM `goods_image` WHERE `goods_id` = 11  [ RunTime:0.0003s ]
NOTIC: [8] Undefined variable: key E:\xampp\htdocs\ebay\Application\Api\Controller\GoodsController.class.php 第 70 行.

