[ 2018-01-15T15:20:52+08:00 ] 127.0.0.1 /api/user/login
INFO: [ app_init ] --START--
INFO: Run Behavior\BuildLiteBehavior [ RunTime:0.000022s ]
INFO: [ app_init ] --END-- [ RunTime:0.010156s ]
INFO: [ app_begin ] --START--
INFO: Run Behavior\ReadHtmlCacheBehavior [ RunTime:0.001385s ]
INFO: [ app_begin ] --END-- [ RunTime:0.001459s ]
NOTIC: [8] A session had already been started - ignoring session_start() E:\xampp\htdocs\ebay\ThinkPHP\Common\functions.php 第 1263 行.
INFO: [ view_parse ] --START--
INFO: [ template_filter ] --START--
INFO: Run Behavior\ContentReplaceBehavior [ RunTime:0.034817s ]
INFO: [ template_filter ] --END-- [ RunTime:0.034901s ]
INFO: Run Behavior\ParseTemplateBehavior [ RunTime:0.089230s ]
INFO: [ view_parse ] --END-- [ RunTime:0.089313s ]
INFO: [ view_filter ] --START--
INFO: Run Behavior\WriteHtmlCacheBehavior [ RunTime:0.001069s ]
INFO: [ view_filter ] --END-- [ RunTime:0.001116s ]
INFO: [ app_end ] --START--
INFO: Run Behavior\ShowPageTraceBehavior [ RunTime:0.001284s ]
INFO: [ app_end ] --END-- [ RunTime:0.001335s ]

[ 2018-01-15T15:20:54+08:00 ] 127.0.0.1 /api/user/verifyCode
INFO: [ app_init ] --START--
INFO: Run Behavior\BuildLiteBehavior [ RunTime:0.000018s ]
INFO: [ app_init ] --END-- [ RunTime:0.000855s ]
INFO: [ app_begin ] --START--
INFO: Run Behavior\ReadHtmlCacheBehavior [ RunTime:0.000753s ]
INFO: [ app_begin ] --END-- [ RunTime:0.000833s ]
NOTIC: [8] A session had already been started - ignoring session_start() E:\xampp\htdocs\ebay\ThinkPHP\Common\functions.php 第 1263 行.
INFO: [ app_end ] --START--
INFO: Run Behavior\ShowPageTraceBehavior [ RunTime:0.000910s ]
INFO: [ app_end ] --END-- [ RunTime:0.000995s ]

[ 2018-01-15T15:21:14+08:00 ] 127.0.0.1 /Api/User/verifyCode/v/0.9755004456545033
INFO: [ app_init ] --START--
INFO: Run Behavior\BuildLiteBehavior [ RunTime:0.000017s ]
INFO: [ app_init ] --END-- [ RunTime:0.000622s ]
INFO: [ app_begin ] --START--
INFO: Run Behavior\ReadHtmlCacheBehavior [ RunTime:0.000948s ]
INFO: [ app_begin ] --END-- [ RunTime:0.001029s ]
NOTIC: [8] A session had already been started - ignoring session_start() E:\xampp\htdocs\ebay\ThinkPHP\Common\functions.php 第 1263 行.
INFO: [ app_end ] --START--
INFO: Run Behavior\ShowPageTraceBehavior [ RunTime:0.000877s ]
INFO: [ app_end ] --END-- [ RunTime:0.000951s ]

[ 2018-01-15T15:21:14+08:00 ] 127.0.0.1 /Api/User/verifyCode/v/0.7807884496177386
INFO: [ app_init ] --START--
INFO: Run Behavior\BuildLiteBehavior [ RunTime:0.000016s ]
INFO: [ app_init ] --END-- [ RunTime:0.000544s ]
INFO: [ app_begin ] --START--
INFO: Run Behavior\ReadHtmlCacheBehavior [ RunTime:0.000643s ]
INFO: [ app_begin ] --END-- [ RunTime:0.000702s ]
NOTIC: [8] A session had already been started - ignoring session_start() E:\xampp\htdocs\ebay\ThinkPHP\Common\functions.php 第 1263 行.
INFO: [ app_end ] --START--
INFO: Run Behavior\ShowPageTraceBehavior [ RunTime:0.000729s ]
INFO: [ app_end ] --END-- [ RunTime:0.000794s ]

[ 2018-01-15T15:21:15+08:00 ] 127.0.0.1 /Api/User/verifyCode/v/0.6798684453893904
INFO: [ app_init ] --START--
INFO: Run Behavior\BuildLiteBehavior [ RunTime:0.000016s ]
INFO: [ app_init ] --END-- [ RunTime:0.000568s ]
INFO: [ app_begin ] --START--
INFO: Run Behavior\ReadHtmlCacheBehavior [ RunTime:0.000644s ]
INFO: [ app_begin ] --END-- [ RunTime:0.000705s ]
NOTIC: [8] A session had already been started - ignoring session_start() E:\xampp\htdocs\ebay\ThinkPHP\Common\functions.php 第 1263 行.
INFO: [ app_end ] --START--
INFO: Run Behavior\ShowPageTraceBehavior [ RunTime:0.000862s ]
INFO: [ app_end ] --END-- [ RunTime:0.000944s ]

[ 2018-01-15T15:22:15+08:00 ] 127.0.0.1 /Api/User/verifyCode/v/0.889487864797484
INFO: [ app_init ] --START--
INFO: Run Behavior\BuildLiteBehavior [ RunTime:0.000015s ]
INFO: [ app_init ] --END-- [ RunTime:0.000581s ]
INFO: [ app_begin ] --START--
INFO: Run Behavior\ReadHtmlCacheBehavior [ RunTime:0.000665s ]
INFO: [ app_begin ] --END-- [ RunTime:0.000722s ]
NOTIC: [8] A session had already been started - ignoring session_start() E:\xampp\htdocs\ebay\ThinkPHP\Common\functions.php 第 1263 行.
INFO: [ app_end ] --START--
INFO: Run Behavior\ShowPageTraceBehavior [ RunTime:0.000808s ]
INFO: [ app_end ] --END-- [ RunTime:0.000880s ]

[ 2018-01-15T15:22:15+08:00 ] 127.0.0.1 /Api/User/verifyCode/v/0.5532088156197292
INFO: [ app_init ] --START--
INFO: Run Behavior\BuildLiteBehavior [ RunTime:0.000015s ]
INFO: [ app_init ] --END-- [ RunTime:0.000531s ]
INFO: [ app_begin ] --START--
INFO: Run Behavior\ReadHtmlCacheBehavior [ RunTime:0.000617s ]
INFO: [ app_begin ] --END-- [ RunTime:0.000673s ]
NOTIC: [8] A session had already been started - ignoring session_start() E:\xampp\htdocs\ebay\ThinkPHP\Common\functions.php 第 1263 行.
INFO: [ app_end ] --START--
INFO: Run Behavior\ShowPageTraceBehavior [ RunTime:0.000694s ]
INFO: [ app_end ] --END-- [ RunTime:0.000756s ]

[ 2018-01-15T15:22:16+08:00 ] 127.0.0.1 /Api/User/verifyCode/v/0.1845305608094694
INFO: [ app_init ] --START--
INFO: Run Behavior\BuildLiteBehavior [ RunTime:0.000016s ]
INFO: [ app_init ] --END-- [ RunTime:0.000599s ]
INFO: [ app_begin ] --START--
INFO: Run Behavior\ReadHtmlCacheBehavior [ RunTime:0.000650s ]
INFO: [ app_begin ] --END-- [ RunTime:0.000706s ]
NOTIC: [8] A session had already been started - ignoring session_start() E:\xampp\htdocs\ebay\ThinkPHP\Common\functions.php 第 1263 行.
INFO: [ app_end ] --START--
INFO: Run Behavior\ShowPageTraceBehavior [ RunTime:0.000733s ]
INFO: [ app_end ] --END-- [ RunTime:0.000801s ]

[ 2018-01-15T15:22:24+08:00 ] 127.0.0.1 /api/user/doLogin?email=13244237632&password=123456a&verifyCode=xhfz
INFO: [ app_init ] --START--
INFO: Run Behavior\BuildLiteBehavior [ RunTime:0.000016s ]
INFO: [ app_init ] --END-- [ RunTime:0.000615s ]
INFO: [ app_begin ] --START--
INFO: Run Behavior\ReadHtmlCacheBehavior [ RunTime:0.000653s ]
INFO: [ app_begin ] --END-- [ RunTime:0.000713s ]
NOTIC: [8] A session had already been started - ignoring session_start() E:\xampp\htdocs\ebay\ThinkPHP\Common\functions.php 第 1263 行.
SQL: SHOW COLUMNS FROM `user` [ RunTime:0.0036s ]
SQL: SELECT * FROM `user` WHERE ( email = '13244237632' ) LIMIT 1   [ RunTime:0.0006s ]

[ 2018-01-15T15:22:26+08:00 ] 127.0.0.1 /api/user/verifyCode
INFO: [ app_init ] --START--
INFO: Run Behavior\BuildLiteBehavior [ RunTime:0.000027s ]
INFO: [ app_init ] --END-- [ RunTime:0.000824s ]
INFO: [ app_begin ] --START--
INFO: Run Behavior\ReadHtmlCacheBehavior [ RunTime:0.000982s ]
INFO: [ app_begin ] --END-- [ RunTime:0.001086s ]
NOTIC: [8] A session had already been started - ignoring session_start() E:\xampp\htdocs\ebay\ThinkPHP\Common\functions.php 第 1263 行.
INFO: [ app_end ] --START--
INFO: Run Behavior\ShowPageTraceBehavior [ RunTime:0.000813s ]
INFO: [ app_end ] --END-- [ RunTime:0.000891s ]

[ 2018-01-15T15:22:35+08:00 ] 127.0.0.1 /Api/User/verifyCode/v/0.06391444342053898
INFO: [ app_init ] --START--
INFO: Run Behavior\BuildLiteBehavior [ RunTime:0.000017s ]
INFO: [ app_init ] --END-- [ RunTime:0.000600s ]
INFO: [ app_begin ] --START--
INFO: Run Behavior\ReadHtmlCacheBehavior [ RunTime:0.000755s ]
INFO: [ app_begin ] --END-- [ RunTime:0.000818s ]
NOTIC: [8] A session had already been started - ignoring session_start() E:\xampp\htdocs\ebay\ThinkPHP\Common\functions.php 第 1263 行.
INFO: [ app_end ] --START--
INFO: Run Behavior\ShowPageTraceBehavior [ RunTime:0.000948s ]
INFO: [ app_end ] --END-- [ RunTime:0.001021s ]

[ 2018-01-15T15:22:36+08:00 ] 127.0.0.1 /Api/User/verifyCode/v/0.8615250332885378
INFO: [ app_init ] --START--
INFO: Run Behavior\BuildLiteBehavior [ RunTime:0.000015s ]
INFO: [ app_init ] --END-- [ RunTime:0.000556s ]
INFO: [ app_begin ] --START--
INFO: Run Behavior\ReadHtmlCacheBehavior [ RunTime:0.000690s ]
INFO: [ app_begin ] --END-- [ RunTime:0.000752s ]
NOTIC: [8] A session had already been started - ignoring session_start() E:\xampp\htdocs\ebay\ThinkPHP\Common\functions.php 第 1263 行.
INFO: [ app_end ] --START--
INFO: Run Behavior\ShowPageTraceBehavior [ RunTime:0.001103s ]
INFO: [ app_end ] --END-- [ RunTime:0.001201s ]

[ 2018-01-15T15:22:45+08:00 ] 127.0.0.1 /api/user/doLogin?email=329944908%40qq.com&password=123456a&verifyCode=v2pn
INFO: [ app_init ] --START--
INFO: Run Behavior\BuildLiteBehavior [ RunTime:0.000026s ]
INFO: [ app_init ] --END-- [ RunTime:0.000664s ]
INFO: [ app_begin ] --START--
INFO: Run Behavior\ReadHtmlCacheBehavior [ RunTime:0.000771s ]
INFO: [ app_begin ] --END-- [ RunTime:0.000834s ]
NOTIC: [8] A session had already been started - ignoring session_start() E:\xampp\htdocs\ebay\ThinkPHP\Common\functions.php 第 1263 行.
SQL: SHOW COLUMNS FROM `user` [ RunTime:0.0026s ]
SQL: SELECT * FROM `user` WHERE ( email = '329944908@qq.com' ) LIMIT 1   [ RunTime:0.0004s ]
INFO: [ view_parse ] --START--
INFO: [ template_filter ] --START--
INFO: Run Behavior\ContentReplaceBehavior [ RunTime:0.000059s ]
INFO: [ template_filter ] --END-- [ RunTime:0.000122s ]
INFO: Run Behavior\ParseTemplateBehavior [ RunTime:0.049424s ]
INFO: [ view_parse ] --END-- [ RunTime:0.049514s ]
INFO: [ view_filter ] --START--
INFO: Run Behavior\WriteHtmlCacheBehavior [ RunTime:0.000548s ]
INFO: [ view_filter ] --END-- [ RunTime:0.000597s ]
INFO: [ app_end ] --START--
INFO: Run Behavior\ShowPageTraceBehavior [ RunTime:0.000674s ]
INFO: [ app_end ] --END-- [ RunTime:0.000721s ]

[ 2018-01-15T15:22:47+08:00 ] 127.0.0.1 /api/Index/index
INFO: [ app_init ] --START--
INFO: Run Behavior\BuildLiteBehavior [ RunTime:0.000018s ]
INFO: [ app_init ] --END-- [ RunTime:0.000682s ]
INFO: [ app_begin ] --START--
INFO: Run Behavior\ReadHtmlCacheBehavior [ RunTime:0.000762s ]
INFO: [ app_begin ] --END-- [ RunTime:0.000824s ]
NOTIC: [8] A session had already been started - ignoring session_start() E:\xampp\htdocs\ebay\ThinkPHP\Common\functions.php 第 1263 行.
SQL: SHOW COLUMNS FROM `goods` [ RunTime:0.0227s ]
SQL: SHOW COLUMNS FROM `goods_image` [ RunTime:0.0312s ]
SQL: SHOW COLUMNS FROM `ad` [ RunTime:0.0323s ]
SQL: SHOW COLUMNS FROM `classify` [ RunTime:0.0228s ]
SQL: SELECT * FROM `ad` WHERE `status` = 1 ORDER BY id asc LIMIT 0,20   [ RunTime:0.0190s ]
SQL: SELECT * FROM `classify` WHERE ( parent_id=0 )  [ RunTime:0.0005s ]
SQL: SELECT * FROM `classify` WHERE ( parent_id=27 )  [ RunTime:0.0004s ]
SQL: SELECT * FROM `classify` WHERE ( parent_id=34 )  [ RunTime:0.0004s ]
SQL: SELECT * FROM `classify` WHERE ( parent_id=43 )  [ RunTime:0.0003s ]
SQL: SELECT * FROM `classify` WHERE ( parent_id=28 )  [ RunTime:0.0003s ]
SQL: SELECT * FROM `classify` WHERE ( parent_id=48 )  [ RunTime:0.0003s ]
SQL: SELECT * FROM `classify` WHERE ( parent_id=49 )  [ RunTime:0.0003s ]
SQL: SELECT * FROM `classify` WHERE ( parent_id=29 )  [ RunTime:0.0003s ]
SQL: SELECT * FROM `classify` WHERE ( parent_id=45 )  [ RunTime:0.0003s ]
SQL: SELECT * FROM `classify` WHERE ( parent_id=46 )  [ RunTime:0.0003s ]
SQL: SELECT * FROM `classify` WHERE ( parent_id=47 )  [ RunTime:0.0003s ]
SQL: SELECT * FROM `classify` WHERE ( parent_id=30 )  [ RunTime:0.0003s ]
SQL: SELECT * FROM `classify` WHERE ( parent_id=50 )  [ RunTime:0.0003s ]
SQL: SELECT * FROM `classify` WHERE ( parent_id=51 )  [ RunTime:0.0003s ]
SQL: SELECT * FROM `classify` WHERE ( parent_id=52 )  [ RunTime:0.0003s ]
SQL: SELECT * FROM `classify` WHERE ( parent_id=53 )  [ RunTime:0.0003s ]
SQL: SELECT * FROM `classify` WHERE ( parent_id=31 )  [ RunTime:0.0003s ]
SQL: SELECT * FROM `classify` WHERE ( parent_id=54 )  [ RunTime:0.0003s ]
SQL: SELECT * FROM `classify` WHERE ( parent_id=55 )  [ RunTime:0.0003s ]
SQL: SELECT * FROM `classify` WHERE ( parent_id=56 )  [ RunTime:0.0003s ]
SQL: SELECT * FROM `classify` WHERE ( parent_id=32 )  [ RunTime:0.0004s ]
SQL: SELECT * FROM `classify` WHERE ( parent_id=57 )  [ RunTime:0.0004s ]
SQL: SELECT * FROM `classify` WHERE ( parent_id=58 )  [ RunTime:0.0003s ]
SQL: SELECT * FROM `classify` WHERE ( parent_id=59 )  [ RunTime:0.0003s ]
SQL: SELECT * FROM `classify` WHERE ( parent_id=33 )  [ RunTime:0.0003s ]
SQL: SELECT * FROM `classify` WHERE ( parent_id=36 )  [ RunTime:0.0003s ]
SQL: SELECT * FROM `classify` WHERE ( parent_id=37 )  [ RunTime:0.0003s ]
SQL: SELECT * FROM `goods` WHERE `status` = 1 ORDER BY id asc LIMIT 0,20   [ RunTime:0.0142s ]
SQL: SELECT * FROM `goods_image` WHERE `goods_id` = 10  [ RunTime:0.0004s ]
SQL: SELECT * FROM `goods_image` WHERE `goods_id` = 11  [ RunTime:0.0003s ]
SQL: SELECT * FROM `goods_image` WHERE `goods_id` = 12  [ RunTime:0.0003s ]
SQL: SELECT * FROM `goods_image` WHERE `goods_id` = 14  [ RunTime:0.0003s ]
SQL: SELECT * FROM `goods_image` WHERE `goods_id` = 15  [ RunTime:0.0003s ]
SQL: SELECT * FROM `goods_image` WHERE `goods_id` = 16  [ RunTime:0.0003s ]
SQL: SELECT * FROM `goods_image` WHERE `goods_id` = 17  [ RunTime:0.0003s ]
SQL: SELECT * FROM `goods_image` WHERE `goods_id` = 18  [ RunTime:0.0003s ]
SQL: SELECT * FROM `goods_image` WHERE `goods_id` = 19  [ RunTime:0.0003s ]
SQL: SELECT * FROM `goods_image` WHERE `goods_id` = 20  [ RunTime:0.0003s ]
INFO: [ view_parse ] --START--
INFO: [ template_filter ] --START--
INFO: Run Behavior\ContentReplaceBehavior [ RunTime:0.000126s ]
INFO: [ template_filter ] --END-- [ RunTime:0.000187s ]
INFO: Run Behavior\ParseTemplateBehavior [ RunTime:0.027836s ]
INFO: [ view_parse ] --END-- [ RunTime:0.027911s ]
INFO: [ view_filter ] --START--
INFO: Run Behavior\WriteHtmlCacheBehavior [ RunTime:0.000456s ]
INFO: [ view_filter ] --END-- [ RunTime:0.000502s ]
INFO: [ app_end ] --START--
INFO: Run Behavior\ShowPageTraceBehavior [ RunTime:0.000914s ]
INFO: [ app_end ] --END-- [ RunTime:0.001020s ]

[ 2018-01-15T15:40:44+08:00 ] 127.0.0.1 /api/Index/index
INFO: [ app_init ] --START--
INFO: Run Behavior\BuildLiteBehavior [ RunTime:0.000017s ]
INFO: [ app_init ] --END-- [ RunTime:0.000633s ]
INFO: [ app_begin ] --START--
INFO: Run Behavior\ReadHtmlCacheBehavior [ RunTime:0.000868s ]
INFO: [ app_begin ] --END-- [ RunTime:0.000958s ]
NOTIC: [8] A session had already been started - ignoring session_start() E:\xampp\htdocs\ebay\ThinkPHP\Common\functions.php 第 1263 行.
SQL: SHOW COLUMNS FROM `goods` [ RunTime:0.0028s ]
SQL: SHOW COLUMNS FROM `goods_image` [ RunTime:0.0024s ]
SQL: SHOW COLUMNS FROM `ad` [ RunTime:0.0025s ]
SQL: SHOW COLUMNS FROM `classify` [ RunTime:0.0025s ]
SQL: SELECT * FROM `ad` WHERE `status` = 1 ORDER BY id asc LIMIT 0,20   [ RunTime:0.0005s ]
SQL: SELECT * FROM `classify` WHERE ( parent_id=0 )  [ RunTime:0.0005s ]
SQL: SELECT * FROM `classify` WHERE ( parent_id=27 )  [ RunTime:0.0006s ]
SQL: SELECT * FROM `classify` WHERE ( parent_id=34 )  [ RunTime:0.0005s ]
SQL: SELECT * FROM `classify` WHERE ( parent_id=43 )  [ RunTime:0.0004s ]
SQL: SELECT * FROM `classify` WHERE ( parent_id=28 )  [ RunTime:0.0003s ]
SQL: SELECT * FROM `classify` WHERE ( parent_id=48 )  [ RunTime:0.0003s ]
SQL: SELECT * FROM `classify` WHERE ( parent_id=49 )  [ RunTime:0.0003s ]
SQL: SELECT * FROM `classify` WHERE ( parent_id=29 )  [ RunTime:0.0003s ]
SQL: SELECT * FROM `classify` WHERE ( parent_id=45 )  [ RunTime:0.0003s ]
SQL: SELECT * FROM `classify` WHERE ( parent_id=46 )  [ RunTime:0.0003s ]
SQL: SELECT * FROM `classify` WHERE ( parent_id=47 )  [ RunTime:0.0003s ]
SQL: SELECT * FROM `classify` WHERE ( parent_id=30 )  [ RunTime:0.0003s ]
SQL: SELECT * FROM `classify` WHERE ( parent_id=50 )  [ RunTime:0.0003s ]
SQL: SELECT * FROM `classify` WHERE ( parent_id=51 )  [ RunTime:0.0003s ]
SQL: SELECT * FROM `classify` WHERE ( parent_id=52 )  [ RunTime:0.0003s ]
SQL: SELECT * FROM `classify` WHERE ( parent_id=53 )  [ RunTime:0.0003s ]
SQL: SELECT * FROM `classify` WHERE ( parent_id=31 )  [ RunTime:0.0003s ]
SQL: SELECT * FROM `classify` WHERE ( parent_id=54 )  [ RunTime:0.0003s ]
SQL: SELECT * FROM `classify` WHERE ( parent_id=55 )  [ RunTime:0.0003s ]
SQL: SELECT * FROM `classify` WHERE ( parent_id=56 )  [ RunTime:0.0003s ]
SQL: SELECT * FROM `classify` WHERE ( parent_id=32 )  [ RunTime:0.0003s ]
SQL: SELECT * FROM `classify` WHERE ( parent_id=57 )  [ RunTime:0.0003s ]
SQL: SELECT * FROM `classify` WHERE ( parent_id=58 )  [ RunTime:0.0003s ]
SQL: SELECT * FROM `classify` WHERE ( parent_id=59 )  [ RunTime:0.0003s ]
SQL: SELECT * FROM `classify` WHERE ( parent_id=33 )  [ RunTime:0.0003s ]
SQL: SELECT * FROM `classify` WHERE ( parent_id=36 )  [ RunTime:0.0003s ]
SQL: SELECT * FROM `classify` WHERE ( parent_id=37 )  [ RunTime:0.0003s ]
SQL: SELECT * FROM `goods` WHERE `status` = 1 ORDER BY id asc LIMIT 0,20   [ RunTime:0.0004s ]
SQL: SELECT * FROM `goods_image` WHERE `goods_id` = 10  [ RunTime:0.0003s ]
SQL: SELECT * FROM `goods_image` WHERE `goods_id` = 11  [ RunTime:0.0003s ]
SQL: SELECT * FROM `goods_image` WHERE `goods_id` = 12  [ RunTime:0.0002s ]
SQL: SELECT * FROM `goods_image` WHERE `goods_id` = 14  [ RunTime:0.0003s ]
SQL: SELECT * FROM `goods_image` WHERE `goods_id` = 15  [ RunTime:0.0003s ]
SQL: SELECT * FROM `goods_image` WHERE `goods_id` = 16  [ RunTime:0.0004s ]
SQL: SELECT * FROM `goods_image` WHERE `goods_id` = 17  [ RunTime:0.0004s ]
SQL: SELECT * FROM `goods_image` WHERE `goods_id` = 18  [ RunTime:0.0003s ]
SQL: SELECT * FROM `goods_image` WHERE `goods_id` = 19  [ RunTime:0.0003s ]
SQL: SELECT * FROM `goods_image` WHERE `goods_id` = 20  [ RunTime:0.0003s ]
INFO: [ view_parse ] --START--
INFO: [ template_filter ] --START--
INFO: Run Behavior\ContentReplaceBehavior [ RunTime:0.000129s ]
INFO: [ template_filter ] --END-- [ RunTime:0.000190s ]
INFO: Run Behavior\ParseTemplateBehavior [ RunTime:0.013180s ]
INFO: [ view_parse ] --END-- [ RunTime:0.013256s ]
INFO: [ view_filter ] --START--
INFO: Run Behavior\WriteHtmlCacheBehavior [ RunTime:0.000873s ]
INFO: [ view_filter ] --END-- [ RunTime:0.000962s ]
INFO: [ app_end ] --START--
INFO: Run Behavior\ShowPageTraceBehavior [ RunTime:0.001281s ]
INFO: [ app_end ] --END-- [ RunTime:0.001383s ]

[ 2018-01-15T15:40:46+08:00 ] 127.0.0.1 /api/Index/index
INFO: [ app_init ] --START--
INFO: Run Behavior\BuildLiteBehavior [ RunTime:0.000025s ]
INFO: [ app_init ] --END-- [ RunTime:0.000739s ]
INFO: [ app_begin ] --START--
INFO: Run Behavior\ReadHtmlCacheBehavior [ RunTime:0.000789s ]
INFO: [ app_begin ] --END-- [ RunTime:0.000865s ]
NOTIC: [8] A session had already been started - ignoring session_start() E:\xampp\htdocs\ebay\ThinkPHP\Common\functions.php 第 1263 行.
SQL: SHOW COLUMNS FROM `goods` [ RunTime:0.0033s ]
SQL: SHOW COLUMNS FROM `goods_image` [ RunTime:0.0028s ]
SQL: SHOW COLUMNS FROM `ad` [ RunTime:0.0029s ]
SQL: SHOW COLUMNS FROM `classify` [ RunTime:0.0037s ]
SQL: SELECT * FROM `ad` WHERE `status` = 1 ORDER BY id asc LIMIT 0,20   [ RunTime:0.0006s ]
SQL: SELECT * FROM `classify` WHERE ( parent_id=0 )  [ RunTime:0.0005s ]
SQL: SELECT * FROM `classify` WHERE ( parent_id=27 )  [ RunTime:0.0004s ]
SQL: SELECT * FROM `classify` WHERE ( parent_id=34 )  [ RunTime:0.0004s ]
SQL: SELECT * FROM `classify` WHERE ( parent_id=43 )  [ RunTime:0.0003s ]
SQL: SELECT * FROM `classify` WHERE ( parent_id=28 )  [ RunTime:0.0003s ]
SQL: SELECT * FROM `classify` WHERE ( parent_id=48 )  [ RunTime:0.0004s ]
SQL: SELECT * FROM `classify` WHERE ( parent_id=49 )  [ RunTime:0.0004s ]
SQL: SELECT * FROM `classify` WHERE ( parent_id=29 )  [ RunTime:0.0004s ]
SQL: SELECT * FROM `classify` WHERE ( parent_id=45 )  [ RunTime:0.0003s ]
SQL: SELECT * FROM `classify` WHERE ( parent_id=46 )  [ RunTime:0.0003s ]
SQL: SELECT * FROM `classify` WHERE ( parent_id=47 )  [ RunTime:0.0003s ]
SQL: SELECT * FROM `classify` WHERE ( parent_id=30 )  [ RunTime:0.0004s ]
SQL: SELECT * FROM `classify` WHERE ( parent_id=50 )  [ RunTime:0.0003s ]
SQL: SELECT * FROM `classify` WHERE ( parent_id=51 )  [ RunTime:0.0004s ]
SQL: SELECT * FROM `classify` WHERE ( parent_id=52 )  [ RunTime:0.0004s ]
SQL: SELECT * FROM `classify` WHERE ( parent_id=53 )  [ RunTime:0.0003s ]
SQL: SELECT * FROM `classify` WHERE ( parent_id=31 )  [ RunTime:0.0003s ]
SQL: SELECT * FROM `classify` WHERE ( parent_id=54 )  [ RunTime:0.0003s ]
SQL: SELECT * FROM `classify` WHERE ( parent_id=55 )  [ RunTime:0.0004s ]
SQL: SELECT * FROM `classify` WHERE ( parent_id=56 )  [ RunTime:0.0003s ]
SQL: SELECT * FROM `classify` WHERE ( parent_id=32 )  [ RunTime:0.0003s ]
SQL: SELECT * FROM `classify` WHERE ( parent_id=57 )  [ RunTime:0.0003s ]
SQL: SELECT * FROM `classify` WHERE ( parent_id=58 )  [ RunTime:0.0003s ]
SQL: SELECT * FROM `classify` WHERE ( parent_id=59 )  [ RunTime:0.0003s ]
SQL: SELECT * FROM `classify` WHERE ( parent_id=33 )  [ RunTime:0.0003s ]
SQL: SELECT * FROM `classify` WHERE ( parent_id=36 )  [ RunTime:0.0003s ]
SQL: SELECT * FROM `classify` WHERE ( parent_id=37 )  [ RunTime:0.0003s ]
SQL: SELECT * FROM `goods` WHERE `status` = 1 ORDER BY id asc LIMIT 0,20   [ RunTime:0.0005s ]
SQL: SELECT * FROM `goods_image` WHERE `goods_id` = 10  [ RunTime:0.0004s ]
SQL: SELECT * FROM `goods_image` WHERE `goods_id` = 11  [ RunTime:0.0004s ]
SQL: SELECT * FROM `goods_image` WHERE `goods_id` = 12  [ RunTime:0.0004s ]
SQL: SELECT * FROM `goods_image` WHERE `goods_id` = 14  [ RunTime:0.0004s ]
SQL: SELECT * FROM `goods_image` WHERE `goods_id` = 15  [ RunTime:0.0003s ]
SQL: SELECT * FROM `goods_image` WHERE `goods_id` = 16  [ RunTime:0.0003s ]
SQL: SELECT * FROM `goods_image` WHERE `goods_id` = 17  [ RunTime:0.0003s ]
SQL: SELECT * FROM `goods_image` WHERE `goods_id` = 18  [ RunTime:0.0004s ]
SQL: SELECT * FROM `goods_image` WHERE `goods_id` = 19  [ RunTime:0.0004s ]
SQL: SELECT * FROM `goods_image` WHERE `goods_id` = 20  [ RunTime:0.0003s ]
INFO: [ view_parse ] --START--
INFO: [ template_filter ] --START--
INFO: Run Behavior\ContentReplaceBehavior [ RunTime:0.000214s ]
INFO: [ template_filter ] --END-- [ RunTime:0.000320s ]
INFO: Run Behavior\ParseTemplateBehavior [ RunTime:0.016187s ]
INFO: [ view_parse ] --END-- [ RunTime:0.016266s ]
INFO: [ view_filter ] --START--
INFO: Run Behavior\WriteHtmlCacheBehavior [ RunTime:0.000680s ]
INFO: [ view_filter ] --END-- [ RunTime:0.000733s ]
INFO: [ app_end ] --START--
INFO: Run Behavior\ShowPageTraceBehavior [ RunTime:0.001200s ]
INFO: [ app_end ] --END-- [ RunTime:0.001301s ]

