[ 2018-01-21T22:33:14+08:00 ] 127.0.0.1 /api/user/login
INFO: [ app_init ] --START--
INFO: Run Behavior\BuildLiteBehavior [ RunTime:0.000021s ]
INFO: [ app_init ] --END-- [ RunTime:0.021815s ]
INFO: [ app_begin ] --START--
INFO: Run Behavior\ReadHtmlCacheBehavior [ RunTime:0.014739s ]
INFO: [ app_begin ] --END-- [ RunTime:0.014819s ]
NOTIC: [8] A session had already been started - ignoring session_start() E:\xampp\htdocs\ebay\ThinkPHP\Common\functions.php 第 1263 行.
INFO: [ view_parse ] --START--
INFO: [ template_filter ] --START--
INFO: Run Behavior\ContentReplaceBehavior [ RunTime:0.136929s ]
INFO: [ template_filter ] --END-- [ RunTime:0.137013s ]
INFO: Run Behavior\ParseTemplateBehavior [ RunTime:0.213812s ]
INFO: [ view_parse ] --END-- [ RunTime:0.213895s ]
INFO: [ view_filter ] --START--
INFO: Run Behavior\WriteHtmlCacheBehavior [ RunTime:0.041383s ]
INFO: [ view_filter ] --END-- [ RunTime:0.041452s ]
INFO: [ app_end ] --START--
INFO: Run Behavior\ShowPageTraceBehavior [ RunTime:0.010825s ]
INFO: [ app_end ] --END-- [ RunTime:0.010882s ]

[ 2018-01-21T22:33:16+08:00 ] 127.0.0.1 /api/user/verifyCode
INFO: [ app_init ] --START--
INFO: Run Behavior\BuildLiteBehavior [ RunTime:0.000017s ]
INFO: [ app_init ] --END-- [ RunTime:0.000572s ]
INFO: [ app_begin ] --START--
INFO: Run Behavior\ReadHtmlCacheBehavior [ RunTime:0.001118s ]
INFO: [ app_begin ] --END-- [ RunTime:0.001214s ]
NOTIC: [8] A session had already been started - ignoring session_start() E:\xampp\htdocs\ebay\ThinkPHP\Common\functions.php 第 1263 行.
INFO: [ app_end ] --START--
INFO: Run Behavior\ShowPageTraceBehavior [ RunTime:0.001001s ]
INFO: [ app_end ] --END-- [ RunTime:0.001104s ]

[ 2018-01-21T22:46:18+08:00 ] 127.0.0.1 /api/index/index
INFO: [ app_init ] --START--
INFO: Run Behavior\BuildLiteBehavior [ RunTime:0.000018s ]
INFO: [ app_init ] --END-- [ RunTime:0.000892s ]
INFO: [ app_begin ] --START--
INFO: Run Behavior\ReadHtmlCacheBehavior [ RunTime:0.000800s ]
INFO: [ app_begin ] --END-- [ RunTime:0.000861s ]
NOTIC: [8] A session had already been started - ignoring session_start() E:\xampp\htdocs\ebay\ThinkPHP\Common\functions.php 第 1263 行.
SQL: SHOW COLUMNS FROM `goods` [ RunTime:0.0385s ]
SQL: SHOW COLUMNS FROM `goods_image` [ RunTime:0.0169s ]
SQL: SHOW COLUMNS FROM `ad` [ RunTime:0.0209s ]
SQL: SHOW COLUMNS FROM `classify` [ RunTime:0.0248s ]
SQL: SELECT * FROM `ad` WHERE `status` = 1 ORDER BY id asc LIMIT 0,20   [ RunTime:0.0005s ]
SQL: SELECT * FROM `classify` WHERE ( parent_id=0 )  [ RunTime:0.0003s ]
SQL: SELECT * FROM `classify` WHERE ( parent_id=27 )  [ RunTime:0.0003s ]
SQL: SELECT * FROM `classify` WHERE ( parent_id=34 )  [ RunTime:0.0003s ]
SQL: SELECT * FROM `classify` WHERE ( parent_id=43 )  [ RunTime:0.0003s ]
SQL: SELECT * FROM `classify` WHERE ( parent_id=28 )  [ RunTime:0.0003s ]
SQL: SELECT * FROM `classify` WHERE ( parent_id=48 )  [ RunTime:0.0003s ]
SQL: SELECT * FROM `classify` WHERE ( parent_id=49 )  [ RunTime:0.0003s ]
SQL: SELECT * FROM `classify` WHERE ( parent_id=29 )  [ RunTime:0.0003s ]
SQL: SELECT * FROM `classify` WHERE ( parent_id=45 )  [ RunTime:0.0003s ]
SQL: SELECT * FROM `classify` WHERE ( parent_id=46 )  [ RunTime:0.0003s ]
SQL: SELECT * FROM `classify` WHERE ( parent_id=47 )  [ RunTime:0.0003s ]
SQL: SELECT * FROM `classify` WHERE ( parent_id=30 )  [ RunTime:0.0003s ]
SQL: SELECT * FROM `classify` WHERE ( parent_id=50 )  [ RunTime:0.0003s ]
SQL: SELECT * FROM `classify` WHERE ( parent_id=51 )  [ RunTime:0.0003s ]
SQL: SELECT * FROM `classify` WHERE ( parent_id=52 )  [ RunTime:0.0003s ]
SQL: SELECT * FROM `classify` WHERE ( parent_id=53 )  [ RunTime:0.0003s ]
SQL: SELECT * FROM `classify` WHERE ( parent_id=31 )  [ RunTime:0.0003s ]
SQL: SELECT * FROM `classify` WHERE ( parent_id=54 )  [ RunTime:0.0003s ]
SQL: SELECT * FROM `classify` WHERE ( parent_id=55 )  [ RunTime:0.0003s ]
SQL: SELECT * FROM `classify` WHERE ( parent_id=56 )  [ RunTime:0.0003s ]
SQL: SELECT * FROM `classify` WHERE ( parent_id=32 )  [ RunTime:0.0003s ]
SQL: SELECT * FROM `classify` WHERE ( parent_id=57 )  [ RunTime:0.0003s ]
SQL: SELECT * FROM `classify` WHERE ( parent_id=58 )  [ RunTime:0.0003s ]
SQL: SELECT * FROM `classify` WHERE ( parent_id=59 )  [ RunTime:0.0003s ]
SQL: SELECT * FROM `classify` WHERE ( parent_id=33 )  [ RunTime:0.0003s ]
SQL: SELECT * FROM `classify` WHERE ( parent_id=36 )  [ RunTime:0.0003s ]
SQL: SELECT * FROM `classify` WHERE ( parent_id=37 )  [ RunTime:0.0003s ]
SQL: SELECT * FROM `goods` WHERE `status` = 1 ORDER BY id asc LIMIT 0,20   [ RunTime:0.0094s ]
SQL: SELECT * FROM `goods_image` WHERE `goods_id` = 10  [ RunTime:0.0004s ]
SQL: SELECT * FROM `goods_image` WHERE `goods_id` = 11  [ RunTime:0.0003s ]
SQL: SELECT * FROM `goods_image` WHERE `goods_id` = 12  [ RunTime:0.0003s ]
SQL: SELECT * FROM `goods_image` WHERE `goods_id` = 14  [ RunTime:0.0003s ]
SQL: SELECT * FROM `goods_image` WHERE `goods_id` = 15  [ RunTime:0.0003s ]
SQL: SELECT * FROM `goods_image` WHERE `goods_id` = 16  [ RunTime:0.0003s ]
SQL: SELECT * FROM `goods_image` WHERE `goods_id` = 17  [ RunTime:0.0003s ]
SQL: SELECT * FROM `goods_image` WHERE `goods_id` = 18  [ RunTime:0.0003s ]
SQL: SELECT * FROM `goods_image` WHERE `goods_id` = 19  [ RunTime:0.0003s ]
SQL: SELECT * FROM `goods_image` WHERE `goods_id` = 20  [ RunTime:0.0002s ]
INFO: [ view_parse ] --START--
INFO: [ template_filter ] --START--
INFO: Run Behavior\ContentReplaceBehavior [ RunTime:0.000136s ]
INFO: [ template_filter ] --END-- [ RunTime:0.000205s ]
NOTIC: [8] Undefined index: me E:\xampp\htdocs\ebay\Application\Runtime\Cache\Api\51b31191c7d9f8df7ef9291eadae4e42.php 第 21 行.
NOTIC: [8] Undefined index: me E:\xampp\htdocs\ebay\Application\Runtime\Cache\Api\51b31191c7d9f8df7ef9291eadae4e42.php 第 25 行.
INFO: Run Behavior\ParseTemplateBehavior [ RunTime:0.029818s ]
INFO: [ view_parse ] --END-- [ RunTime:0.029890s ]
INFO: [ view_filter ] --START--
INFO: Run Behavior\WriteHtmlCacheBehavior [ RunTime:0.000590s ]
INFO: [ view_filter ] --END-- [ RunTime:0.000642s ]
INFO: [ app_end ] --START--
INFO: Run Behavior\ShowPageTraceBehavior [ RunTime:0.001006s ]
INFO: [ app_end ] --END-- [ RunTime:0.001102s ]

[ 2018-01-21T22:48:23+08:00 ] 127.0.0.1 /api/index/www.sina.com.cn
INFO: [ app_init ] --START--
INFO: Run Behavior\BuildLiteBehavior [ RunTime:0.000020s ]
INFO: [ app_init ] --END-- [ RunTime:0.001353s ]
INFO: [ app_begin ] --START--
INFO: Run Behavior\ReadHtmlCacheBehavior [ RunTime:0.000851s ]
INFO: [ app_begin ] --END-- [ RunTime:0.000922s ]
NOTIC: [8] A session had already been started - ignoring session_start() E:\xampp\htdocs\ebay\ThinkPHP\Common\functions.php 第 1263 行.
ERR: 非法操作:www.sina.com.cn

[ 2018-01-21T22:48:28+08:00 ] 127.0.0.1 /api/index/www.youku.com
INFO: [ app_init ] --START--
INFO: Run Behavior\BuildLiteBehavior [ RunTime:0.000019s ]
INFO: [ app_init ] --END-- [ RunTime:0.000756s ]
INFO: [ app_begin ] --START--
INFO: Run Behavior\ReadHtmlCacheBehavior [ RunTime:0.000724s ]
INFO: [ app_begin ] --END-- [ RunTime:0.000794s ]
NOTIC: [8] A session had already been started - ignoring session_start() E:\xampp\htdocs\ebay\ThinkPHP\Common\functions.php 第 1263 行.
ERR: 非法操作:www.youku.com

