[ 2017-04-04T23:04:43+08:00 ] 127.0.0.1 /index.php/Admin/Course/index
INFO: [ app_init ] --START--
INFO: Run Behavior\BuildLiteBehavior [ RunTime:0.000009s ]
INFO: [ app_init ] --END-- [ RunTime:0.000205s ]
INFO: [ app_begin ] --START--
INFO: Run Behavior\ReadHtmlCacheBehavior [ RunTime:0.000237s ]
INFO: [ app_begin ] --END-- [ RunTime:0.000265s ]
SQL: SHOW COLUMNS FROM `ks_course` [ RunTime:0.0004s ]
ERR: Think\Model:getData方法不存在！

[ 2017-04-04T23:05:20+08:00 ] 127.0.0.1 /index.php/Admin/Course/index
INFO: [ app_init ] --START--
INFO: Run Behavior\BuildLiteBehavior [ RunTime:0.000007s ]
INFO: [ app_init ] --END-- [ RunTime:0.000167s ]
INFO: [ app_begin ] --START--
INFO: Run Behavior\ReadHtmlCacheBehavior [ RunTime:0.000210s ]
INFO: [ app_begin ] --END-- [ RunTime:0.000236s ]
SQL: SHOW COLUMNS FROM `ks_course` [ RunTime:0.0004s ]
ERR: Think\Model:getData方法不存在！

[ 2017-04-04T23:05:46+08:00 ] 127.0.0.1 /index.php/Admin/Course/index
INFO: [ app_init ] --START--
INFO: Run Behavior\BuildLiteBehavior [ RunTime:0.000026s ]
INFO: [ app_init ] --END-- [ RunTime:0.000499s ]
INFO: [ app_begin ] --START--
INFO: Run Behavior\ReadHtmlCacheBehavior [ RunTime:0.000298s ]
INFO: [ app_begin ] --END-- [ RunTime:0.000340s ]
SQL: SHOW COLUMNS FROM `ks_course` [ RunTime:0.0004s ]

[ 2017-04-04T23:05:52+08:00 ] 127.0.0.1 /index.php/Admin/Course/index
INFO: [ app_init ] --START--
INFO: Run Behavior\BuildLiteBehavior [ RunTime:0.000010s ]
INFO: [ app_init ] --END-- [ RunTime:0.000207s ]
INFO: [ app_begin ] --START--
INFO: Run Behavior\ReadHtmlCacheBehavior [ RunTime:0.000282s ]
INFO: [ app_begin ] --END-- [ RunTime:0.000314s ]
SQL: SHOW COLUMNS FROM `ks_course` [ RunTime:0.0006s ]
ERR: Think\Model:getData方法不存在！

[ 2017-04-04T23:06:06+08:00 ] 127.0.0.1 /index.php/Admin/Course/index
INFO: [ app_init ] --START--
INFO: Run Behavior\BuildLiteBehavior [ RunTime:0.000009s ]
INFO: [ app_init ] --END-- [ RunTime:0.000182s ]
INFO: [ app_begin ] --START--
INFO: Run Behavior\ReadHtmlCacheBehavior [ RunTime:0.000225s ]
INFO: [ app_begin ] --END-- [ RunTime:0.000252s ]
SQL: SHOW COLUMNS FROM `ks_course` [ RunTime:0.0005s ]
NOTIC: [8] Undefined index: p /web/docs/tikuadmin.com/Application/Admin/Model/BaseModel.class.php 第 8 行.
ERR: Think\Model:getData方法不存在！

[ 2017-04-04T23:06:22+08:00 ] 127.0.0.1 /index.php/Admin/Course/index
INFO: [ app_init ] --START--
INFO: Run Behavior\BuildLiteBehavior [ RunTime:0.000010s ]
INFO: [ app_init ] --END-- [ RunTime:0.000309s ]
INFO: [ app_begin ] --START--
INFO: Run Behavior\ReadHtmlCacheBehavior [ RunTime:0.000246s ]
INFO: [ app_begin ] --END-- [ RunTime:0.000288s ]
SQL: SHOW COLUMNS FROM `ks_course` [ RunTime:0.0004s ]
NOTIC: [8] Undefined index: p /web/docs/tikuadmin.com/Application/Admin/Model/BaseModel.class.php 第 8 行.
ERR: Think\Model:getData方法不存在！

[ 2017-04-04T23:06:44+08:00 ] 127.0.0.1 /index.php/Admin/Course/index
INFO: [ app_init ] --START--
INFO: Run Behavior\BuildLiteBehavior [ RunTime:0.000010s ]
INFO: [ app_init ] --END-- [ RunTime:0.000195s ]
INFO: [ app_begin ] --START--
INFO: Run Behavior\ReadHtmlCacheBehavior [ RunTime:0.000233s ]
INFO: [ app_begin ] --END-- [ RunTime:0.000262s ]
SQL: SHOW COLUMNS FROM `ks_course` [ RunTime:0.0006s ]
NOTIC: [8] Undefined index: p /web/docs/tikuadmin.com/Application/Admin/Model/BaseModel.class.php 第 8 行.
NOTIC: [8] Undefined index: p /web/docs/tikuadmin.com/Application/Admin/Model/BaseModel.class.php 第 8 行.

[ 2017-04-04T23:10:16+08:00 ] 127.0.0.1 /index.php/Admin/Course/lists
INFO: [ app_init ] --START--
INFO: Run Behavior\BuildLiteBehavior [ RunTime:0.000009s ]
INFO: [ app_init ] --END-- [ RunTime:0.000195s ]
INFO: [ app_begin ] --START--
INFO: Run Behavior\ReadHtmlCacheBehavior [ RunTime:0.000397s ]
INFO: [ app_begin ] --END-- [ RunTime:0.000478s ]
SQL: SHOW COLUMNS FROM `ks_course` [ RunTime:0.0005s ]
NOTIC: [8] Undefined variable: where /web/docs/tikuadmin.com/Application/Admin/Controller/CommonController.class.php 第 24 行.
SQL: SELECT * FROM `ks_course` LIMIT 0,20   [ RunTime:0.0003s ]
INFO: [ app_end ] --START--
INFO: Run Behavior\ShowPageTraceBehavior [ RunTime:0.000314s ]
INFO: [ app_end ] --END-- [ RunTime:0.000350s ]

[ 2017-04-04T23:28:36+08:00 ] 127.0.0.1 /index.php/Admin/Course/lists
INFO: [ app_init ] --START--
INFO: Run Behavior\BuildLiteBehavior [ RunTime:0.000008s ]
INFO: [ app_init ] --END-- [ RunTime:0.000169s ]
INFO: [ app_begin ] --START--
INFO: Run Behavior\ReadHtmlCacheBehavior [ RunTime:0.000211s ]
INFO: [ app_begin ] --END-- [ RunTime:0.000237s ]

[ 2017-04-04T23:28:53+08:00 ] 127.0.0.1 /index.php/Admin/Course/lists
INFO: [ app_init ] --START--
INFO: Run Behavior\BuildLiteBehavior [ RunTime:0.000008s ]
INFO: [ app_init ] --END-- [ RunTime:0.000174s ]
INFO: [ app_begin ] --START--
INFO: Run Behavior\ReadHtmlCacheBehavior [ RunTime:0.000218s ]
INFO: [ app_begin ] --END-- [ RunTime:0.000245s ]

[ 2017-04-04T23:28:54+08:00 ] 127.0.0.1 /index.php/Admin/Course/lists
INFO: [ app_init ] --START--
INFO: Run Behavior\BuildLiteBehavior [ RunTime:0.000009s ]
INFO: [ app_init ] --END-- [ RunTime:0.000174s ]
INFO: [ app_begin ] --START--
INFO: Run Behavior\ReadHtmlCacheBehavior [ RunTime:0.000225s ]
INFO: [ app_begin ] --END-- [ RunTime:0.000251s ]

[ 2017-04-04T23:30:11+08:00 ] 127.0.0.1 /index.php/Admin/Course/lists
INFO: [ app_init ] --START--
INFO: Run Behavior\BuildLiteBehavior [ RunTime:0.000007s ]
INFO: [ app_init ] --END-- [ RunTime:0.000171s ]
INFO: [ app_begin ] --START--
INFO: Run Behavior\ReadHtmlCacheBehavior [ RunTime:0.000253s ]
INFO: [ app_begin ] --END-- [ RunTime:0.000288s ]

[ 2017-04-04T23:30:20+08:00 ] 127.0.0.1 /index.php/Admin/Course/lists/p/2
INFO: [ app_init ] --START--
INFO: Run Behavior\BuildLiteBehavior [ RunTime:0.000008s ]
INFO: [ app_init ] --END-- [ RunTime:0.000177s ]
INFO: [ app_begin ] --START--
INFO: Run Behavior\ReadHtmlCacheBehavior [ RunTime:0.000218s ]
INFO: [ app_begin ] --END-- [ RunTime:0.000243s ]

[ 2017-04-04T23:30:24+08:00 ] 127.0.0.1 /index.php/Admin/Course/lists/p/2/2
INFO: [ app_init ] --START--
INFO: Run Behavior\BuildLiteBehavior [ RunTime:0.000010s ]
INFO: [ app_init ] --END-- [ RunTime:0.000298s ]
INFO: [ app_begin ] --START--
INFO: Run Behavior\ReadHtmlCacheBehavior [ RunTime:0.000306s ]
INFO: [ app_begin ] --END-- [ RunTime:0.000337s ]

[ 2017-04-04T23:30:35+08:00 ] 127.0.0.1 /index.php/Admin/Course/lists/p/2/2
INFO: [ app_init ] --START--
INFO: Run Behavior\BuildLiteBehavior [ RunTime:0.000009s ]
INFO: [ app_init ] --END-- [ RunTime:0.000178s ]
INFO: [ app_begin ] --START--
INFO: Run Behavior\ReadHtmlCacheBehavior [ RunTime:0.000215s ]
INFO: [ app_begin ] --END-- [ RunTime:0.000242s ]

[ 2017-04-04T23:30:50+08:00 ] 127.0.0.1 /index.php/Admin/Course/lists/p/2/2
INFO: [ app_init ] --START--
INFO: Run Behavior\BuildLiteBehavior [ RunTime:0.000007s ]
INFO: [ app_init ] --END-- [ RunTime:0.000168s ]
INFO: [ app_begin ] --START--
INFO: Run Behavior\ReadHtmlCacheBehavior [ RunTime:0.000245s ]
INFO: [ app_begin ] --END-- [ RunTime:0.000271s ]

[ 2017-04-04T23:32:09+08:00 ] 127.0.0.1 /index.php/Admin/Course/lists/p/2/2
INFO: [ app_init ] --START--
INFO: Run Behavior\BuildLiteBehavior [ RunTime:0.000008s ]
INFO: [ app_init ] --END-- [ RunTime:0.000172s ]
INFO: [ app_begin ] --START--
INFO: Run Behavior\ReadHtmlCacheBehavior [ RunTime:0.000216s ]
INFO: [ app_begin ] --END-- [ RunTime:0.000243s ]

[ 2017-04-04T23:32:49+08:00 ] 127.0.0.1 /index.php/Admin/Course/lists/p/2/2
INFO: [ app_init ] --START--
INFO: Run Behavior\BuildLiteBehavior [ RunTime:0.000008s ]
INFO: [ app_init ] --END-- [ RunTime:0.000173s ]
INFO: [ app_begin ] --START--
INFO: Run Behavior\ReadHtmlCacheBehavior [ RunTime:0.000223s ]
INFO: [ app_begin ] --END-- [ RunTime:0.000251s ]
SQL: SHOW COLUMNS FROM `ks_course` [ RunTime:0.0004s ]
NOTIC: [8] Undefined variable: where /web/docs/tikuadmin.com/Application/Admin/Controller/CommonController.class.php 第 25 行.
SQL: SELECT * FROM `ks_course` LIMIT 20,20   [ RunTime:0.0002s ]
NOTIC: [8] Undefined variable: where /web/docs/tikuadmin.com/Application/Admin/Controller/CommonController.class.php 第 27 行.

[ 2017-04-04T23:33:05+08:00 ] 127.0.0.1 /index.php/Admin/Course/lists/p/2/2
INFO: [ app_init ] --START--
INFO: Run Behavior\BuildLiteBehavior [ RunTime:0.000008s ]
INFO: [ app_init ] --END-- [ RunTime:0.000167s ]
INFO: [ app_begin ] --START--
INFO: Run Behavior\ReadHtmlCacheBehavior [ RunTime:0.000236s ]
INFO: [ app_begin ] --END-- [ RunTime:0.000291s ]
SQL: SHOW COLUMNS FROM `ks_course` [ RunTime:0.0004s ]
NOTIC: [8] Undefined variable: where /web/docs/tikuadmin.com/Application/Admin/Controller/CommonController.class.php 第 25 行.
SQL: SELECT * FROM `ks_course` LIMIT 20,20   [ RunTime:0.0003s ]
NOTIC: [8] Undefined variable: where /web/docs/tikuadmin.com/Application/Admin/Controller/CommonController.class.php 第 27 行.

[ 2017-04-04T23:33:23+08:00 ] 127.0.0.1 /index.php/Admin/Course/lists/p/2/2
INFO: [ app_init ] --START--
INFO: Run Behavior\BuildLiteBehavior [ RunTime:0.000009s ]
INFO: [ app_init ] --END-- [ RunTime:0.000183s ]
INFO: [ app_begin ] --START--
INFO: Run Behavior\ReadHtmlCacheBehavior [ RunTime:0.000233s ]
INFO: [ app_begin ] --END-- [ RunTime:0.000264s ]
SQL: SHOW COLUMNS FROM `ks_course` [ RunTime:0.0004s ]
NOTIC: [8] Undefined variable: where /web/docs/tikuadmin.com/Application/Admin/Controller/CommonController.class.php 第 25 行.
SQL: SELECT * FROM `ks_course` LIMIT 20,20   [ RunTime:0.0002s ]
NOTIC: [8] Undefined variable: where /web/docs/tikuadmin.com/Application/Admin/Controller/CommonController.class.php 第 27 行.

[ 2017-04-04T23:33:34+08:00 ] 127.0.0.1 /index.php/Admin/Course/lists/p/2/2
INFO: [ app_init ] --START--
INFO: Run Behavior\BuildLiteBehavior [ RunTime:0.000009s ]
INFO: [ app_init ] --END-- [ RunTime:0.000190s ]
INFO: [ app_begin ] --START--
INFO: Run Behavior\ReadHtmlCacheBehavior [ RunTime:0.000235s ]
INFO: [ app_begin ] --END-- [ RunTime:0.000263s ]
SQL: SHOW COLUMNS FROM `ks_course` [ RunTime:0.0005s ]
NOTIC: [8] Undefined variable: where /web/docs/tikuadmin.com/Application/Admin/Controller/CommonController.class.php 第 25 行.
SQL: SELECT * FROM `ks_course` LIMIT 20,20   [ RunTime:0.0003s ]
NOTIC: [8] Undefined variable: where /web/docs/tikuadmin.com/Application/Admin/Controller/CommonController.class.php 第 27 行.

[ 2017-04-04T23:34:54+08:00 ] 127.0.0.1 /index.php/Admin/Course/lists/p/2/2
INFO: [ app_init ] --START--
INFO: Run Behavior\BuildLiteBehavior [ RunTime:0.000009s ]
INFO: [ app_init ] --END-- [ RunTime:0.000179s ]
INFO: [ app_begin ] --START--
INFO: Run Behavior\ReadHtmlCacheBehavior [ RunTime:0.000218s ]
INFO: [ app_begin ] --END-- [ RunTime:0.000244s ]
SQL: SHOW COLUMNS FROM `ks_course` [ RunTime:0.0004s ]
NOTIC: [8] Undefined variable: where /web/docs/tikuadmin.com/Application/Admin/Controller/CommonController.class.php 第 25 行.
SQL: SELECT * FROM `ks_course` LIMIT 20,20   [ RunTime:0.0003s ]
NOTIC: [8] Undefined variable: where /web/docs/tikuadmin.com/Application/Admin/Controller/CommonController.class.php 第 27 行.
SQL: SELECT COUNT(*) AS tp_count FROM `ks_course` LIMIT 1   [ RunTime:0.0028s ]

[ 2017-04-04T23:35:08+08:00 ] 127.0.0.1 /index.php/Admin/Course/lists/p/2/2
INFO: [ app_init ] --START--
INFO: Run Behavior\BuildLiteBehavior [ RunTime:0.000008s ]
INFO: [ app_init ] --END-- [ RunTime:0.000171s ]
INFO: [ app_begin ] --START--
INFO: Run Behavior\ReadHtmlCacheBehavior [ RunTime:0.000462s ]
INFO: [ app_begin ] --END-- [ RunTime:0.000495s ]
SQL: SHOW COLUMNS FROM `ks_course` [ RunTime:0.0005s ]
NOTIC: [8] Undefined variable: where /web/docs/tikuadmin.com/Application/Admin/Controller/CommonController.class.php 第 25 行.
SQL: SELECT * FROM `ks_course` LIMIT 20,20   [ RunTime:0.0002s ]
NOTIC: [8] Undefined variable: where /web/docs/tikuadmin.com/Application/Admin/Controller/CommonController.class.php 第 27 行.
SQL: SELECT COUNT(*) AS tp_count FROM `ks_course` LIMIT 1   [ RunTime:0.0002s ]

[ 2017-04-04T23:35:34+08:00 ] 127.0.0.1 /index.php/Admin/Course/lists/p/2/2
INFO: [ app_init ] --START--
INFO: Run Behavior\BuildLiteBehavior [ RunTime:0.000014s ]
INFO: [ app_init ] --END-- [ RunTime:0.000288s ]
INFO: [ app_begin ] --START--
INFO: Run Behavior\ReadHtmlCacheBehavior [ RunTime:0.000238s ]
INFO: [ app_begin ] --END-- [ RunTime:0.000267s ]
SQL: SHOW COLUMNS FROM `ks_course` [ RunTime:0.0004s ]
NOTIC: [8] Undefined variable: where /web/docs/tikuadmin.com/Application/Admin/Controller/CommonController.class.php 第 25 行.
SQL: SELECT * FROM `ks_course` LIMIT 20,20   [ RunTime:0.0003s ]
NOTIC: [8] Undefined variable: where /web/docs/tikuadmin.com/Application/Admin/Controller/CommonController.class.php 第 27 行.
SQL: SELECT COUNT(*) AS tp_count FROM `ks_course` LIMIT 1   [ RunTime:0.0002s ]

[ 2017-04-04T23:35:44+08:00 ] 127.0.0.1 /index.php/Admin/Course/lists/p/2/2
INFO: [ app_init ] --START--
INFO: Run Behavior\BuildLiteBehavior [ RunTime:0.000009s ]
INFO: [ app_init ] --END-- [ RunTime:0.000187s ]
INFO: [ app_begin ] --START--
INFO: Run Behavior\ReadHtmlCacheBehavior [ RunTime:0.000222s ]
INFO: [ app_begin ] --END-- [ RunTime:0.000250s ]
SQL: SHOW COLUMNS FROM `ks_course` [ RunTime:0.0005s ]
NOTIC: [8] Undefined variable: where /web/docs/tikuadmin.com/Application/Admin/Controller/CommonController.class.php 第 25 行.
SQL: SELECT * FROM `ks_course` LIMIT 20,20   [ RunTime:0.0003s ]
NOTIC: [8] Undefined variable: where /web/docs/tikuadmin.com/Application/Admin/Controller/CommonController.class.php 第 27 行.
SQL: SELECT COUNT(*) AS tp_count FROM `ks_course` LIMIT 1   [ RunTime:0.0002s ]
INFO: [ app_end ] --START--
INFO: Run Behavior\ShowPageTraceBehavior [ RunTime:0.000318s ]
INFO: [ app_end ] --END-- [ RunTime:0.000348s ]

[ 2017-04-04T23:36:03+08:00 ] 127.0.0.1 /index.php/Admin/Course/lists/p/2/2
INFO: [ app_init ] --START--
INFO: Run Behavior\BuildLiteBehavior [ RunTime:0.000030s ]
INFO: [ app_init ] --END-- [ RunTime:0.000567s ]
INFO: [ app_begin ] --START--
INFO: Run Behavior\ReadHtmlCacheBehavior [ RunTime:0.000363s ]
INFO: [ app_begin ] --END-- [ RunTime:0.000409s ]
SQL: SHOW COLUMNS FROM `ks_course` [ RunTime:0.0005s ]
NOTIC: [8] Undefined variable: where /web/docs/tikuadmin.com/Application/Admin/Controller/CommonController.class.php 第 25 行.
SQL: SELECT * FROM `ks_course` LIMIT 20,20   [ RunTime:0.0003s ]
NOTIC: [8] Undefined variable: where /web/docs/tikuadmin.com/Application/Admin/Controller/CommonController.class.php 第 27 行.
SQL: SELECT COUNT(*) AS tp_count FROM `ks_course` LIMIT 1   [ RunTime:0.0002s ]
INFO: [ app_end ] --START--
INFO: Run Behavior\ShowPageTraceBehavior [ RunTime:0.000309s ]
INFO: [ app_end ] --END-- [ RunTime:0.000336s ]

[ 2017-04-04T23:36:21+08:00 ] 127.0.0.1 /index.php/Admin/Course/lists/p/2/2
INFO: [ app_init ] --START--
INFO: Run Behavior\BuildLiteBehavior [ RunTime:0.000008s ]
INFO: [ app_init ] --END-- [ RunTime:0.000184s ]
INFO: [ app_begin ] --START--
INFO: Run Behavior\ReadHtmlCacheBehavior [ RunTime:0.000331s ]
INFO: [ app_begin ] --END-- [ RunTime:0.000359s ]
SQL: SHOW COLUMNS FROM `ks_course` [ RunTime:0.0009s ]
NOTIC: [8] Undefined variable: where /web/docs/tikuadmin.com/Application/Admin/Controller/CommonController.class.php 第 25 行.
SQL: SELECT * FROM `ks_course` LIMIT 20,20   [ RunTime:0.0004s ]
NOTIC: [8] Undefined variable: where /web/docs/tikuadmin.com/Application/Admin/Controller/CommonController.class.php 第 27 行.
SQL: SELECT COUNT(*) AS tp_count FROM `ks_course` LIMIT 1   [ RunTime:0.0003s ]

[ 2017-04-04T23:36:22+08:00 ] 127.0.0.1 /index.php/Admin/Course/lists/p/2/2
INFO: [ app_init ] --START--
INFO: Run Behavior\BuildLiteBehavior [ RunTime:0.000008s ]
INFO: [ app_init ] --END-- [ RunTime:0.000172s ]
INFO: [ app_begin ] --START--
INFO: Run Behavior\ReadHtmlCacheBehavior [ RunTime:0.000307s ]
INFO: [ app_begin ] --END-- [ RunTime:0.000341s ]
SQL: SHOW COLUMNS FROM `ks_course` [ RunTime:0.0004s ]
NOTIC: [8] Undefined variable: where /web/docs/tikuadmin.com/Application/Admin/Controller/CommonController.class.php 第 25 行.
SQL: SELECT * FROM `ks_course` LIMIT 20,20   [ RunTime:0.0002s ]
NOTIC: [8] Undefined variable: where /web/docs/tikuadmin.com/Application/Admin/Controller/CommonController.class.php 第 27 行.
SQL: SELECT COUNT(*) AS tp_count FROM `ks_course` LIMIT 1   [ RunTime:0.0002s ]

[ 2017-04-04T23:36:33+08:00 ] 127.0.0.1 /index.php/Admin/Course/lists/p/2/2
INFO: [ app_init ] --START--
INFO: Run Behavior\BuildLiteBehavior [ RunTime:0.000008s ]
INFO: [ app_init ] --END-- [ RunTime:0.000169s ]
INFO: [ app_begin ] --START--
INFO: Run Behavior\ReadHtmlCacheBehavior [ RunTime:0.000212s ]
INFO: [ app_begin ] --END-- [ RunTime:0.000238s ]
SQL: SHOW COLUMNS FROM `ks_course` [ RunTime:0.0004s ]
NOTIC: [8] Undefined variable: where /web/docs/tikuadmin.com/Application/Admin/Controller/CommonController.class.php 第 25 行.
SQL: SELECT * FROM `ks_course` LIMIT 20,20   [ RunTime:0.0002s ]
NOTIC: [8] Undefined variable: where /web/docs/tikuadmin.com/Application/Admin/Controller/CommonController.class.php 第 27 行.
SQL: SELECT COUNT(*) AS tp_count FROM `ks_course` LIMIT 1   [ RunTime:0.0002s ]

[ 2017-04-04T23:37:09+08:00 ] 127.0.0.1 /index.php/Admin/Course/lists/p/2/2
INFO: [ app_init ] --START--
INFO: Run Behavior\BuildLiteBehavior [ RunTime:0.000009s ]
INFO: [ app_init ] --END-- [ RunTime:0.000174s ]
INFO: [ app_begin ] --START--
INFO: Run Behavior\ReadHtmlCacheBehavior [ RunTime:0.000213s ]
INFO: [ app_begin ] --END-- [ RunTime:0.000245s ]
SQL: SHOW COLUMNS FROM `ks_course` [ RunTime:0.0004s ]
NOTIC: [8] Undefined variable: where /web/docs/tikuadmin.com/Application/Admin/Controller/CommonController.class.php 第 25 行.
SQL: SELECT * FROM `ks_course` LIMIT 20,20   [ RunTime:0.0002s ]
NOTIC: [8] Undefined variable: where /web/docs/tikuadmin.com/Application/Admin/Controller/CommonController.class.php 第 27 行.
SQL: SELECT COUNT(*) AS tp_count FROM `ks_course` LIMIT 1   [ RunTime:0.0001s ]

[ 2017-04-04T23:37:24+08:00 ] 127.0.0.1 /index.php/Admin/Course/lists/p/2/2
INFO: [ app_init ] --START--
INFO: Run Behavior\BuildLiteBehavior [ RunTime:0.000007s ]
INFO: [ app_init ] --END-- [ RunTime:0.000169s ]
INFO: [ app_begin ] --START--
INFO: Run Behavior\ReadHtmlCacheBehavior [ RunTime:0.000211s ]
INFO: [ app_begin ] --END-- [ RunTime:0.000237s ]
SQL: SHOW COLUMNS FROM `ks_course` [ RunTime:0.0004s ]
NOTIC: [8] Undefined variable: where /web/docs/tikuadmin.com/Application/Admin/Controller/CommonController.class.php 第 25 行.
SQL: SELECT * FROM `ks_course` LIMIT 20,20   [ RunTime:0.0002s ]
NOTIC: [8] Undefined variable: where /web/docs/tikuadmin.com/Application/Admin/Controller/CommonController.class.php 第 27 行.
SQL: SELECT COUNT(*) AS tp_count FROM `ks_course` LIMIT 1   [ RunTime:0.0002s ]

[ 2017-04-04T23:37:48+08:00 ] 127.0.0.1 /index.php/Admin/Course/lists/p/2/2
INFO: [ app_init ] --START--
INFO: Run Behavior\BuildLiteBehavior [ RunTime:0.000031s ]
INFO: [ app_init ] --END-- [ RunTime:0.000506s ]
INFO: [ app_begin ] --START--
INFO: Run Behavior\ReadHtmlCacheBehavior [ RunTime:0.000253s ]
INFO: [ app_begin ] --END-- [ RunTime:0.000289s ]
SQL: SHOW COLUMNS FROM `ks_course` [ RunTime:0.0004s ]
NOTIC: [8] Undefined variable: where /web/docs/tikuadmin.com/Application/Admin/Controller/CommonController.class.php 第 25 行.
SQL: SELECT * FROM `ks_course` LIMIT 20,20   [ RunTime:0.0003s ]
NOTIC: [8] Undefined variable: where /web/docs/tikuadmin.com/Application/Admin/Controller/CommonController.class.php 第 27 行.
SQL: SELECT COUNT(*) AS tp_count FROM `ks_course` LIMIT 1   [ RunTime:0.0002s ]

[ 2017-04-04T23:38:06+08:00 ] 127.0.0.1 /index.php/Admin/Course/lists/p/2/2
INFO: [ app_init ] --START--
INFO: Run Behavior\BuildLiteBehavior [ RunTime:0.000012s ]
INFO: [ app_init ] --END-- [ RunTime:0.000310s ]
INFO: [ app_begin ] --START--
INFO: Run Behavior\ReadHtmlCacheBehavior [ RunTime:0.000274s ]
INFO: [ app_begin ] --END-- [ RunTime:0.000309s ]
SQL: SHOW COLUMNS FROM `ks_course` [ RunTime:0.0006s ]
NOTIC: [8] Undefined variable: where /web/docs/tikuadmin.com/Application/Admin/Controller/CommonController.class.php 第 25 行.
SQL: SELECT * FROM `ks_course` LIMIT 20,20   [ RunTime:0.0002s ]
NOTIC: [8] Undefined variable: where /web/docs/tikuadmin.com/Application/Admin/Controller/CommonController.class.php 第 27 行.
SQL: SELECT COUNT(*) AS tp_count FROM `ks_course` LIMIT 1   [ RunTime:0.0001s ]

[ 2017-04-04T23:38:15+08:00 ] 127.0.0.1 /index.php/Admin/Course/lists/p/2/2
INFO: [ app_init ] --START--
INFO: Run Behavior\BuildLiteBehavior [ RunTime:0.000010s ]
INFO: [ app_init ] --END-- [ RunTime:0.000225s ]
INFO: [ app_begin ] --START--
INFO: Run Behavior\ReadHtmlCacheBehavior [ RunTime:0.000443s ]
INFO: [ app_begin ] --END-- [ RunTime:0.000485s ]
SQL: SHOW COLUMNS FROM `ks_course` [ RunTime:0.0004s ]
NOTIC: [8] Undefined variable: where /web/docs/tikuadmin.com/Application/Admin/Controller/CommonController.class.php 第 25 行.
SQL: SELECT * FROM `ks_course` LIMIT 20,20   [ RunTime:0.0002s ]
NOTIC: [8] Undefined variable: where /web/docs/tikuadmin.com/Application/Admin/Controller/CommonController.class.php 第 27 行.
SQL: SELECT COUNT(*) AS tp_count FROM `ks_course` LIMIT 1   [ RunTime:0.0001s ]

[ 2017-04-04T23:38:25+08:00 ] 127.0.0.1 /index.php/Admin/Course/lists/p/2/2
INFO: [ app_init ] --START--
INFO: Run Behavior\BuildLiteBehavior [ RunTime:0.000009s ]
INFO: [ app_init ] --END-- [ RunTime:0.000195s ]
INFO: [ app_begin ] --START--
INFO: Run Behavior\ReadHtmlCacheBehavior [ RunTime:0.000228s ]
INFO: [ app_begin ] --END-- [ RunTime:0.000254s ]
SQL: SHOW COLUMNS FROM `ks_course` [ RunTime:0.0004s ]
NOTIC: [8] Undefined variable: where /web/docs/tikuadmin.com/Application/Admin/Controller/CommonController.class.php 第 25 行.
SQL: SELECT * FROM `ks_course` LIMIT 20,20   [ RunTime:0.0002s ]
NOTIC: [8] Undefined variable: where /web/docs/tikuadmin.com/Application/Admin/Controller/CommonController.class.php 第 27 行.
SQL: SELECT COUNT(*) AS tp_count FROM `ks_course` LIMIT 1   [ RunTime:0.0002s ]

[ 2017-04-04T23:38:41+08:00 ] 127.0.0.1 /index.php/Admin/Course/lists/p/2/2
INFO: [ app_init ] --START--
INFO: Run Behavior\BuildLiteBehavior [ RunTime:0.000010s ]
INFO: [ app_init ] --END-- [ RunTime:0.000190s ]
INFO: [ app_begin ] --START--
INFO: Run Behavior\ReadHtmlCacheBehavior [ RunTime:0.000229s ]
INFO: [ app_begin ] --END-- [ RunTime:0.000256s ]
SQL: SHOW COLUMNS FROM `ks_course` [ RunTime:0.0007s ]
NOTIC: [8] Undefined variable: where /web/docs/tikuadmin.com/Application/Admin/Controller/CommonController.class.php 第 25 行.
SQL: SELECT * FROM `ks_course` LIMIT 20,20   [ RunTime:0.0003s ]
NOTIC: [8] Undefined variable: where /web/docs/tikuadmin.com/Application/Admin/Controller/CommonController.class.php 第 27 行.
SQL: SELECT COUNT(*) AS tp_count FROM `ks_course` LIMIT 1   [ RunTime:0.0002s ]

[ 2017-04-04T23:38:48+08:00 ] 127.0.0.1 /index.php/Admin/Course/lists/p/2/2
INFO: [ app_init ] --START--
INFO: Run Behavior\BuildLiteBehavior [ RunTime:0.000007s ]
INFO: [ app_init ] --END-- [ RunTime:0.000166s ]
INFO: [ app_begin ] --START--
INFO: Run Behavior\ReadHtmlCacheBehavior [ RunTime:0.000244s ]
INFO: [ app_begin ] --END-- [ RunTime:0.000270s ]
SQL: SHOW COLUMNS FROM `ks_course` [ RunTime:0.0006s ]
NOTIC: [8] Undefined variable: where /web/docs/tikuadmin.com/Application/Admin/Controller/CommonController.class.php 第 25 行.
SQL: SELECT * FROM `ks_course` LIMIT 20,20   [ RunTime:0.0003s ]
NOTIC: [8] Undefined variable: where /web/docs/tikuadmin.com/Application/Admin/Controller/CommonController.class.php 第 27 行.
SQL: SELECT COUNT(*) AS tp_count FROM `ks_course` LIMIT 1   [ RunTime:0.0002s ]

[ 2017-04-04T23:38:49+08:00 ] 127.0.0.1 /index.php/Admin/Course/lists/p/2/2
INFO: [ app_init ] --START--
INFO: Run Behavior\BuildLiteBehavior [ RunTime:0.000007s ]
INFO: [ app_init ] --END-- [ RunTime:0.000182s ]
INFO: [ app_begin ] --START--
INFO: Run Behavior\ReadHtmlCacheBehavior [ RunTime:0.000226s ]
INFO: [ app_begin ] --END-- [ RunTime:0.000254s ]
SQL: SHOW COLUMNS FROM `ks_course` [ RunTime:0.0005s ]
NOTIC: [8] Undefined variable: where /web/docs/tikuadmin.com/Application/Admin/Controller/CommonController.class.php 第 25 行.
SQL: SELECT * FROM `ks_course` LIMIT 20,20   [ RunTime:0.0003s ]
NOTIC: [8] Undefined variable: where /web/docs/tikuadmin.com/Application/Admin/Controller/CommonController.class.php 第 27 行.
SQL: SELECT COUNT(*) AS tp_count FROM `ks_course` LIMIT 1   [ RunTime:0.0002s ]

[ 2017-04-04T23:38:57+08:00 ] 127.0.0.1 /index.php/Admin/Course/lists/p/2/2
INFO: [ app_init ] --START--
INFO: Run Behavior\BuildLiteBehavior [ RunTime:0.000008s ]
INFO: [ app_init ] --END-- [ RunTime:0.000177s ]
INFO: [ app_begin ] --START--
INFO: Run Behavior\ReadHtmlCacheBehavior [ RunTime:0.000214s ]
INFO: [ app_begin ] --END-- [ RunTime:0.000240s ]
SQL: SHOW COLUMNS FROM `ks_course` [ RunTime:0.0005s ]
NOTIC: [8] Undefined variable: where /web/docs/tikuadmin.com/Application/Admin/Controller/CommonController.class.php 第 25 行.
SQL: SELECT * FROM `ks_course` LIMIT 20,20   [ RunTime:0.0002s ]
NOTIC: [8] Undefined variable: where /web/docs/tikuadmin.com/Application/Admin/Controller/CommonController.class.php 第 27 行.
SQL: SELECT COUNT(*) AS tp_count FROM `ks_course` LIMIT 1   [ RunTime:0.0002s ]

[ 2017-04-04T23:39:15+08:00 ] 127.0.0.1 //index.php/Admin/Course/lists/p/%20123.html
INFO: [ app_init ] --START--
INFO: Run Behavior\BuildLiteBehavior [ RunTime:0.000010s ]
INFO: [ app_init ] --END-- [ RunTime:0.000199s ]
INFO: [ app_begin ] --START--
INFO: Run Behavior\ReadHtmlCacheBehavior [ RunTime:0.000410s ]
INFO: [ app_begin ] --END-- [ RunTime:0.000487s ]
SQL: SHOW COLUMNS FROM `ks_course` [ RunTime:0.0005s ]
NOTIC: [8] Undefined variable: where /web/docs/tikuadmin.com/Application/Admin/Controller/CommonController.class.php 第 25 行.
SQL: SELECT * FROM `ks_course` LIMIT 2440,20   [ RunTime:0.0003s ]
NOTIC: [8] Undefined variable: where /web/docs/tikuadmin.com/Application/Admin/Controller/CommonController.class.php 第 27 行.
SQL: SELECT COUNT(*) AS tp_count FROM `ks_course` LIMIT 1   [ RunTime:0.0002s ]

[ 2017-04-04T23:39:46+08:00 ] 127.0.0.1 //index.php/Admin/Course/lists/p/%20123.html
INFO: [ app_init ] --START--
INFO: Run Behavior\BuildLiteBehavior [ RunTime:0.000008s ]
INFO: [ app_init ] --END-- [ RunTime:0.000193s ]
INFO: [ app_begin ] --START--
INFO: Run Behavior\ReadHtmlCacheBehavior [ RunTime:0.000228s ]
INFO: [ app_begin ] --END-- [ RunTime:0.000257s ]
SQL: SHOW COLUMNS FROM `ks_course` [ RunTime:0.0006s ]
NOTIC: [8] Undefined variable: where /web/docs/tikuadmin.com/Application/Admin/Controller/CommonController.class.php 第 25 行.
SQL: SELECT * FROM `ks_course` LIMIT 2440,20   [ RunTime:0.0003s ]
NOTIC: [8] Undefined variable: where /web/docs/tikuadmin.com/Application/Admin/Controller/CommonController.class.php 第 27 行.
SQL: SELECT COUNT(*) AS tp_count FROM `ks_course` LIMIT 1   [ RunTime:0.0002s ]

[ 2017-04-04T23:39:48+08:00 ] 127.0.0.1 //index.php/Admin/Course/lists/p/%20123.html
INFO: [ app_init ] --START--
INFO: Run Behavior\BuildLiteBehavior [ RunTime:0.000008s ]
INFO: [ app_init ] --END-- [ RunTime:0.000183s ]
INFO: [ app_begin ] --START--
INFO: Run Behavior\ReadHtmlCacheBehavior [ RunTime:0.000348s ]
INFO: [ app_begin ] --END-- [ RunTime:0.000385s ]
SQL: SHOW COLUMNS FROM `ks_course` [ RunTime:0.0006s ]
NOTIC: [8] Undefined variable: where /web/docs/tikuadmin.com/Application/Admin/Controller/CommonController.class.php 第 25 行.
SQL: SELECT * FROM `ks_course` LIMIT 2440,20   [ RunTime:0.0003s ]
NOTIC: [8] Undefined variable: where /web/docs/tikuadmin.com/Application/Admin/Controller/CommonController.class.php 第 27 行.
SQL: SELECT COUNT(*) AS tp_count FROM `ks_course` LIMIT 1   [ RunTime:0.0002s ]

[ 2017-04-04T23:40:33+08:00 ] 127.0.0.1 //index.php/Admin/Course/lists/p/%20123.html
INFO: [ app_init ] --START--
INFO: Run Behavior\BuildLiteBehavior [ RunTime:0.000018s ]
INFO: [ app_init ] --END-- [ RunTime:0.000301s ]
INFO: [ app_begin ] --START--
INFO: Run Behavior\ReadHtmlCacheBehavior [ RunTime:0.000262s ]
INFO: [ app_begin ] --END-- [ RunTime:0.000295s ]
SQL: SHOW COLUMNS FROM `ks_course` [ RunTime:0.0004s ]
NOTIC: [8] Undefined variable: where /web/docs/tikuadmin.com/Application/Admin/Controller/CommonController.class.php 第 25 行.
SQL: SELECT * FROM `ks_course` LIMIT 2440,20   [ RunTime:0.0003s ]
NOTIC: [8] Undefined variable: where /web/docs/tikuadmin.com/Application/Admin/Controller/CommonController.class.php 第 27 行.
SQL: SELECT COUNT(*) AS tp_count FROM `ks_course` LIMIT 1   [ RunTime:0.0002s ]

[ 2017-04-04T23:41:07+08:00 ] 127.0.0.1 //index.php/Admin/Course/lists/p/%20123.html
INFO: [ app_init ] --START--
INFO: Run Behavior\BuildLiteBehavior [ RunTime:0.000008s ]
INFO: [ app_init ] --END-- [ RunTime:0.000173s ]
INFO: [ app_begin ] --START--
INFO: Run Behavior\ReadHtmlCacheBehavior [ RunTime:0.000217s ]
INFO: [ app_begin ] --END-- [ RunTime:0.000243s ]
SQL: SHOW COLUMNS FROM `ks_course` [ RunTime:0.0004s ]
NOTIC: [8] Undefined variable: where /web/docs/tikuadmin.com/Application/Admin/Controller/CommonController.class.php 第 25 行.
SQL: SELECT * FROM `ks_course` LIMIT 2440,20   [ RunTime:0.0002s ]
NOTIC: [8] Undefined variable: where /web/docs/tikuadmin.com/Application/Admin/Controller/CommonController.class.php 第 27 行.
SQL: SELECT COUNT(*) AS tp_count FROM `ks_course` LIMIT 1   [ RunTime:0.0002s ]

[ 2017-04-04T23:41:24+08:00 ] 127.0.0.1 /index.php/Admin/Course/lists/p/1.html
INFO: [ app_init ] --START--
INFO: Run Behavior\BuildLiteBehavior [ RunTime:0.000031s ]
INFO: [ app_init ] --END-- [ RunTime:0.000572s ]
INFO: [ app_begin ] --START--
INFO: Run Behavior\ReadHtmlCacheBehavior [ RunTime:0.000265s ]
INFO: [ app_begin ] --END-- [ RunTime:0.000300s ]
SQL: SHOW COLUMNS FROM `ks_course` [ RunTime:0.0004s ]
NOTIC: [8] Undefined variable: where /web/docs/tikuadmin.com/Application/Admin/Controller/CommonController.class.php 第 25 行.
SQL: SELECT * FROM `ks_course` LIMIT 0,20   [ RunTime:0.0002s ]
NOTIC: [8] Undefined variable: where /web/docs/tikuadmin.com/Application/Admin/Controller/CommonController.class.php 第 27 行.
SQL: SELECT COUNT(*) AS tp_count FROM `ks_course` LIMIT 1   [ RunTime:0.0002s ]

[ 2017-04-04T23:41:36+08:00 ] 127.0.0.1 /index.php/Admin/Course/lists/p/1/name/maying.html
INFO: [ app_init ] --START--
INFO: Run Behavior\BuildLiteBehavior [ RunTime:0.000009s ]
INFO: [ app_init ] --END-- [ RunTime:0.000215s ]
INFO: [ app_begin ] --START--
INFO: Run Behavior\ReadHtmlCacheBehavior [ RunTime:0.000304s ]
INFO: [ app_begin ] --END-- [ RunTime:0.000359s ]
SQL: SHOW COLUMNS FROM `ks_course` [ RunTime:0.0004s ]
NOTIC: [8] Undefined variable: where /web/docs/tikuadmin.com/Application/Admin/Controller/CommonController.class.php 第 25 行.
SQL: SELECT * FROM `ks_course` LIMIT 0,20   [ RunTime:0.0002s ]
NOTIC: [8] Undefined variable: where /web/docs/tikuadmin.com/Application/Admin/Controller/CommonController.class.php 第 27 行.
SQL: SELECT COUNT(*) AS tp_count FROM `ks_course` LIMIT 1   [ RunTime:0.0002s ]

[ 2017-04-04T23:41:41+08:00 ] 127.0.0.1 /index.php/Admin/Course/lists/p/2/name/maying.html
INFO: [ app_init ] --START--
INFO: Run Behavior\BuildLiteBehavior [ RunTime:0.000007s ]
INFO: [ app_init ] --END-- [ RunTime:0.000167s ]
INFO: [ app_begin ] --START--
INFO: Run Behavior\ReadHtmlCacheBehavior [ RunTime:0.000210s ]
INFO: [ app_begin ] --END-- [ RunTime:0.000236s ]
SQL: SHOW COLUMNS FROM `ks_course` [ RunTime:0.0004s ]
NOTIC: [8] Undefined variable: where /web/docs/tikuadmin.com/Application/Admin/Controller/CommonController.class.php 第 25 行.
SQL: SELECT * FROM `ks_course` LIMIT 20,20   [ RunTime:0.0002s ]
NOTIC: [8] Undefined variable: where /web/docs/tikuadmin.com/Application/Admin/Controller/CommonController.class.php 第 27 行.
SQL: SELECT COUNT(*) AS tp_count FROM `ks_course` LIMIT 1   [ RunTime:0.0002s ]

[ 2017-04-04T23:41:44+08:00 ] 127.0.0.1 /index.php/Admin/Course/lists/p/4/name/maying.html
INFO: [ app_init ] --START--
INFO: Run Behavior\BuildLiteBehavior [ RunTime:0.000007s ]
INFO: [ app_init ] --END-- [ RunTime:0.000168s ]
INFO: [ app_begin ] --START--
INFO: Run Behavior\ReadHtmlCacheBehavior [ RunTime:0.000210s ]
INFO: [ app_begin ] --END-- [ RunTime:0.000236s ]
SQL: SHOW COLUMNS FROM `ks_course` [ RunTime:0.0004s ]
NOTIC: [8] Undefined variable: where /web/docs/tikuadmin.com/Application/Admin/Controller/CommonController.class.php 第 25 行.
SQL: SELECT * FROM `ks_course` LIMIT 60,20   [ RunTime:0.0003s ]
NOTIC: [8] Undefined variable: where /web/docs/tikuadmin.com/Application/Admin/Controller/CommonController.class.php 第 27 行.
SQL: SELECT COUNT(*) AS tp_count FROM `ks_course` LIMIT 1   [ RunTime:0.0002s ]

[ 2017-04-04T23:51:11+08:00 ] 127.0.0.1 /index.php/Admin/Course/lists/p/4/name/maying.html
INFO: [ app_init ] --START--
INFO: Run Behavior\BuildLiteBehavior [ RunTime:0.000009s ]
INFO: [ app_init ] --END-- [ RunTime:0.000177s ]
INFO: [ app_begin ] --START--
INFO: Run Behavior\ReadHtmlCacheBehavior [ RunTime:0.000216s ]
INFO: [ app_begin ] --END-- [ RunTime:0.000242s ]
SQL: SHOW COLUMNS FROM `ks_course` [ RunTime:0.0005s ]
NOTIC: [8] Undefined variable: where /web/docs/tikuadmin.com/Application/Admin/Controller/CommonController.class.php 第 25 行.
SQL: SELECT * FROM `ks_course` LIMIT 60,20   [ RunTime:0.0002s ]
NOTIC: [8] Undefined variable: where /web/docs/tikuadmin.com/Application/Admin/Controller/CommonController.class.php 第 27 行.
SQL: SELECT COUNT(*) AS tp_count FROM `ks_course` LIMIT 1   [ RunTime:0.0002s ]
INFO: [ app_end ] --START--
INFO: Run Behavior\ShowPageTraceBehavior [ RunTime:0.000290s ]
INFO: [ app_end ] --END-- [ RunTime:0.000317s ]

[ 2017-04-04T23:51:17+08:00 ] 127.0.0.1 /index.php/Admin/Course/lists/p/4/name/maying.html
INFO: [ app_init ] --START--
INFO: Run Behavior\BuildLiteBehavior [ RunTime:0.000009s ]
INFO: [ app_init ] --END-- [ RunTime:0.000186s ]
INFO: [ app_begin ] --START--
INFO: Run Behavior\ReadHtmlCacheBehavior [ RunTime:0.000228s ]
INFO: [ app_begin ] --END-- [ RunTime:0.000257s ]
SQL: SHOW COLUMNS FROM `ks_course` [ RunTime:0.0004s ]
NOTIC: [8] Undefined variable: where /web/docs/tikuadmin.com/Application/Admin/Controller/CommonController.class.php 第 25 行.
SQL: SELECT * FROM `ks_course` LIMIT 60,20   [ RunTime:0.0002s ]
NOTIC: [8] Undefined variable: where /web/docs/tikuadmin.com/Application/Admin/Controller/CommonController.class.php 第 27 行.
SQL: SELECT COUNT(*) AS tp_count FROM `ks_course` LIMIT 1   [ RunTime:0.0002s ]
INFO: [ app_end ] --START--
INFO: Run Behavior\ShowPageTraceBehavior [ RunTime:0.000349s ]
INFO: [ app_end ] --END-- [ RunTime:0.000383s ]

[ 2017-04-04T23:52:31+08:00 ] 127.0.0.1 /index.php/Admin/Course/lists/p/4/name/maying.html
INFO: [ app_init ] --START--
INFO: Run Behavior\BuildLiteBehavior [ RunTime:0.000009s ]
INFO: [ app_init ] --END-- [ RunTime:0.000272s ]
INFO: [ app_begin ] --START--
INFO: Run Behavior\ReadHtmlCacheBehavior [ RunTime:0.000221s ]
INFO: [ app_begin ] --END-- [ RunTime:0.000248s ]
SQL: SHOW COLUMNS FROM `ks_course` [ RunTime:0.0005s ]
NOTIC: [8] Undefined variable: where /web/docs/tikuadmin.com/Application/Admin/Controller/CommonController.class.php 第 25 行.
SQL: SELECT * FROM `ks_course` LIMIT 60,20   [ RunTime:0.0003s ]
NOTIC: [8] Undefined variable: where /web/docs/tikuadmin.com/Application/Admin/Controller/CommonController.class.php 第 27 行.
SQL: SELECT COUNT(*) AS tp_count FROM `ks_course` LIMIT 1   [ RunTime:0.0002s ]
INFO: [ app_end ] --START--
INFO: Run Behavior\ShowPageTraceBehavior [ RunTime:0.000294s ]
INFO: [ app_end ] --END-- [ RunTime:0.000321s ]

[ 2017-04-04T23:53:38+08:00 ] 127.0.0.1 /index.php/Admin/Course/lists/p/4/name/maying.html
INFO: [ app_init ] --START--
INFO: Run Behavior\BuildLiteBehavior [ RunTime:0.000007s ]
INFO: [ app_init ] --END-- [ RunTime:0.000167s ]
INFO: [ app_begin ] --START--
INFO: Run Behavior\ReadHtmlCacheBehavior [ RunTime:0.000214s ]
INFO: [ app_begin ] --END-- [ RunTime:0.000240s ]
SQL: SHOW COLUMNS FROM `ks_course` [ RunTime:0.0004s ]
NOTIC: [8] Undefined variable: where /web/docs/tikuadmin.com/Application/Admin/Controller/CommonController.class.php 第 25 行.
SQL: SELECT * FROM `ks_course` LIMIT 60,20   [ RunTime:0.0002s ]
NOTIC: [8] Undefined variable: where /web/docs/tikuadmin.com/Application/Admin/Controller/CommonController.class.php 第 27 行.
SQL: SELECT COUNT(*) AS tp_count FROM `ks_course` LIMIT 1   [ RunTime:0.0002s ]
INFO: [ app_end ] --START--
INFO: Run Behavior\ShowPageTraceBehavior [ RunTime:0.000349s ]
INFO: [ app_end ] --END-- [ RunTime:0.000382s ]

[ 2017-04-04T23:56:51+08:00 ] 127.0.0.1 /index.php/Admin/Course/lists/p/4/name/maying.html
INFO: [ app_init ] --START--
INFO: Run Behavior\BuildLiteBehavior [ RunTime:0.000007s ]
INFO: [ app_init ] --END-- [ RunTime:0.000173s ]
INFO: [ app_begin ] --START--
INFO: Run Behavior\ReadHtmlCacheBehavior [ RunTime:0.000216s ]
INFO: [ app_begin ] --END-- [ RunTime:0.000241s ]
SQL: SHOW COLUMNS FROM `ks_course` [ RunTime:0.0004s ]
NOTIC: [8] Undefined variable: where /web/docs/tikuadmin.com/Application/Admin/Controller/CommonController.class.php 第 25 行.
SQL: SELECT * FROM `ks_course` LIMIT 60,20   [ RunTime:0.0002s ]
NOTIC: [8] Undefined variable: where /web/docs/tikuadmin.com/Application/Admin/Controller/CommonController.class.php 第 27 行.
SQL: SELECT COUNT(*) AS tp_count FROM `ks_course` LIMIT 1   [ RunTime:0.0002s ]
INFO: [ view_parse ] --START--
INFO: [ template_filter ] --START--
INFO: Run Behavior\ContentReplaceBehavior [ RunTime:0.000038s ]
INFO: [ template_filter ] --END-- [ RunTime:0.000072s ]
INFO: Run Behavior\ParseTemplateBehavior [ RunTime:0.006033s ]
INFO: [ view_parse ] --END-- [ RunTime:0.006078s ]
INFO: [ view_filter ] --START--
INFO: Run Behavior\WriteHtmlCacheBehavior [ RunTime:0.000096s ]
INFO: [ view_filter ] --END-- [ RunTime:0.000118s ]
INFO: [ app_end ] --START--
INFO: Run Behavior\ShowPageTraceBehavior [ RunTime:0.000303s ]
INFO: [ app_end ] --END-- [ RunTime:0.000343s ]

[ 2017-04-04T23:56:51+08:00 ] 127.0.0.1 /index.php/Admin/Course/lists/p/4/name/favicon.ico
INFO: [ app_init ] --START--
INFO: Run Behavior\BuildLiteBehavior [ RunTime:0.000050s ]
INFO: [ app_init ] --END-- [ RunTime:0.000560s ]

[ 2017-04-04T23:56:58+08:00 ] 127.0.0.1 /index.php/Admin/Course/lists/p/1/name/maying.html
INFO: [ app_init ] --START--
INFO: Run Behavior\BuildLiteBehavior [ RunTime:0.000007s ]
INFO: [ app_init ] --END-- [ RunTime:0.000169s ]
INFO: [ app_begin ] --START--
INFO: Run Behavior\ReadHtmlCacheBehavior [ RunTime:0.000219s ]
INFO: [ app_begin ] --END-- [ RunTime:0.000245s ]
SQL: SHOW COLUMNS FROM `ks_course` [ RunTime:0.0005s ]
NOTIC: [8] Undefined variable: where /web/docs/tikuadmin.com/Application/Admin/Controller/CommonController.class.php 第 25 行.
SQL: SELECT * FROM `ks_course` LIMIT 0,20   [ RunTime:0.0003s ]
NOTIC: [8] Undefined variable: where /web/docs/tikuadmin.com/Application/Admin/Controller/CommonController.class.php 第 27 行.
SQL: SELECT COUNT(*) AS tp_count FROM `ks_course` LIMIT 1   [ RunTime:0.0002s ]
NOTIC: [8] Undefined variable: disabled /web/docs/tikuadmin.com/Application/Admin/Model/BaseModel.class.php 第 30 行.
INFO: [ view_parse ] --START--
INFO: [ template_filter ] --START--
INFO: Run Behavior\ContentReplaceBehavior [ RunTime:0.000033s ]
INFO: [ template_filter ] --END-- [ RunTime:0.000061s ]
INFO: Run Behavior\ParseTemplateBehavior [ RunTime:0.003978s ]
INFO: [ view_parse ] --END-- [ RunTime:0.004012s ]
INFO: [ view_filter ] --START--
INFO: Run Behavior\WriteHtmlCacheBehavior [ RunTime:0.000083s ]
INFO: [ view_filter ] --END-- [ RunTime:0.000104s ]
INFO: [ app_end ] --START--
INFO: Run Behavior\ShowPageTraceBehavior [ RunTime:0.000242s ]
INFO: [ app_end ] --END-- [ RunTime:0.000267s ]

[ 2017-04-04T23:56:58+08:00 ] 127.0.0.1 /index.php/Admin/Course/lists/p/1/name/favicon.ico
INFO: [ app_init ] --START--
INFO: Run Behavior\BuildLiteBehavior [ RunTime:0.000013s ]
INFO: [ app_init ] --END-- [ RunTime:0.000290s ]

[ 2017-04-04T23:57:02+08:00 ] 127.0.0.1 /index.php/Admin/Course/lists/p/1/name/maying.html
INFO: [ app_init ] --START--
INFO: Run Behavior\BuildLiteBehavior [ RunTime:0.000018s ]
INFO: [ app_init ] --END-- [ RunTime:0.000507s ]
INFO: [ app_begin ] --START--
INFO: Run Behavior\ReadHtmlCacheBehavior [ RunTime:0.000294s ]
INFO: [ app_begin ] --END-- [ RunTime:0.000336s ]
SQL: SHOW COLUMNS FROM `ks_course` [ RunTime:0.0004s ]
NOTIC: [8] Undefined variable: where /web/docs/tikuadmin.com/Application/Admin/Controller/CommonController.class.php 第 25 行.
SQL: SELECT * FROM `ks_course` LIMIT 0,20   [ RunTime:0.0002s ]
NOTIC: [8] Undefined variable: where /web/docs/tikuadmin.com/Application/Admin/Controller/CommonController.class.php 第 27 行.
SQL: SELECT COUNT(*) AS tp_count FROM `ks_course` LIMIT 1   [ RunTime:0.0002s ]
NOTIC: [8] Undefined variable: disabled /web/docs/tikuadmin.com/Application/Admin/Model/BaseModel.class.php 第 30 行.
INFO: [ view_parse ] --START--
INFO: [ template_filter ] --START--
INFO: Run Behavior\ContentReplaceBehavior [ RunTime:0.000045s ]
INFO: [ template_filter ] --END-- [ RunTime:0.000093s ]
INFO: Run Behavior\ParseTemplateBehavior [ RunTime:0.004988s ]
INFO: [ view_parse ] --END-- [ RunTime:0.005025s ]
INFO: [ view_filter ] --START--
INFO: Run Behavior\WriteHtmlCacheBehavior [ RunTime:0.000099s ]
INFO: [ view_filter ] --END-- [ RunTime:0.000123s ]
INFO: [ app_end ] --START--
INFO: Run Behavior\ShowPageTraceBehavior [ RunTime:0.000408s ]
INFO: [ app_end ] --END-- [ RunTime:0.000450s ]

[ 2017-04-04T23:57:17+08:00 ] 127.0.0.1 /index.php/Admin/Course/lists/p/1/name/maying.html
INFO: [ app_init ] --START--
INFO: Run Behavior\BuildLiteBehavior [ RunTime:0.000010s ]
INFO: [ app_init ] --END-- [ RunTime:0.000372s ]
INFO: [ app_begin ] --START--
INFO: Run Behavior\ReadHtmlCacheBehavior [ RunTime:0.000246s ]
INFO: [ app_begin ] --END-- [ RunTime:0.000279s ]
SQL: SHOW COLUMNS FROM `ks_course` [ RunTime:0.0006s ]
NOTIC: [8] Undefined variable: where /web/docs/tikuadmin.com/Application/Admin/Controller/CommonController.class.php 第 25 行.
SQL: SELECT * FROM `ks_course` LIMIT 0,20   [ RunTime:0.0006s ]
NOTIC: [8] Undefined variable: where /web/docs/tikuadmin.com/Application/Admin/Controller/CommonController.class.php 第 27 行.
SQL: SELECT COUNT(*) AS tp_count FROM `ks_course` LIMIT 1   [ RunTime:0.0003s ]
NOTIC: [8] Undefined variable: disabled /web/docs/tikuadmin.com/Application/Admin/Model/BaseModel.class.php 第 30 行.
INFO: [ view_parse ] --START--
INFO: [ template_filter ] --START--
INFO: Run Behavior\ContentReplaceBehavior [ RunTime:0.000073s ]
INFO: [ template_filter ] --END-- [ RunTime:0.000119s ]
INFO: Run Behavior\ParseTemplateBehavior [ RunTime:0.004545s ]
INFO: [ view_parse ] --END-- [ RunTime:0.004629s ]
INFO: [ view_filter ] --START--
INFO: Run Behavior\WriteHtmlCacheBehavior [ RunTime:0.000093s ]
INFO: [ view_filter ] --END-- [ RunTime:0.000114s ]
INFO: [ app_end ] --START--
INFO: Run Behavior\ShowPageTraceBehavior [ RunTime:0.000380s ]
INFO: [ app_end ] --END-- [ RunTime:0.000418s ]

[ 2017-04-04T23:57:21+08:00 ] 127.0.0.1 /index.php/Admin/Course/lists/p/2/name/maying.html
INFO: [ app_init ] --START--
INFO: Run Behavior\BuildLiteBehavior [ RunTime:0.000009s ]
INFO: [ app_init ] --END-- [ RunTime:0.000194s ]
INFO: [ app_begin ] --START--
INFO: Run Behavior\ReadHtmlCacheBehavior [ RunTime:0.000291s ]
INFO: [ app_begin ] --END-- [ RunTime:0.000344s ]
SQL: SHOW COLUMNS FROM `ks_course` [ RunTime:0.0008s ]
NOTIC: [8] Undefined variable: where /web/docs/tikuadmin.com/Application/Admin/Controller/CommonController.class.php 第 25 行.
SQL: SELECT * FROM `ks_course` LIMIT 20,20   [ RunTime:0.0004s ]
NOTIC: [8] Undefined variable: where /web/docs/tikuadmin.com/Application/Admin/Controller/CommonController.class.php 第 27 行.
SQL: SELECT COUNT(*) AS tp_count FROM `ks_course` LIMIT 1   [ RunTime:0.0005s ]
INFO: [ view_parse ] --START--
INFO: [ template_filter ] --START--
INFO: Run Behavior\ContentReplaceBehavior [ RunTime:0.000039s ]
INFO: [ template_filter ] --END-- [ RunTime:0.000078s ]
INFO: Run Behavior\ParseTemplateBehavior [ RunTime:0.006022s ]
INFO: [ view_parse ] --END-- [ RunTime:0.006089s ]
INFO: [ view_filter ] --START--
INFO: Run Behavior\WriteHtmlCacheBehavior [ RunTime:0.000155s ]
INFO: [ view_filter ] --END-- [ RunTime:0.000195s ]
INFO: [ app_end ] --START--
INFO: Run Behavior\ShowPageTraceBehavior [ RunTime:0.000373s ]
INFO: [ app_end ] --END-- [ RunTime:0.000424s ]

[ 2017-04-04T23:57:21+08:00 ] 127.0.0.1 /index.php/Admin/Course/lists/p/2/name/favicon.ico
INFO: [ app_init ] --START--
INFO: Run Behavior\BuildLiteBehavior [ RunTime:0.000009s ]
INFO: [ app_init ] --END-- [ RunTime:0.000180s ]

[ 2017-04-04T23:57:22+08:00 ] 127.0.0.1 /index.php/Admin/Course/lists/p/1/name/maying.html
INFO: [ app_init ] --START--
INFO: Run Behavior\BuildLiteBehavior [ RunTime:0.000008s ]
INFO: [ app_init ] --END-- [ RunTime:0.000169s ]
INFO: [ app_begin ] --START--
INFO: Run Behavior\ReadHtmlCacheBehavior [ RunTime:0.000306s ]
INFO: [ app_begin ] --END-- [ RunTime:0.000343s ]
SQL: SHOW COLUMNS FROM `ks_course` [ RunTime:0.0007s ]
NOTIC: [8] Undefined variable: where /web/docs/tikuadmin.com/Application/Admin/Controller/CommonController.class.php 第 25 行.
SQL: SELECT * FROM `ks_course` LIMIT 0,20   [ RunTime:0.0007s ]
NOTIC: [8] Undefined variable: where /web/docs/tikuadmin.com/Application/Admin/Controller/CommonController.class.php 第 27 行.
SQL: SELECT COUNT(*) AS tp_count FROM `ks_course` LIMIT 1   [ RunTime:0.0002s ]
NOTIC: [8] Undefined variable: disabled /web/docs/tikuadmin.com/Application/Admin/Model/BaseModel.class.php 第 30 行.
INFO: [ view_parse ] --START--
INFO: [ template_filter ] --START--
INFO: Run Behavior\ContentReplaceBehavior [ RunTime:0.000035s ]
INFO: [ template_filter ] --END-- [ RunTime:0.000065s ]
INFO: Run Behavior\ParseTemplateBehavior [ RunTime:0.003777s ]
INFO: [ view_parse ] --END-- [ RunTime:0.003807s ]
INFO: [ view_filter ] --START--
INFO: Run Behavior\WriteHtmlCacheBehavior [ RunTime:0.000105s ]
INFO: [ view_filter ] --END-- [ RunTime:0.000150s ]
INFO: [ app_end ] --START--
INFO: Run Behavior\ShowPageTraceBehavior [ RunTime:0.000281s ]
INFO: [ app_end ] --END-- [ RunTime:0.000306s ]

[ 2017-04-04T23:57:26+08:00 ] 127.0.0.1 /index.php/Admin/Course/lists/p/2/name/maying.html
INFO: [ app_init ] --START--
INFO: Run Behavior\BuildLiteBehavior [ RunTime:0.000008s ]
INFO: [ app_init ] --END-- [ RunTime:0.000177s ]
INFO: [ app_begin ] --START--
INFO: Run Behavior\ReadHtmlCacheBehavior [ RunTime:0.000218s ]
INFO: [ app_begin ] --END-- [ RunTime:0.000244s ]
SQL: SHOW COLUMNS FROM `ks_course` [ RunTime:0.0006s ]
NOTIC: [8] Undefined variable: where /web/docs/tikuadmin.com/Application/Admin/Controller/CommonController.class.php 第 25 行.
SQL: SELECT * FROM `ks_course` LIMIT 20,20   [ RunTime:0.0004s ]
NOTIC: [8] Undefined variable: where /web/docs/tikuadmin.com/Application/Admin/Controller/CommonController.class.php 第 27 行.
SQL: SELECT COUNT(*) AS tp_count FROM `ks_course` LIMIT 1   [ RunTime:0.0005s ]
INFO: [ view_parse ] --START--
INFO: [ template_filter ] --START--
INFO: Run Behavior\ContentReplaceBehavior [ RunTime:0.000034s ]
INFO: [ template_filter ] --END-- [ RunTime:0.000066s ]
INFO: Run Behavior\ParseTemplateBehavior [ RunTime:0.004374s ]
INFO: [ view_parse ] --END-- [ RunTime:0.004405s ]
INFO: [ view_filter ] --START--
INFO: Run Behavior\WriteHtmlCacheBehavior [ RunTime:0.000082s ]
INFO: [ view_filter ] --END-- [ RunTime:0.000102s ]
INFO: [ app_end ] --START--
INFO: Run Behavior\ShowPageTraceBehavior [ RunTime:0.000232s ]
INFO: [ app_end ] --END-- [ RunTime:0.000255s ]

[ 2017-04-04T23:57:28+08:00 ] 127.0.0.1 /index.php/Admin/Course/lists/p/1/name/maying.html
INFO: [ app_init ] --START--
INFO: Run Behavior\BuildLiteBehavior [ RunTime:0.000007s ]
INFO: [ app_init ] --END-- [ RunTime:0.000202s ]
INFO: [ app_begin ] --START--
INFO: Run Behavior\ReadHtmlCacheBehavior [ RunTime:0.000211s ]
INFO: [ app_begin ] --END-- [ RunTime:0.000237s ]
SQL: SHOW COLUMNS FROM `ks_course` [ RunTime:0.0011s ]
NOTIC: [8] Undefined variable: where /web/docs/tikuadmin.com/Application/Admin/Controller/CommonController.class.php 第 25 行.
SQL: SELECT * FROM `ks_course` LIMIT 0,20   [ RunTime:0.0004s ]
NOTIC: [8] Undefined variable: where /web/docs/tikuadmin.com/Application/Admin/Controller/CommonController.class.php 第 27 行.
SQL: SELECT COUNT(*) AS tp_count FROM `ks_course` LIMIT 1   [ RunTime:0.0002s ]
NOTIC: [8] Undefined variable: disabled /web/docs/tikuadmin.com/Application/Admin/Model/BaseModel.class.php 第 30 行.
INFO: [ view_parse ] --START--
INFO: [ template_filter ] --START--
INFO: Run Behavior\ContentReplaceBehavior [ RunTime:0.000036s ]
INFO: [ template_filter ] --END-- [ RunTime:0.000064s ]
INFO: Run Behavior\ParseTemplateBehavior [ RunTime:0.003709s ]
INFO: [ view_parse ] --END-- [ RunTime:0.003740s ]
INFO: [ view_filter ] --START--
INFO: Run Behavior\WriteHtmlCacheBehavior [ RunTime:0.000080s ]
INFO: [ view_filter ] --END-- [ RunTime:0.000100s ]
INFO: [ app_end ] --START--
INFO: Run Behavior\ShowPageTraceBehavior [ RunTime:0.000236s ]
INFO: [ app_end ] --END-- [ RunTime:0.000258s ]

[ 2017-04-04T23:57:30+08:00 ] 127.0.0.1 /index.php/Admin/Course/lists/p/2/name/maying.html
INFO: [ app_init ] --START--
INFO: Run Behavior\BuildLiteBehavior [ RunTime:0.000009s ]
INFO: [ app_init ] --END-- [ RunTime:0.000176s ]
INFO: [ app_begin ] --START--
INFO: Run Behavior\ReadHtmlCacheBehavior [ RunTime:0.000217s ]
INFO: [ app_begin ] --END-- [ RunTime:0.000244s ]
SQL: SHOW COLUMNS FROM `ks_course` [ RunTime:0.0004s ]
NOTIC: [8] Undefined variable: where /web/docs/tikuadmin.com/Application/Admin/Controller/CommonController.class.php 第 25 行.
SQL: SELECT * FROM `ks_course` LIMIT 20,20   [ RunTime:0.0002s ]
NOTIC: [8] Undefined variable: where /web/docs/tikuadmin.com/Application/Admin/Controller/CommonController.class.php 第 27 行.
SQL: SELECT COUNT(*) AS tp_count FROM `ks_course` LIMIT 1   [ RunTime:0.0002s ]
INFO: [ view_parse ] --START--
INFO: [ template_filter ] --START--
INFO: Run Behavior\ContentReplaceBehavior [ RunTime:0.000035s ]
INFO: [ template_filter ] --END-- [ RunTime:0.000063s ]
INFO: Run Behavior\ParseTemplateBehavior [ RunTime:0.003700s ]
INFO: [ view_parse ] --END-- [ RunTime:0.003730s ]
INFO: [ view_filter ] --START--
INFO: Run Behavior\WriteHtmlCacheBehavior [ RunTime:0.000084s ]
INFO: [ view_filter ] --END-- [ RunTime:0.000104s ]
INFO: [ app_end ] --START--
INFO: Run Behavior\ShowPageTraceBehavior [ RunTime:0.000237s ]
INFO: [ app_end ] --END-- [ RunTime:0.000259s ]

[ 2017-04-04T23:57:31+08:00 ] 127.0.0.1 /index.php/Admin/Course/lists/p/1/name/maying.html
INFO: [ app_init ] --START--
INFO: Run Behavior\BuildLiteBehavior [ RunTime:0.000027s ]
INFO: [ app_init ] --END-- [ RunTime:0.000402s ]
INFO: [ app_begin ] --START--
INFO: Run Behavior\ReadHtmlCacheBehavior [ RunTime:0.001032s ]
INFO: [ app_begin ] --END-- [ RunTime:0.001125s ]
SQL: SHOW COLUMNS FROM `ks_course` [ RunTime:0.0004s ]
NOTIC: [8] Undefined variable: where /web/docs/tikuadmin.com/Application/Admin/Controller/CommonController.class.php 第 25 行.
SQL: SELECT * FROM `ks_course` LIMIT 0,20   [ RunTime:0.0002s ]
NOTIC: [8] Undefined variable: where /web/docs/tikuadmin.com/Application/Admin/Controller/CommonController.class.php 第 27 行.
SQL: SELECT COUNT(*) AS tp_count FROM `ks_course` LIMIT 1   [ RunTime:0.0001s ]
NOTIC: [8] Undefined variable: disabled /web/docs/tikuadmin.com/Application/Admin/Model/BaseModel.class.php 第 30 行.
INFO: [ view_parse ] --START--
INFO: [ template_filter ] --START--
INFO: Run Behavior\ContentReplaceBehavior [ RunTime:0.000034s ]
INFO: [ template_filter ] --END-- [ RunTime:0.000065s ]
INFO: Run Behavior\ParseTemplateBehavior [ RunTime:0.003740s ]
INFO: [ view_parse ] --END-- [ RunTime:0.003772s ]
INFO: [ view_filter ] --START--
INFO: Run Behavior\WriteHtmlCacheBehavior [ RunTime:0.000097s ]
INFO: [ view_filter ] --END-- [ RunTime:0.000124s ]
INFO: [ app_end ] --START--
INFO: Run Behavior\ShowPageTraceBehavior [ RunTime:0.000289s ]
INFO: [ app_end ] --END-- [ RunTime:0.000314s ]

[ 2017-04-04T23:58:33+08:00 ] 127.0.0.1 /index.php/Admin/Course/lists/p/1/name/maying.html
INFO: [ app_init ] --START--
INFO: Run Behavior\BuildLiteBehavior [ RunTime:0.000009s ]
INFO: [ app_init ] --END-- [ RunTime:0.000172s ]
INFO: [ app_begin ] --START--
INFO: Run Behavior\ReadHtmlCacheBehavior [ RunTime:0.000288s ]
INFO: [ app_begin ] --END-- [ RunTime:0.000330s ]
SQL: SHOW COLUMNS FROM `ks_course` [ RunTime:0.0008s ]
NOTIC: [8] Undefined variable: where /web/docs/tikuadmin.com/Application/Admin/Controller/CommonController.class.php 第 25 行.
SQL: SELECT * FROM `ks_course` LIMIT 0,20   [ RunTime:0.0005s ]
NOTIC: [8] Undefined variable: where /web/docs/tikuadmin.com/Application/Admin/Controller/CommonController.class.php 第 27 行.
SQL: SELECT COUNT(*) AS tp_count FROM `ks_course` LIMIT 1   [ RunTime:0.0005s ]
NOTIC: [8] Undefined variable: disabled /web/docs/tikuadmin.com/Application/Admin/Model/BaseModel.class.php 第 30 行.
INFO: [ view_parse ] --START--
INFO: [ template_filter ] --START--
INFO: Run Behavior\ContentReplaceBehavior [ RunTime:0.000034s ]
INFO: [ template_filter ] --END-- [ RunTime:0.000066s ]
INFO: Run Behavior\ParseTemplateBehavior [ RunTime:0.004305s ]
INFO: [ view_parse ] --END-- [ RunTime:0.004363s ]
INFO: [ view_filter ] --START--
INFO: Run Behavior\WriteHtmlCacheBehavior [ RunTime:0.000092s ]
INFO: [ view_filter ] --END-- [ RunTime:0.000114s ]
INFO: [ app_end ] --START--
INFO: Run Behavior\ShowPageTraceBehavior [ RunTime:0.000265s ]
INFO: [ app_end ] --END-- [ RunTime:0.000292s ]

[ 2017-04-04T23:58:36+08:00 ] 127.0.0.1 /index.php/Admin/Course/lists/p/2/name/maying.html
INFO: [ app_init ] --START--
INFO: Run Behavior\BuildLiteBehavior [ RunTime:0.000013s ]
INFO: [ app_init ] --END-- [ RunTime:0.000272s ]
INFO: [ app_begin ] --START--
INFO: Run Behavior\ReadHtmlCacheBehavior [ RunTime:0.000501s ]
INFO: [ app_begin ] --END-- [ RunTime:0.000610s ]
SQL: SHOW COLUMNS FROM `ks_course` [ RunTime:0.0004s ]
NOTIC: [8] Undefined variable: where /web/docs/tikuadmin.com/Application/Admin/Controller/CommonController.class.php 第 25 行.
SQL: SELECT * FROM `ks_course` LIMIT 20,20   [ RunTime:0.0002s ]
NOTIC: [8] Undefined variable: where /web/docs/tikuadmin.com/Application/Admin/Controller/CommonController.class.php 第 27 行.
SQL: SELECT COUNT(*) AS tp_count FROM `ks_course` LIMIT 1   [ RunTime:0.0002s ]
INFO: [ view_parse ] --START--
INFO: [ template_filter ] --START--
INFO: Run Behavior\ContentReplaceBehavior [ RunTime:0.000039s ]
INFO: [ template_filter ] --END-- [ RunTime:0.000075s ]
INFO: Run Behavior\ParseTemplateBehavior [ RunTime:0.003911s ]
INFO: [ view_parse ] --END-- [ RunTime:0.003942s ]
INFO: [ view_filter ] --START--
INFO: Run Behavior\WriteHtmlCacheBehavior [ RunTime:0.000096s ]
INFO: [ view_filter ] --END-- [ RunTime:0.000119s ]
INFO: [ app_end ] --START--
INFO: Run Behavior\ShowPageTraceBehavior [ RunTime:0.000274s ]
INFO: [ app_end ] --END-- [ RunTime:0.000303s ]

[ 2017-04-04T23:59:36+08:00 ] 127.0.0.1 /index.php/Admin/Course/lists/p/2/name/maying.html
INFO: [ app_init ] --START--
INFO: Run Behavior\BuildLiteBehavior [ RunTime:0.000009s ]
INFO: [ app_init ] --END-- [ RunTime:0.000183s ]
INFO: [ app_begin ] --START--
INFO: Run Behavior\ReadHtmlCacheBehavior [ RunTime:0.000424s ]
INFO: [ app_begin ] --END-- [ RunTime:0.000471s ]
SQL: SHOW COLUMNS FROM `ks_course` [ RunTime:0.0004s ]
NOTIC: [8] Undefined variable: where /web/docs/tikuadmin.com/Application/Admin/Controller/CommonController.class.php 第 25 行.
SQL: SELECT * FROM `ks_course` LIMIT 20,20   [ RunTime:0.0002s ]
NOTIC: [8] Undefined variable: where /web/docs/tikuadmin.com/Application/Admin/Controller/CommonController.class.php 第 27 行.
SQL: SELECT COUNT(*) AS tp_count FROM `ks_course` LIMIT 1   [ RunTime:0.0002s ]
INFO: [ view_parse ] --START--
INFO: [ template_filter ] --START--
INFO: Run Behavior\ContentReplaceBehavior [ RunTime:0.000034s ]
INFO: [ template_filter ] --END-- [ RunTime:0.000065s ]
INFO: Run Behavior\ParseTemplateBehavior [ RunTime:0.003986s ]
INFO: [ view_parse ] --END-- [ RunTime:0.004016s ]
INFO: [ view_filter ] --START--
INFO: Run Behavior\WriteHtmlCacheBehavior [ RunTime:0.000081s ]
INFO: [ view_filter ] --END-- [ RunTime:0.000101s ]
INFO: [ app_end ] --START--
INFO: Run Behavior\ShowPageTraceBehavior [ RunTime:0.000231s ]
INFO: [ app_end ] --END-- [ RunTime:0.000253s ]

[ 2017-04-04T23:59:39+08:00 ] 127.0.0.1 /index.php/Admin/Course/lists/p/1/name/maying.html
INFO: [ app_init ] --START--
INFO: Run Behavior\BuildLiteBehavior [ RunTime:0.000009s ]
INFO: [ app_init ] --END-- [ RunTime:0.000196s ]
INFO: [ app_begin ] --START--
INFO: Run Behavior\ReadHtmlCacheBehavior [ RunTime:0.000227s ]
INFO: [ app_begin ] --END-- [ RunTime:0.000254s ]
SQL: SHOW COLUMNS FROM `ks_course` [ RunTime:0.0004s ]
NOTIC: [8] Undefined variable: where /web/docs/tikuadmin.com/Application/Admin/Controller/CommonController.class.php 第 25 行.
SQL: SELECT * FROM `ks_course` LIMIT 0,20   [ RunTime:0.0002s ]
NOTIC: [8] Undefined variable: where /web/docs/tikuadmin.com/Application/Admin/Controller/CommonController.class.php 第 27 行.
SQL: SELECT COUNT(*) AS tp_count FROM `ks_course` LIMIT 1   [ RunTime:0.0002s ]
INFO: [ view_parse ] --START--
INFO: [ template_filter ] --START--
INFO: Run Behavior\ContentReplaceBehavior [ RunTime:0.000034s ]
INFO: [ template_filter ] --END-- [ RunTime:0.000064s ]
INFO: Run Behavior\ParseTemplateBehavior [ RunTime:0.003756s ]
INFO: [ view_parse ] --END-- [ RunTime:0.003790s ]
INFO: [ view_filter ] --START--
INFO: Run Behavior\WriteHtmlCacheBehavior [ RunTime:0.000084s ]
INFO: [ view_filter ] --END-- [ RunTime:0.000105s ]
INFO: [ app_end ] --START--
INFO: Run Behavior\ShowPageTraceBehavior [ RunTime:0.000236s ]
INFO: [ app_end ] --END-- [ RunTime:0.000258s ]

[ 2017-04-04T23:59:44+08:00 ] 127.0.0.1 /index.php/Admin/Course/lists/p/2/name/maying.html
INFO: [ app_init ] --START--
INFO: Run Behavior\BuildLiteBehavior [ RunTime:0.000008s ]
INFO: [ app_init ] --END-- [ RunTime:0.000169s ]
INFO: [ app_begin ] --START--
INFO: Run Behavior\ReadHtmlCacheBehavior [ RunTime:0.000229s ]
INFO: [ app_begin ] --END-- [ RunTime:0.000255s ]
SQL: SHOW COLUMNS FROM `ks_course` [ RunTime:0.0007s ]
NOTIC: [8] Undefined variable: where /web/docs/tikuadmin.com/Application/Admin/Controller/CommonController.class.php 第 25 行.
SQL: SELECT * FROM `ks_course` LIMIT 20,20   [ RunTime:0.0006s ]
NOTIC: [8] Undefined variable: where /web/docs/tikuadmin.com/Application/Admin/Controller/CommonController.class.php 第 27 行.
SQL: SELECT COUNT(*) AS tp_count FROM `ks_course` LIMIT 1   [ RunTime:0.0002s ]
INFO: [ view_parse ] --START--
INFO: [ template_filter ] --START--
INFO: Run Behavior\ContentReplaceBehavior [ RunTime:0.000036s ]
INFO: [ template_filter ] --END-- [ RunTime:0.000071s ]
INFO: Run Behavior\ParseTemplateBehavior [ RunTime:0.005217s ]
INFO: [ view_parse ] --END-- [ RunTime:0.005252s ]
INFO: [ view_filter ] --START--
INFO: Run Behavior\WriteHtmlCacheBehavior [ RunTime:0.000096s ]
INFO: [ view_filter ] --END-- [ RunTime:0.000120s ]
INFO: [ app_end ] --START--
INFO: Run Behavior\ShowPageTraceBehavior [ RunTime:0.000260s ]
INFO: [ app_end ] --END-- [ RunTime:0.000284s ]

[ 2017-04-04T23:59:47+08:00 ] 127.0.0.1 /index.php/Admin/Course/lists/p/1/name/maying.html
INFO: [ app_init ] --START--
INFO: Run Behavior\BuildLiteBehavior [ RunTime:0.000008s ]
INFO: [ app_init ] --END-- [ RunTime:0.000170s ]
INFO: [ app_begin ] --START--
INFO: Run Behavior\ReadHtmlCacheBehavior [ RunTime:0.000211s ]
INFO: [ app_begin ] --END-- [ RunTime:0.000237s ]
SQL: SHOW COLUMNS FROM `ks_course` [ RunTime:0.0004s ]
NOTIC: [8] Undefined variable: where /web/docs/tikuadmin.com/Application/Admin/Controller/CommonController.class.php 第 25 行.
SQL: SELECT * FROM `ks_course` LIMIT 0,20   [ RunTime:0.0002s ]
NOTIC: [8] Undefined variable: where /web/docs/tikuadmin.com/Application/Admin/Controller/CommonController.class.php 第 27 行.
SQL: SELECT COUNT(*) AS tp_count FROM `ks_course` LIMIT 1   [ RunTime:0.0002s ]
INFO: [ view_parse ] --START--
INFO: [ template_filter ] --START--
INFO: Run Behavior\ContentReplaceBehavior [ RunTime:0.000035s ]
INFO: [ template_filter ] --END-- [ RunTime:0.000063s ]
INFO: Run Behavior\ParseTemplateBehavior [ RunTime:0.003689s ]
INFO: [ view_parse ] --END-- [ RunTime:0.003718s ]
INFO: [ view_filter ] --START--
INFO: Run Behavior\WriteHtmlCacheBehavior [ RunTime:0.000082s ]
INFO: [ view_filter ] --END-- [ RunTime:0.000102s ]
INFO: [ app_end ] --START--
INFO: Run Behavior\ShowPageTraceBehavior [ RunTime:0.000239s ]
INFO: [ app_end ] --END-- [ RunTime:0.000261s ]

[ 2017-04-04T23:59:51+08:00 ] 127.0.0.1 /index.php/Admin/Course/lists/p/1/name/maying.html
INFO: [ app_init ] --START--
INFO: Run Behavior\BuildLiteBehavior [ RunTime:0.000008s ]
INFO: [ app_init ] --END-- [ RunTime:0.000166s ]
INFO: [ app_begin ] --START--
INFO: Run Behavior\ReadHtmlCacheBehavior [ RunTime:0.000216s ]
INFO: [ app_begin ] --END-- [ RunTime:0.000243s ]
SQL: SHOW COLUMNS FROM `ks_course` [ RunTime:0.0004s ]
NOTIC: [8] Undefined variable: where /web/docs/tikuadmin.com/Application/Admin/Controller/CommonController.class.php 第 25 行.
SQL: SELECT * FROM `ks_course` LIMIT 0,20   [ RunTime:0.0002s ]
NOTIC: [8] Undefined variable: where /web/docs/tikuadmin.com/Application/Admin/Controller/CommonController.class.php 第 27 行.
SQL: SELECT COUNT(*) AS tp_count FROM `ks_course` LIMIT 1   [ RunTime:0.0002s ]
INFO: [ view_parse ] --START--
INFO: [ template_filter ] --START--
INFO: Run Behavior\ContentReplaceBehavior [ RunTime:0.000035s ]
INFO: [ template_filter ] --END-- [ RunTime:0.000062s ]
INFO: Run Behavior\ParseTemplateBehavior [ RunTime:0.003687s ]
INFO: [ view_parse ] --END-- [ RunTime:0.003716s ]
INFO: [ view_filter ] --START--
INFO: Run Behavior\WriteHtmlCacheBehavior [ RunTime:0.000081s ]
INFO: [ view_filter ] --END-- [ RunTime:0.000101s ]
INFO: [ app_end ] --START--
INFO: Run Behavior\ShowPageTraceBehavior [ RunTime:0.000238s ]
INFO: [ app_end ] --END-- [ RunTime:0.000261s ]

[ 2017-04-04T23:59:55+08:00 ] 127.0.0.1 /index.php/Admin/Course/lists/p/0/name/maying.html
INFO: [ app_init ] --START--
INFO: Run Behavior\BuildLiteBehavior [ RunTime:0.000009s ]
INFO: [ app_init ] --END-- [ RunTime:0.000186s ]
INFO: [ app_begin ] --START--
INFO: Run Behavior\ReadHtmlCacheBehavior [ RunTime:0.000233s ]
INFO: [ app_begin ] --END-- [ RunTime:0.000285s ]
SQL: SHOW COLUMNS FROM `ks_course` [ RunTime:0.0004s ]
NOTIC: [8] Undefined variable: where /web/docs/tikuadmin.com/Application/Admin/Controller/CommonController.class.php 第 25 行.
ERR: 1064:You have an error in your SQL syntax; check the manual that corresponds to your MySQL server version for the right syntax to use near '-20,20' at line 1
 [ SQL语句 ] : SELECT * FROM `ks_course` LIMIT -20,20  
ERR: 1064:You have an error in your SQL syntax; check the manual that corresponds to your MySQL server version for the right syntax to use near '-20,20' at line 1
 [ SQL语句 ] : SELECT * FROM `ks_course` LIMIT -20,20  

