[ 2017-12-27T21:07:17+08:00 ] 127.0.0.1 /Admin/
INFO: [ app_init ] --START--
INFO: Run Behavior\BuildLiteBehavior [ RunTime:0.000022s ]
INFO: [ app_init ] --END-- [ RunTime:0.015802s ]
INFO: [ app_begin ] --START--
INFO: Run Behavior\ReadHtmlCacheBehavior [ RunTime:0.001442s ]
INFO: [ app_begin ] --END-- [ RunTime:0.001524s ]
NOTIC: [8] A session had already been started - ignoring session_start() E:\xampp\htdocs\ebay\ThinkPHP\Common\functions.php 第 1263 行.
INFO: [ view_parse ] --START--
INFO: [ template_filter ] --START--
INFO: Run Behavior\ContentReplaceBehavior [ RunTime:0.000331s ]
INFO: [ template_filter ] --END-- [ RunTime:0.000408s ]
INFO: Run Behavior\ParseTemplateBehavior [ RunTime:0.059514s ]
INFO: [ view_parse ] --END-- [ RunTime:0.059617s ]
INFO: [ view_filter ] --START--
INFO: Run Behavior\WriteHtmlCacheBehavior [ RunTime:0.001359s ]
INFO: [ view_filter ] --END-- [ RunTime:0.001459s ]
INFO: [ app_end ] --START--
INFO: Run Behavior\ShowPageTraceBehavior [ RunTime:0.013156s ]
INFO: [ app_end ] --END-- [ RunTime:0.013258s ]

[ 2017-12-27T21:07:18+08:00 ] 127.0.0.1 /index.php/Admin/index/main.html
INFO: [ app_init ] --START--
INFO: Run Behavior\BuildLiteBehavior [ RunTime:0.000016s ]
INFO: [ app_init ] --END-- [ RunTime:0.000644s ]
INFO: [ app_begin ] --START--
INFO: Run Behavior\ReadHtmlCacheBehavior [ RunTime:0.000899s ]
INFO: [ app_begin ] --END-- [ RunTime:0.000969s ]
NOTIC: [8] A session had already been started - ignoring session_start() E:\xampp\htdocs\ebay\ThinkPHP\Common\functions.php 第 1263 行.
INFO: [ view_parse ] --START--
INFO: [ template_filter ] --START--
INFO: Run Behavior\ContentReplaceBehavior [ RunTime:0.000396s ]
INFO: [ template_filter ] --END-- [ RunTime:0.000496s ]
INFO: Run Behavior\ParseTemplateBehavior [ RunTime:0.182671s ]
INFO: [ view_parse ] --END-- [ RunTime:0.182743s ]
INFO: [ view_filter ] --START--
INFO: Run Behavior\WriteHtmlCacheBehavior [ RunTime:0.000726s ]
INFO: [ view_filter ] --END-- [ RunTime:0.000797s ]
INFO: [ app_end ] --START--
INFO: Run Behavior\ShowPageTraceBehavior [ RunTime:0.001357s ]
INFO: [ app_end ] --END-- [ RunTime:0.001463s ]

[ 2017-12-27T21:07:19+08:00 ] 127.0.0.1 /Admin/favicon.ico
INFO: [ app_init ] --START--
INFO: Run Behavior\BuildLiteBehavior [ RunTime:0.000017s ]
INFO: [ app_init ] --END-- [ RunTime:0.000653s ]

[ 2017-12-27T21:07:25+08:00 ] 127.0.0.1 /Admin/form_basic.html?v=4.0
INFO: [ app_init ] --START--
INFO: Run Behavior\BuildLiteBehavior [ RunTime:0.000021s ]
INFO: [ app_init ] --END-- [ RunTime:0.000998s ]
INFO: [ app_begin ] --START--
INFO: Run Behavior\ReadHtmlCacheBehavior [ RunTime:0.001255s ]
INFO: [ app_begin ] --END-- [ RunTime:0.001366s ]
NOTIC: [8] A session had already been started - ignoring session_start() E:\xampp\htdocs\ebay\ThinkPHP\Common\functions.php 第 1263 行.
ERR: 无法加载控制器:Form_basic

[ 2017-12-27T21:07:25+08:00 ] 127.0.0.1 /Admin/form_validate.html?v=4.0
INFO: [ app_init ] --START--
INFO: Run Behavior\BuildLiteBehavior [ RunTime:0.000026s ]
INFO: [ app_init ] --END-- [ RunTime:0.000605s ]
INFO: [ app_begin ] --START--
INFO: Run Behavior\ReadHtmlCacheBehavior [ RunTime:0.000732s ]
INFO: [ app_begin ] --END-- [ RunTime:0.000806s ]
NOTIC: [8] A session had already been started - ignoring session_start() E:\xampp\htdocs\ebay\ThinkPHP\Common\functions.php 第 1263 行.
ERR: 无法加载控制器:Form_validate

[ 2017-12-27T21:07:32+08:00 ] 127.0.0.1 /index.php/Admin/Classify/lists.html?v=4.0
INFO: [ app_init ] --START--
INFO: Run Behavior\BuildLiteBehavior [ RunTime:0.000028s ]
INFO: [ app_init ] --END-- [ RunTime:0.001415s ]
INFO: [ app_begin ] --START--
INFO: Run Behavior\ReadHtmlCacheBehavior [ RunTime:0.001923s ]
INFO: [ app_begin ] --END-- [ RunTime:0.002047s ]
NOTIC: [8] A session had already been started - ignoring session_start() E:\xampp\htdocs\ebay\ThinkPHP\Common\functions.php 第 1263 行.
SQL: SHOW COLUMNS FROM `classify` [ RunTime:0.0801s ]
SQL: SELECT * FROM `classify` WHERE ( parent_id=0 )  [ RunTime:0.0006s ]
SQL: SELECT * FROM `classify` WHERE ( parent_id=27 )  [ RunTime:0.0004s ]
SQL: SELECT * FROM `classify` WHERE ( parent_id=28 )  [ RunTime:0.0003s ]
SQL: SELECT * FROM `classify` WHERE ( parent_id=29 )  [ RunTime:0.0003s ]
SQL: SELECT * FROM `classify` WHERE ( parent_id=30 )  [ RunTime:0.0003s ]
SQL: SELECT * FROM `classify` WHERE ( parent_id=31 )  [ RunTime:0.0003s ]
SQL: SELECT * FROM `classify` WHERE ( parent_id=32 )  [ RunTime:0.0003s ]
SQL: SELECT * FROM `classify` WHERE ( parent_id=33 )  [ RunTime:0.0003s ]
NOTIC: [8] Undefined variable: where E:\xampp\htdocs\ebay\Application\Admin\Controller\ClassifyController.class.php 第 26 行.
SQL: SELECT * FROM `classify` LIMIT 0,20   [ RunTime:0.0004s ]
SQL: SELECT COUNT(*) AS tp_count FROM `classify` LIMIT 1   [ RunTime:0.0003s ]
INFO: [ view_parse ] --START--
INFO: [ template_filter ] --START--
INFO: Run Behavior\ContentReplaceBehavior [ RunTime:0.000110s ]
INFO: [ template_filter ] --END-- [ RunTime:0.000207s ]
INFO: Run Behavior\ParseTemplateBehavior [ RunTime:0.102165s ]
INFO: [ view_parse ] --END-- [ RunTime:0.102253s ]
INFO: [ view_filter ] --START--
INFO: Run Behavior\WriteHtmlCacheBehavior [ RunTime:0.000831s ]
INFO: [ view_filter ] --END-- [ RunTime:0.000894s ]
INFO: [ app_end ] --START--
INFO: Run Behavior\ShowPageTraceBehavior [ RunTime:0.001906s ]
INFO: [ app_end ] --END-- [ RunTime:0.002088s ]

[ 2017-12-27T21:07:33+08:00 ] 127.0.0.1 /index.php/Admin/Seller/lists.html?v=4.0
INFO: [ app_init ] --START--
INFO: Run Behavior\BuildLiteBehavior [ RunTime:0.000030s ]
INFO: [ app_init ] --END-- [ RunTime:0.001266s ]
INFO: [ app_begin ] --START--
INFO: Run Behavior\ReadHtmlCacheBehavior [ RunTime:0.001172s ]
INFO: [ app_begin ] --END-- [ RunTime:0.001284s ]
NOTIC: [8] A session had already been started - ignoring session_start() E:\xampp\htdocs\ebay\ThinkPHP\Common\functions.php 第 1263 行.
SQL: SHOW COLUMNS FROM `seller` [ RunTime:0.0577s ]
SQL: SELECT * FROM `seller`  [ RunTime:0.0007s ]
SQL: SELECT DISTINCT  `address` FROM `seller`  [ RunTime:0.0006s ]
SQL: SELECT * FROM `seller` LIMIT 0,20   [ RunTime:0.0004s ]
SQL: SELECT COUNT(*) AS tp_count FROM `seller` LIMIT 1   [ RunTime:0.0003s ]
INFO: [ view_parse ] --START--
INFO: [ template_filter ] --START--
INFO: Run Behavior\ContentReplaceBehavior [ RunTime:0.000130s ]
INFO: [ template_filter ] --END-- [ RunTime:0.000223s ]
INFO: Run Behavior\ParseTemplateBehavior [ RunTime:0.041991s ]
INFO: [ view_parse ] --END-- [ RunTime:0.042096s ]
INFO: [ view_filter ] --START--
INFO: Run Behavior\WriteHtmlCacheBehavior [ RunTime:0.000632s ]
INFO: [ view_filter ] --END-- [ RunTime:0.000684s ]
INFO: [ app_end ] --START--
INFO: Run Behavior\ShowPageTraceBehavior [ RunTime:0.001396s ]
INFO: [ app_end ] --END-- [ RunTime:0.001506s ]

[ 2017-12-27T21:07:34+08:00 ] 127.0.0.1 /index.php/Admin/Goods/lists.html?v=4.0
INFO: [ app_init ] --START--
INFO: Run Behavior\BuildLiteBehavior [ RunTime:0.000025s ]
INFO: [ app_init ] --END-- [ RunTime:0.000730s ]
INFO: [ app_begin ] --START--
INFO: Run Behavior\ReadHtmlCacheBehavior [ RunTime:0.001121s ]
INFO: [ app_begin ] --END-- [ RunTime:0.001220s ]
NOTIC: [8] A session had already been started - ignoring session_start() E:\xampp\htdocs\ebay\ThinkPHP\Common\functions.php 第 1263 行.
SQL: SHOW COLUMNS FROM `classify` [ RunTime:0.0048s ]
SQL: SELECT * FROM `classify` WHERE ( parent_id=0 )  [ RunTime:0.0005s ]
SQL: SELECT * FROM `classify` WHERE ( parent_id=27 )  [ RunTime:0.0005s ]
SQL: SELECT * FROM `classify` WHERE ( parent_id=34 )  [ RunTime:0.0006s ]
SQL: SELECT * FROM `classify` WHERE ( parent_id=43 )  [ RunTime:0.0006s ]
SQL: SELECT * FROM `classify` WHERE ( parent_id=28 )  [ RunTime:0.0005s ]
SQL: SELECT * FROM `classify` WHERE ( parent_id=48 )  [ RunTime:0.0006s ]
SQL: SELECT * FROM `classify` WHERE ( parent_id=49 )  [ RunTime:0.0004s ]
SQL: SELECT * FROM `classify` WHERE ( parent_id=29 )  [ RunTime:0.0003s ]
SQL: SELECT * FROM `classify` WHERE ( parent_id=45 )  [ RunTime:0.0003s ]
SQL: SELECT * FROM `classify` WHERE ( parent_id=46 )  [ RunTime:0.0003s ]
SQL: SELECT * FROM `classify` WHERE ( parent_id=47 )  [ RunTime:0.0003s ]
SQL: SELECT * FROM `classify` WHERE ( parent_id=30 )  [ RunTime:0.0003s ]
SQL: SELECT * FROM `classify` WHERE ( parent_id=50 )  [ RunTime:0.0003s ]
SQL: SELECT * FROM `classify` WHERE ( parent_id=51 )  [ RunTime:0.0003s ]
SQL: SELECT * FROM `classify` WHERE ( parent_id=52 )  [ RunTime:0.0003s ]
SQL: SELECT * FROM `classify` WHERE ( parent_id=53 )  [ RunTime:0.0003s ]
SQL: SELECT * FROM `classify` WHERE ( parent_id=31 )  [ RunTime:0.0003s ]
SQL: SELECT * FROM `classify` WHERE ( parent_id=54 )  [ RunTime:0.0003s ]
SQL: SELECT * FROM `classify` WHERE ( parent_id=55 )  [ RunTime:0.0003s ]
SQL: SELECT * FROM `classify` WHERE ( parent_id=56 )  [ RunTime:0.0003s ]
SQL: SELECT * FROM `classify` WHERE ( parent_id=32 )  [ RunTime:0.0003s ]
SQL: SELECT * FROM `classify` WHERE ( parent_id=57 )  [ RunTime:0.0003s ]
SQL: SELECT * FROM `classify` WHERE ( parent_id=58 )  [ RunTime:0.0003s ]
SQL: SELECT * FROM `classify` WHERE ( parent_id=59 )  [ RunTime:0.0003s ]
SQL: SELECT * FROM `classify` WHERE ( parent_id=33 )  [ RunTime:0.0004s ]
SQL: SELECT * FROM `classify` WHERE ( parent_id=36 )  [ RunTime:0.0006s ]
SQL: SELECT * FROM `classify` WHERE ( parent_id=37 )  [ RunTime:0.0008s ]
SQL: SELECT * FROM `classify`  [ RunTime:0.0008s ]
SQL: SHOW COLUMNS FROM `seller` [ RunTime:0.0040s ]
SQL: SELECT * FROM `seller`  [ RunTime:0.0005s ]
SQL: SELECT * FROM `seller`  [ RunTime:0.0005s ]
NOTIC: [8] Undefined variable: where E:\xampp\htdocs\ebay\Application\Admin\Controller\GoodsController.class.php 第 32 行.
SQL: SHOW COLUMNS FROM `goods` [ RunTime:0.0414s ]
SQL: SELECT * FROM `goods` LIMIT 0,20   [ RunTime:0.0184s ]
SQL: SHOW COLUMNS FROM `classify` [ RunTime:0.0048s ]
SQL: SELECT * FROM `classify` WHERE ( 1=1 AND id='34' ) LIMIT 1   [ RunTime:0.0005s ]
SQL: SHOW COLUMNS FROM `seller` [ RunTime:0.0041s ]
SQL: SELECT * FROM `seller` WHERE ( 1=1 AND id='8' ) LIMIT 1   [ RunTime:0.0004s ]
SQL: SELECT * FROM `classify` WHERE ( 1=1 AND id='39' ) LIMIT 1   [ RunTime:0.0003s ]
SQL: SELECT * FROM `seller` WHERE ( 1=1 AND id='1' ) LIMIT 1   [ RunTime:0.0003s ]
SQL: SELECT * FROM `classify` WHERE ( 1=1 AND id='35' ) LIMIT 1   [ RunTime:0.0003s ]
SQL: SELECT * FROM `seller` WHERE ( 1=1 AND id='8' ) LIMIT 1   [ RunTime:0.0008s ]
SQL: SELECT * FROM `classify` WHERE ( 1=1 AND id='35' ) LIMIT 1   [ RunTime:0.0005s ]
SQL: SELECT * FROM `seller` WHERE ( 1=1 AND id='8' ) LIMIT 1   [ RunTime:0.0006s ]
SQL: SELECT * FROM `classify` WHERE ( 1=1 AND id='44' ) LIMIT 1   [ RunTime:0.0007s ]
SQL: SELECT * FROM `seller` WHERE ( 1=1 AND id='8' ) LIMIT 1   [ RunTime:0.0004s ]
SQL: SELECT * FROM `classify` WHERE ( 1=1 AND id='42' ) LIMIT 1   [ RunTime:0.0005s ]
SQL: SELECT * FROM `seller` WHERE ( 1=1 AND id='8' ) LIMIT 1   [ RunTime:0.0004s ]
SQL: SELECT * FROM `classify` WHERE ( 1=1 AND id='42' ) LIMIT 1   [ RunTime:0.0003s ]
SQL: SELECT * FROM `seller` WHERE ( 1=1 AND id='8' ) LIMIT 1   [ RunTime:0.0004s ]
SQL: SELECT * FROM `classify` WHERE ( 1=1 AND id='44' ) LIMIT 1   [ RunTime:0.0004s ]
SQL: SELECT * FROM `seller` WHERE ( 1=1 AND id='9' ) LIMIT 1   [ RunTime:0.0003s ]
SQL: SELECT * FROM `classify` WHERE ( 1=1 AND id='44' ) LIMIT 1   [ RunTime:0.0003s ]
SQL: SELECT * FROM `seller` WHERE ( 1=1 AND id='10' ) LIMIT 1   [ RunTime:0.0003s ]
SQL: SELECT * FROM `classify` WHERE ( 1=1 AND id='44' ) LIMIT 1   [ RunTime:0.0003s ]
SQL: SELECT * FROM `seller` WHERE ( 1=1 AND id='11' ) LIMIT 1   [ RunTime:0.0003s ]
SQL: SELECT * FROM `classify` WHERE ( 1=1 AND id='44' ) LIMIT 1   [ RunTime:0.0003s ]
SQL: SELECT * FROM `seller` WHERE ( 1=1 AND id='10' ) LIMIT 1   [ RunTime:0.0003s ]
SQL: SELECT * FROM `classify` WHERE ( 1=1 AND id='35' ) LIMIT 1   [ RunTime:0.0003s ]
SQL: SELECT * FROM `seller` WHERE ( 1=1 AND id='12' ) LIMIT 1   [ RunTime:0.0003s ]
SQL: SELECT COUNT(*) AS tp_count FROM `goods` LIMIT 1   [ RunTime:0.0003s ]
INFO: [ view_parse ] --START--
INFO: [ template_filter ] --START--
INFO: Run Behavior\ContentReplaceBehavior [ RunTime:0.000105s ]
INFO: [ template_filter ] --END-- [ RunTime:0.000173s ]
INFO: Run Behavior\ParseTemplateBehavior [ RunTime:0.034929s ]
INFO: [ view_parse ] --END-- [ RunTime:0.035002s ]
INFO: [ view_filter ] --START--
INFO: Run Behavior\WriteHtmlCacheBehavior [ RunTime:0.000773s ]
INFO: [ view_filter ] --END-- [ RunTime:0.000830s ]
INFO: [ app_end ] --START--
INFO: Run Behavior\ShowPageTraceBehavior [ RunTime:0.001572s ]
INFO: [ app_end ] --END-- [ RunTime:0.001775s ]

[ 2017-12-27T21:07:35+08:00 ] 127.0.0.1 /index.php/Admin/Ad/lists.html?v=4.0
INFO: [ app_init ] --START--
INFO: Run Behavior\BuildLiteBehavior [ RunTime:0.000088s ]
INFO: [ app_init ] --END-- [ RunTime:0.001564s ]
INFO: [ app_begin ] --START--
INFO: Run Behavior\ReadHtmlCacheBehavior [ RunTime:0.001596s ]
INFO: [ app_begin ] --END-- [ RunTime:0.001780s ]
NOTIC: [8] A session had already been started - ignoring session_start() E:\xampp\htdocs\ebay\ThinkPHP\Common\functions.php 第 1263 行.
SQL: SHOW COLUMNS FROM `ad` [ RunTime:0.0577s ]
SQL: SELECT * FROM `ad` LIMIT 0,20   [ RunTime:0.0006s ]
SQL: SELECT COUNT(*) AS tp_count FROM `ad` LIMIT 1   [ RunTime:0.0004s ]
INFO: [ view_parse ] --START--
INFO: [ template_filter ] --START--
INFO: Run Behavior\ContentReplaceBehavior [ RunTime:0.000093s ]
INFO: [ template_filter ] --END-- [ RunTime:0.000168s ]
INFO: Run Behavior\ParseTemplateBehavior [ RunTime:0.028471s ]
INFO: [ view_parse ] --END-- [ RunTime:0.028581s ]
INFO: [ view_filter ] --START--
INFO: Run Behavior\WriteHtmlCacheBehavior [ RunTime:0.000802s ]
INFO: [ view_filter ] --END-- [ RunTime:0.000871s ]
INFO: [ app_end ] --START--
INFO: Run Behavior\ShowPageTraceBehavior [ RunTime:0.001289s ]
INFO: [ app_end ] --END-- [ RunTime:0.001393s ]

