[ 2018-03-11T10:24:27+08:00 ] 127.0.0.1 /admin/index
INFO: [ app_init ] --START--
INFO: Run Behavior\BuildLiteBehavior [ RunTime:0.000018s ]
INFO: [ app_init ] --END-- [ RunTime:0.000590s ]
INFO: [ app_begin ] --START--
INFO: Run Behavior\ReadHtmlCacheBehavior [ RunTime:0.000987s ]
INFO: [ app_begin ] --END-- [ RunTime:0.001050s ]
NOTIC: [8] A session had already been started - ignoring session_start() E:\xampp\htdocs\ebay\ThinkPHP\Common\functions.php 第 1263 行.
INFO: [ view_parse ] --START--
INFO: [ template_filter ] --START--
INFO: Run Behavior\ContentReplaceBehavior [ RunTime:0.000337s ]
INFO: [ template_filter ] --END-- [ RunTime:0.000411s ]
INFO: Run Behavior\ParseTemplateBehavior [ RunTime:0.176840s ]
INFO: [ view_parse ] --END-- [ RunTime:0.176922s ]
INFO: [ view_filter ] --START--
INFO: Run Behavior\WriteHtmlCacheBehavior [ RunTime:0.000947s ]
INFO: [ view_filter ] --END-- [ RunTime:0.001004s ]
INFO: [ app_end ] --START--
INFO: Run Behavior\ShowPageTraceBehavior [ RunTime:0.001756s ]
INFO: [ app_end ] --END-- [ RunTime:0.001836s ]

[ 2018-03-11T10:24:28+08:00 ] 127.0.0.1 /index.php/Admin/index/main.html
INFO: [ app_init ] --START--
INFO: Run Behavior\BuildLiteBehavior [ RunTime:0.000017s ]
INFO: [ app_init ] --END-- [ RunTime:0.000580s ]
INFO: [ app_begin ] --START--
INFO: Run Behavior\ReadHtmlCacheBehavior [ RunTime:0.000965s ]
INFO: [ app_begin ] --END-- [ RunTime:0.001075s ]
NOTIC: [8] A session had already been started - ignoring session_start() E:\xampp\htdocs\ebay\ThinkPHP\Common\functions.php 第 1263 行.
INFO: [ view_parse ] --START--
INFO: [ template_filter ] --START--
INFO: Run Behavior\ContentReplaceBehavior [ RunTime:0.000211s ]
INFO: [ template_filter ] --END-- [ RunTime:0.000276s ]
INFO: Run Behavior\ParseTemplateBehavior [ RunTime:0.218731s ]
INFO: [ view_parse ] --END-- [ RunTime:0.218938s ]
INFO: [ view_filter ] --START--
INFO: Run Behavior\WriteHtmlCacheBehavior [ RunTime:0.000946s ]
INFO: [ view_filter ] --END-- [ RunTime:0.001029s ]
INFO: [ app_end ] --START--
INFO: Run Behavior\ShowPageTraceBehavior [ RunTime:0.001229s ]
INFO: [ app_end ] --END-- [ RunTime:0.001343s ]

[ 2018-03-11T10:24:29+08:00 ] 127.0.0.1 /admin/favicon.ico
INFO: [ app_init ] --START--
INFO: Run Behavior\BuildLiteBehavior [ RunTime:0.000017s ]
INFO: [ app_init ] --END-- [ RunTime:0.000591s ]

[ 2018-03-11T10:24:35+08:00 ] 127.0.0.1 /index.php/Admin/GoodsType/lists.html?v=4.0
INFO: [ app_init ] --START--
INFO: Run Behavior\BuildLiteBehavior [ RunTime:0.000031s ]
INFO: [ app_init ] --END-- [ RunTime:0.001027s ]
INFO: [ app_begin ] --START--
INFO: Run Behavior\ReadHtmlCacheBehavior [ RunTime:0.001007s ]
INFO: [ app_begin ] --END-- [ RunTime:0.001082s ]
NOTIC: [8] A session had already been started - ignoring session_start() E:\xampp\htdocs\ebay\ThinkPHP\Common\functions.php 第 1263 行.
SQL: SHOW COLUMNS FROM `goods_type` [ RunTime:0.0036s ]
SQL: SELECT * FROM `goods_type` LIMIT 0,20   [ RunTime:0.0004s ]
SQL: SELECT COUNT(*) AS tp_count FROM `goods_type` LIMIT 1   [ RunTime:0.0030s ]
INFO: [ view_parse ] --START--
INFO: [ template_filter ] --START--
INFO: Run Behavior\ContentReplaceBehavior [ RunTime:0.000080s ]
INFO: [ template_filter ] --END-- [ RunTime:0.000151s ]
INFO: Run Behavior\ParseTemplateBehavior [ RunTime:0.105002s ]
INFO: [ view_parse ] --END-- [ RunTime:0.105080s ]
INFO: [ view_filter ] --START--
INFO: Run Behavior\WriteHtmlCacheBehavior [ RunTime:0.000784s ]
INFO: [ view_filter ] --END-- [ RunTime:0.000835s ]
INFO: [ app_end ] --START--
INFO: Run Behavior\ShowPageTraceBehavior [ RunTime:0.001240s ]
INFO: [ app_end ] --END-- [ RunTime:0.001311s ]

[ 2018-03-11T10:24:39+08:00 ] 127.0.0.1 /index.php/Admin/Goods/lists.html?v=4.0
INFO: [ app_init ] --START--
INFO: Run Behavior\BuildLiteBehavior [ RunTime:0.000022s ]
INFO: [ app_init ] --END-- [ RunTime:0.000993s ]
INFO: [ app_begin ] --START--
INFO: Run Behavior\ReadHtmlCacheBehavior [ RunTime:0.001028s ]
INFO: [ app_begin ] --END-- [ RunTime:0.001114s ]
NOTIC: [8] A session had already been started - ignoring session_start() E:\xampp\htdocs\ebay\ThinkPHP\Common\functions.php 第 1263 行.
SQL: SHOW COLUMNS FROM `classify` [ RunTime:0.0045s ]
SQL: SELECT * FROM `classify` WHERE ( parent_id=0 )  [ RunTime:0.0326s ]
SQL: SELECT * FROM `classify` WHERE ( parent_id=27 )  [ RunTime:0.0005s ]
SQL: SELECT * FROM `classify` WHERE ( parent_id=34 )  [ RunTime:0.0005s ]
SQL: SELECT * FROM `classify` WHERE ( parent_id=43 )  [ RunTime:0.0005s ]
SQL: SELECT * FROM `classify` WHERE ( parent_id=28 )  [ RunTime:0.0003s ]
SQL: SELECT * FROM `classify` WHERE ( parent_id=48 )  [ RunTime:0.0003s ]
SQL: SELECT * FROM `classify` WHERE ( parent_id=49 )  [ RunTime:0.0004s ]
SQL: SELECT * FROM `classify` WHERE ( parent_id=29 )  [ RunTime:0.0004s ]
SQL: SELECT * FROM `classify` WHERE ( parent_id=45 )  [ RunTime:0.0004s ]
SQL: SELECT * FROM `classify` WHERE ( parent_id=46 )  [ RunTime:0.0003s ]
SQL: SELECT * FROM `classify` WHERE ( parent_id=47 )  [ RunTime:0.0003s ]
SQL: SELECT * FROM `classify` WHERE ( parent_id=30 )  [ RunTime:0.0003s ]
SQL: SELECT * FROM `classify` WHERE ( parent_id=50 )  [ RunTime:0.0003s ]
SQL: SELECT * FROM `classify` WHERE ( parent_id=51 )  [ RunTime:0.0003s ]
SQL: SELECT * FROM `classify` WHERE ( parent_id=52 )  [ RunTime:0.0003s ]
SQL: SELECT * FROM `classify` WHERE ( parent_id=53 )  [ RunTime:0.0003s ]
SQL: SELECT * FROM `classify` WHERE ( parent_id=31 )  [ RunTime:0.0003s ]
SQL: SELECT * FROM `classify` WHERE ( parent_id=54 )  [ RunTime:0.0003s ]
SQL: SELECT * FROM `classify` WHERE ( parent_id=55 )  [ RunTime:0.0005s ]
SQL: SELECT * FROM `classify` WHERE ( parent_id=56 )  [ RunTime:0.0008s ]
SQL: SELECT * FROM `classify` WHERE ( parent_id=32 )  [ RunTime:0.0005s ]
SQL: SELECT * FROM `classify` WHERE ( parent_id=57 )  [ RunTime:0.0006s ]
SQL: SELECT * FROM `classify` WHERE ( parent_id=58 )  [ RunTime:0.0008s ]
SQL: SELECT * FROM `classify` WHERE ( parent_id=59 )  [ RunTime:0.0005s ]
SQL: SELECT * FROM `classify` WHERE ( parent_id=33 )  [ RunTime:0.0005s ]
SQL: SELECT * FROM `classify` WHERE ( parent_id=36 )  [ RunTime:0.0004s ]
SQL: SELECT * FROM `classify` WHERE ( parent_id=37 )  [ RunTime:0.0004s ]
SQL: SELECT * FROM `classify`  [ RunTime:0.0006s ]
SQL: SHOW COLUMNS FROM `seller` [ RunTime:0.0034s ]
SQL: SELECT * FROM `seller`  [ RunTime:0.0004s ]
SQL: SELECT * FROM `seller`  [ RunTime:0.0003s ]
NOTIC: [8] Undefined variable: where E:\xampp\htdocs\ebay\Application\Admin\Controller\GoodsController.class.php 第 32 行.
SQL: SHOW COLUMNS FROM `goods` [ RunTime:0.0036s ]
SQL: SELECT * FROM `goods` LIMIT 0,20   [ RunTime:0.0172s ]
SQL: SHOW COLUMNS FROM `classify` [ RunTime:0.0068s ]
SQL: SELECT * FROM `classify` WHERE ( 1=1 AND id='35' ) LIMIT 1   [ RunTime:0.0005s ]
SQL: SHOW COLUMNS FROM `seller` [ RunTime:0.0034s ]
SQL: SELECT * FROM `seller` WHERE ( 1=1 AND id='8' ) LIMIT 1   [ RunTime:0.0004s ]
SQL: SELECT * FROM `classify` WHERE ( 1=1 AND id='39' ) LIMIT 1   [ RunTime:0.0003s ]
SQL: SELECT * FROM `seller` WHERE ( 1=1 AND id='1' ) LIMIT 1   [ RunTime:0.0003s ]
SQL: SELECT * FROM `classify` WHERE ( 1=1 AND id='35' ) LIMIT 1   [ RunTime:0.0003s ]
SQL: SELECT * FROM `seller` WHERE ( 1=1 AND id='8' ) LIMIT 1   [ RunTime:0.0003s ]
SQL: SELECT * FROM `classify` WHERE ( 1=1 AND id='35' ) LIMIT 1   [ RunTime:0.0003s ]
SQL: SELECT * FROM `seller` WHERE ( 1=1 AND id='8' ) LIMIT 1   [ RunTime:0.0003s ]
SQL: SELECT * FROM `classify` WHERE ( 1=1 AND id='44' ) LIMIT 1   [ RunTime:0.0003s ]
SQL: SELECT * FROM `seller` WHERE ( 1=1 AND id='8' ) LIMIT 1   [ RunTime:0.0003s ]
SQL: SELECT * FROM `classify` WHERE ( 1=1 AND id='42' ) LIMIT 1   [ RunTime:0.0003s ]
SQL: SELECT * FROM `seller` WHERE ( 1=1 AND id='8' ) LIMIT 1   [ RunTime:0.0003s ]
SQL: SELECT * FROM `classify` WHERE ( 1=1 AND id='42' ) LIMIT 1   [ RunTime:0.0003s ]
SQL: SELECT * FROM `seller` WHERE ( 1=1 AND id='8' ) LIMIT 1   [ RunTime:0.0007s ]
SQL: SELECT * FROM `classify` WHERE ( 1=1 AND id='44' ) LIMIT 1   [ RunTime:0.0012s ]
SQL: SELECT * FROM `seller` WHERE ( 1=1 AND id='9' ) LIMIT 1   [ RunTime:0.0005s ]
SQL: SELECT * FROM `classify` WHERE ( 1=1 AND id='44' ) LIMIT 1   [ RunTime:0.0011s ]
SQL: SELECT * FROM `seller` WHERE ( 1=1 AND id='10' ) LIMIT 1   [ RunTime:0.0008s ]
SQL: SELECT * FROM `classify` WHERE ( 1=1 AND id='44' ) LIMIT 1   [ RunTime:0.0005s ]
SQL: SELECT * FROM `seller` WHERE ( 1=1 AND id='11' ) LIMIT 1   [ RunTime:0.0004s ]
SQL: SELECT * FROM `classify` WHERE ( 1=1 AND id='44' ) LIMIT 1   [ RunTime:0.0004s ]
SQL: SELECT * FROM `seller` WHERE ( 1=1 AND id='10' ) LIMIT 1   [ RunTime:0.0003s ]
SQL: SELECT * FROM `classify` WHERE ( 1=1 AND id='35' ) LIMIT 1   [ RunTime:0.0007s ]
SQL: SELECT * FROM `seller` WHERE ( 1=1 AND id='12' ) LIMIT 1   [ RunTime:0.0003s ]
SQL: SELECT COUNT(*) AS tp_count FROM `goods` LIMIT 1   [ RunTime:0.0003s ]
INFO: [ view_parse ] --START--
INFO: [ template_filter ] --START--
INFO: Run Behavior\ContentReplaceBehavior [ RunTime:0.000123s ]
INFO: [ template_filter ] --END-- [ RunTime:0.000205s ]
INFO: Run Behavior\ParseTemplateBehavior [ RunTime:0.029447s ]
INFO: [ view_parse ] --END-- [ RunTime:0.029517s ]
INFO: [ view_filter ] --START--
INFO: Run Behavior\WriteHtmlCacheBehavior [ RunTime:0.000726s ]
INFO: [ view_filter ] --END-- [ RunTime:0.000780s ]
INFO: [ app_end ] --START--
INFO: Run Behavior\ShowPageTraceBehavior [ RunTime:0.001494s ]
INFO: [ app_end ] --END-- [ RunTime:0.001592s ]

[ 2018-03-11T10:24:42+08:00 ] 127.0.0.1 /index.php/Admin/Spec/lists.html?v=4.0
INFO: [ app_init ] --START--
INFO: Run Behavior\BuildLiteBehavior [ RunTime:0.000030s ]
INFO: [ app_init ] --END-- [ RunTime:0.000933s ]
INFO: [ app_begin ] --START--
INFO: Run Behavior\ReadHtmlCacheBehavior [ RunTime:0.001216s ]
INFO: [ app_begin ] --END-- [ RunTime:0.001358s ]
NOTIC: [8] A session had already been started - ignoring session_start() E:\xampp\htdocs\ebay\ThinkPHP\Common\functions.php 第 1263 行.
SQL: SHOW COLUMNS FROM `goods_type` [ RunTime:0.0046s ]
SQL: SELECT * FROM `goods_type`  [ RunTime:0.0004s ]
NOTIC: [8] Undefined variable: items E:\xampp\htdocs\ebay\Application\Admin\Controller\SpecController.class.php 第 31 行.
SQL: SHOW COLUMNS FROM `spec` [ RunTime:0.0043s ]
SQL: SELECT * FROM `spec` LIMIT 0,20   [ RunTime:0.0004s ]
SQL: SELECT COUNT(*) AS tp_count FROM `spec` LIMIT 1   [ RunTime:0.0003s ]
SQL: SHOW COLUMNS FROM `spec_item` [ RunTime:0.0035s ]
SQL: SELECT * FROM `spec_item` WHERE ( spec_id = 1 )  [ RunTime:0.0004s ]
SQL: SELECT * FROM `spec_item` WHERE ( spec_id = 3 )  [ RunTime:0.0004s ]
SQL: SELECT * FROM `spec_item` WHERE ( spec_id = 4 )  [ RunTime:0.0005s ]
INFO: [ view_parse ] --START--
INFO: [ template_filter ] --START--
INFO: Run Behavior\ContentReplaceBehavior [ RunTime:0.000087s ]
INFO: [ template_filter ] --END-- [ RunTime:0.000153s ]
INFO: Run Behavior\ParseTemplateBehavior [ RunTime:0.023807s ]
INFO: [ view_parse ] --END-- [ RunTime:0.023882s ]
INFO: [ view_filter ] --START--
INFO: Run Behavior\WriteHtmlCacheBehavior [ RunTime:0.000544s ]
INFO: [ view_filter ] --END-- [ RunTime:0.000597s ]
INFO: [ app_end ] --START--
INFO: Run Behavior\ShowPageTraceBehavior [ RunTime:0.000752s ]
INFO: [ app_end ] --END-- [ RunTime:0.000806s ]

[ 2018-03-11T10:24:50+08:00 ] 127.0.0.1 /index.php/admin/Spec/addItem/id/1.html
INFO: [ app_init ] --START--
INFO: Run Behavior\BuildLiteBehavior [ RunTime:0.000018s ]
INFO: [ app_init ] --END-- [ RunTime:0.000545s ]
INFO: [ app_begin ] --START--
INFO: Run Behavior\ReadHtmlCacheBehavior [ RunTime:0.001551s ]
INFO: [ app_begin ] --END-- [ RunTime:0.001664s ]
NOTIC: [8] A session had already been started - ignoring session_start() E:\xampp\htdocs\ebay\ThinkPHP\Common\functions.php 第 1263 行.
SQL: SHOW COLUMNS FROM `goods_type` [ RunTime:0.0050s ]
SQL: SELECT * FROM `goods_type`  [ RunTime:0.0011s ]
NOTIC: [8] Undefined variable: items E:\xampp\htdocs\ebay\Application\Admin\Controller\SpecController.class.php 第 31 行.
INFO: [ view_parse ] --START--
INFO: [ template_filter ] --START--
INFO: Run Behavior\ContentReplaceBehavior [ RunTime:0.000071s ]
INFO: [ template_filter ] --END-- [ RunTime:0.000137s ]
INFO: Run Behavior\ParseTemplateBehavior [ RunTime:0.166469s ]
INFO: [ view_parse ] --END-- [ RunTime:0.166559s ]
INFO: [ view_filter ] --START--
INFO: Run Behavior\WriteHtmlCacheBehavior [ RunTime:0.000620s ]
INFO: [ view_filter ] --END-- [ RunTime:0.000685s ]
INFO: [ app_end ] --START--
INFO: Run Behavior\ShowPageTraceBehavior [ RunTime:0.000858s ]
INFO: [ app_end ] --END-- [ RunTime:0.000917s ]

[ 2018-03-11T10:24:50+08:00 ] 127.0.0.1 /index.php/admin/Spec/addItem/id/favicon.ico
INFO: [ app_init ] --START--
INFO: Run Behavior\BuildLiteBehavior [ RunTime:0.000017s ]
INFO: [ app_init ] --END-- [ RunTime:0.000579s ]

[ 2018-03-11T10:25:04+08:00 ] 127.0.0.1 /index.php/Admin/Spec/doAddItem.html
INFO: [ app_init ] --START--
INFO: Run Behavior\BuildLiteBehavior [ RunTime:0.000015s ]
INFO: [ app_init ] --END-- [ RunTime:0.000545s ]
INFO: [ app_begin ] --START--
INFO: Run Behavior\ReadHtmlCacheBehavior [ RunTime:0.000731s ]
INFO: [ app_begin ] --END-- [ RunTime:0.000800s ]
NOTIC: [8] A session had already been started - ignoring session_start() E:\xampp\htdocs\ebay\ThinkPHP\Common\functions.php 第 1263 行.
SQL: SHOW COLUMNS FROM `goods_type` [ RunTime:0.0036s ]
SQL: SELECT * FROM `goods_type`  [ RunTime:0.0004s ]
NOTIC: [8] Undefined variable: items E:\xampp\htdocs\ebay\Application\Admin\Controller\SpecController.class.php 第 31 行.
SQL: SHOW COLUMNS FROM `spec_item` [ RunTime:0.0036s ]
SQL: INSERT INTO `spec_item` (`item`,`spec_id`) VALUES ('绿色                                        ','1') [ RunTime:0.0971s ]
INFO: [ view_parse ] --START--
INFO: [ template_filter ] --START--
INFO: Run Behavior\ContentReplaceBehavior [ RunTime:0.000063s ]
INFO: [ template_filter ] --END-- [ RunTime:0.000140s ]
INFO: Run Behavior\ParseTemplateBehavior [ RunTime:0.036834s ]
INFO: [ view_parse ] --END-- [ RunTime:0.036915s ]
INFO: [ view_filter ] --START--
INFO: Run Behavior\WriteHtmlCacheBehavior [ RunTime:0.000571s ]
INFO: [ view_filter ] --END-- [ RunTime:0.000624s ]
INFO: [ app_end ] --START--
INFO: Run Behavior\ShowPageTraceBehavior [ RunTime:0.000822s ]
INFO: [ app_end ] --END-- [ RunTime:0.000881s ]

[ 2018-03-11T10:25:05+08:00 ] 127.0.0.1 /index.php/Admin/Spec/lists
INFO: [ app_init ] --START--
INFO: Run Behavior\BuildLiteBehavior [ RunTime:0.000027s ]
INFO: [ app_init ] --END-- [ RunTime:0.000549s ]
INFO: [ app_begin ] --START--
INFO: Run Behavior\ReadHtmlCacheBehavior [ RunTime:0.000752s ]
INFO: [ app_begin ] --END-- [ RunTime:0.000816s ]
NOTIC: [8] A session had already been started - ignoring session_start() E:\xampp\htdocs\ebay\ThinkPHP\Common\functions.php 第 1263 行.
SQL: SHOW COLUMNS FROM `goods_type` [ RunTime:0.0037s ]
SQL: SELECT * FROM `goods_type`  [ RunTime:0.0004s ]
NOTIC: [8] Undefined variable: items E:\xampp\htdocs\ebay\Application\Admin\Controller\SpecController.class.php 第 31 行.
SQL: SHOW COLUMNS FROM `spec` [ RunTime:0.0033s ]
SQL: SELECT * FROM `spec` LIMIT 0,20   [ RunTime:0.0004s ]
SQL: SELECT COUNT(*) AS tp_count FROM `spec` LIMIT 1   [ RunTime:0.0003s ]
SQL: SHOW COLUMNS FROM `spec_item` [ RunTime:0.0039s ]
SQL: SELECT * FROM `spec_item` WHERE ( spec_id = 1 )  [ RunTime:0.0004s ]
SQL: SELECT * FROM `spec_item` WHERE ( spec_id = 3 )  [ RunTime:0.0003s ]
SQL: SELECT * FROM `spec_item` WHERE ( spec_id = 4 )  [ RunTime:0.0003s ]
INFO: [ view_parse ] --START--
INFO: [ template_filter ] --START--
INFO: Run Behavior\ContentReplaceBehavior [ RunTime:0.000086s ]
INFO: [ template_filter ] --END-- [ RunTime:0.000159s ]
INFO: Run Behavior\ParseTemplateBehavior [ RunTime:0.010424s ]
INFO: [ view_parse ] --END-- [ RunTime:0.010499s ]
INFO: [ view_filter ] --START--
INFO: Run Behavior\WriteHtmlCacheBehavior [ RunTime:0.000519s ]
INFO: [ view_filter ] --END-- [ RunTime:0.000569s ]
INFO: [ app_end ] --START--
INFO: Run Behavior\ShowPageTraceBehavior [ RunTime:0.000966s ]
INFO: [ app_end ] --END-- [ RunTime:0.001046s ]

[ 2018-03-11T10:25:05+08:00 ] 127.0.0.1 /index.php/Admin/Spec/favicon.ico
INFO: [ app_init ] --START--
INFO: Run Behavior\BuildLiteBehavior [ RunTime:0.000019s ]
INFO: [ app_init ] --END-- [ RunTime:0.000526s ]

[ 2018-03-11T10:25:14+08:00 ] 127.0.0.1 /index.php/admin/Spec/addItem/id/4.html
INFO: [ app_init ] --START--
INFO: Run Behavior\BuildLiteBehavior [ RunTime:0.000017s ]
INFO: [ app_init ] --END-- [ RunTime:0.000518s ]
INFO: [ app_begin ] --START--
INFO: Run Behavior\ReadHtmlCacheBehavior [ RunTime:0.000722s ]
INFO: [ app_begin ] --END-- [ RunTime:0.000789s ]
NOTIC: [8] A session had already been started - ignoring session_start() E:\xampp\htdocs\ebay\ThinkPHP\Common\functions.php 第 1263 行.
SQL: SHOW COLUMNS FROM `goods_type` [ RunTime:0.0054s ]
SQL: SELECT * FROM `goods_type`  [ RunTime:0.0005s ]
NOTIC: [8] Undefined variable: items E:\xampp\htdocs\ebay\Application\Admin\Controller\SpecController.class.php 第 31 行.
INFO: [ view_parse ] --START--
INFO: [ template_filter ] --START--
INFO: Run Behavior\ContentReplaceBehavior [ RunTime:0.000073s ]
INFO: [ template_filter ] --END-- [ RunTime:0.000143s ]
INFO: Run Behavior\ParseTemplateBehavior [ RunTime:0.008289s ]
INFO: [ view_parse ] --END-- [ RunTime:0.008464s ]
INFO: [ view_filter ] --START--
INFO: Run Behavior\WriteHtmlCacheBehavior [ RunTime:0.001067s ]
INFO: [ view_filter ] --END-- [ RunTime:0.001200s ]
INFO: [ app_end ] --START--
INFO: Run Behavior\ShowPageTraceBehavior [ RunTime:0.001175s ]
INFO: [ app_end ] --END-- [ RunTime:0.001242s ]

[ 2018-03-11T10:25:26+08:00 ] 127.0.0.1 /index.php/Admin/Spec/doAddItem.html
INFO: [ app_init ] --START--
INFO: Run Behavior\BuildLiteBehavior [ RunTime:0.000016s ]
INFO: [ app_init ] --END-- [ RunTime:0.000543s ]
INFO: [ app_begin ] --START--
INFO: Run Behavior\ReadHtmlCacheBehavior [ RunTime:0.001513s ]
INFO: [ app_begin ] --END-- [ RunTime:0.001682s ]
NOTIC: [8] A session had already been started - ignoring session_start() E:\xampp\htdocs\ebay\ThinkPHP\Common\functions.php 第 1263 行.
SQL: SHOW COLUMNS FROM `goods_type` [ RunTime:0.0036s ]
SQL: SELECT * FROM `goods_type`  [ RunTime:0.0004s ]
NOTIC: [8] Undefined variable: items E:\xampp\htdocs\ebay\Application\Admin\Controller\SpecController.class.php 第 31 行.
SQL: SHOW COLUMNS FROM `spec_item` [ RunTime:0.0034s ]
SQL: INSERT INTO `spec_item` (`item`,`spec_id`) VALUES ('v','4') [ RunTime:0.0505s ]
SQL: INSERT INTO `spec_item` (`item`,`spec_id`) VALUES ('c','4') [ RunTime:0.0337s ]
SQL: INSERT INTO `spec_item` (`item`,`spec_id`) VALUES ('b                                        ','4') [ RunTime:0.0539s ]
INFO: [ view_parse ] --START--
INFO: [ template_filter ] --START--
INFO: Run Behavior\ContentReplaceBehavior [ RunTime:0.000064s ]
INFO: [ template_filter ] --END-- [ RunTime:0.000132s ]
INFO: Run Behavior\ParseTemplateBehavior [ RunTime:0.007399s ]
INFO: [ view_parse ] --END-- [ RunTime:0.007470s ]
INFO: [ view_filter ] --START--
INFO: Run Behavior\WriteHtmlCacheBehavior [ RunTime:0.000559s ]
INFO: [ view_filter ] --END-- [ RunTime:0.000612s ]
INFO: [ app_end ] --START--
INFO: Run Behavior\ShowPageTraceBehavior [ RunTime:0.000800s ]
INFO: [ app_end ] --END-- [ RunTime:0.000856s ]

[ 2018-03-11T10:25:27+08:00 ] 127.0.0.1 /index.php/Admin/Spec/lists
INFO: [ app_init ] --START--
INFO: Run Behavior\BuildLiteBehavior [ RunTime:0.000028s ]
INFO: [ app_init ] --END-- [ RunTime:0.000731s ]
INFO: [ app_begin ] --START--
INFO: Run Behavior\ReadHtmlCacheBehavior [ RunTime:0.000767s ]
INFO: [ app_begin ] --END-- [ RunTime:0.000837s ]
NOTIC: [8] A session had already been started - ignoring session_start() E:\xampp\htdocs\ebay\ThinkPHP\Common\functions.php 第 1263 行.
SQL: SHOW COLUMNS FROM `goods_type` [ RunTime:0.0034s ]
SQL: SELECT * FROM `goods_type`  [ RunTime:0.0003s ]
NOTIC: [8] Undefined variable: items E:\xampp\htdocs\ebay\Application\Admin\Controller\SpecController.class.php 第 31 行.
SQL: SHOW COLUMNS FROM `spec` [ RunTime:0.0033s ]
SQL: SELECT * FROM `spec` LIMIT 0,20   [ RunTime:0.0003s ]
SQL: SELECT COUNT(*) AS tp_count FROM `spec` LIMIT 1   [ RunTime:0.0003s ]
SQL: SHOW COLUMNS FROM `spec_item` [ RunTime:0.0049s ]
SQL: SELECT * FROM `spec_item` WHERE ( spec_id = 1 )  [ RunTime:0.0005s ]
SQL: SELECT * FROM `spec_item` WHERE ( spec_id = 3 )  [ RunTime:0.0004s ]
SQL: SELECT * FROM `spec_item` WHERE ( spec_id = 4 )  [ RunTime:0.0004s ]
INFO: [ view_parse ] --START--
INFO: [ template_filter ] --START--
INFO: Run Behavior\ContentReplaceBehavior [ RunTime:0.000119s ]
INFO: [ template_filter ] --END-- [ RunTime:0.000217s ]
INFO: Run Behavior\ParseTemplateBehavior [ RunTime:0.010477s ]
INFO: [ view_parse ] --END-- [ RunTime:0.010548s ]
INFO: [ view_filter ] --START--
INFO: Run Behavior\WriteHtmlCacheBehavior [ RunTime:0.000467s ]
INFO: [ view_filter ] --END-- [ RunTime:0.000516s ]
INFO: [ app_end ] --START--
INFO: Run Behavior\ShowPageTraceBehavior [ RunTime:0.000810s ]
INFO: [ app_end ] --END-- [ RunTime:0.000866s ]

[ 2018-03-11T10:47:43+08:00 ] 127.0.0.1 /index.php/Admin/Spec/lists
INFO: [ app_init ] --START--
INFO: Run Behavior\BuildLiteBehavior [ RunTime:0.000017s ]
INFO: [ app_init ] --END-- [ RunTime:0.000720s ]
INFO: [ app_begin ] --START--
INFO: Run Behavior\ReadHtmlCacheBehavior [ RunTime:0.000837s ]
INFO: [ app_begin ] --END-- [ RunTime:0.000899s ]
NOTIC: [8] A session had already been started - ignoring session_start() E:\xampp\htdocs\ebay\ThinkPHP\Common\functions.php 第 1263 行.
SQL: SHOW COLUMNS FROM `goods_type` [ RunTime:0.0046s ]
SQL: SELECT * FROM `goods_type`  [ RunTime:0.0004s ]
NOTIC: [8] Undefined variable: items E:\xampp\htdocs\ebay\Application\Admin\Controller\SpecController.class.php 第 31 行.
SQL: SHOW COLUMNS FROM `spec` [ RunTime:0.0033s ]
SQL: SELECT * FROM `spec` LIMIT 0,20   [ RunTime:0.0004s ]
SQL: SELECT COUNT(*) AS tp_count FROM `spec` LIMIT 1   [ RunTime:0.0003s ]
SQL: SHOW COLUMNS FROM `spec_item` [ RunTime:0.0037s ]
SQL: SELECT * FROM `spec_item` WHERE ( spec_id = 1 )  [ RunTime:0.0006s ]
SQL: SELECT * FROM `spec_item` WHERE ( spec_id = 3 )  [ RunTime:0.0003s ]
SQL: SELECT * FROM `spec_item` WHERE ( spec_id = 4 )  [ RunTime:0.0003s ]
INFO: [ view_parse ] --START--
INFO: [ template_filter ] --START--
INFO: Run Behavior\ContentReplaceBehavior [ RunTime:0.000083s ]
INFO: [ template_filter ] --END-- [ RunTime:0.000146s ]
INFO: Run Behavior\ParseTemplateBehavior [ RunTime:0.010984s ]
INFO: [ view_parse ] --END-- [ RunTime:0.011072s ]
INFO: [ view_filter ] --START--
INFO: Run Behavior\WriteHtmlCacheBehavior [ RunTime:0.000905s ]
INFO: [ view_filter ] --END-- [ RunTime:0.001000s ]
INFO: [ app_end ] --START--
INFO: Run Behavior\ShowPageTraceBehavior [ RunTime:0.001031s ]
INFO: [ app_end ] --END-- [ RunTime:0.001081s ]

[ 2018-03-11T10:47:49+08:00 ] 127.0.0.1 /index.php/admin/Spec/addItem/id/1.html
INFO: [ app_init ] --START--
INFO: Run Behavior\BuildLiteBehavior [ RunTime:0.000016s ]
INFO: [ app_init ] --END-- [ RunTime:0.000611s ]
INFO: [ app_begin ] --START--
INFO: Run Behavior\ReadHtmlCacheBehavior [ RunTime:0.000846s ]
INFO: [ app_begin ] --END-- [ RunTime:0.000908s ]
NOTIC: [8] A session had already been started - ignoring session_start() E:\xampp\htdocs\ebay\ThinkPHP\Common\functions.php 第 1263 行.
SQL: SHOW COLUMNS FROM `goods_type` [ RunTime:0.0046s ]
SQL: SELECT * FROM `goods_type`  [ RunTime:0.0007s ]
NOTIC: [8] Undefined variable: items E:\xampp\htdocs\ebay\Application\Admin\Controller\SpecController.class.php 第 31 行.
INFO: [ view_parse ] --START--
INFO: [ template_filter ] --START--
INFO: Run Behavior\ContentReplaceBehavior [ RunTime:0.000071s ]
INFO: [ template_filter ] --END-- [ RunTime:0.000137s ]
INFO: Run Behavior\ParseTemplateBehavior [ RunTime:0.008772s ]
INFO: [ view_parse ] --END-- [ RunTime:0.008865s ]
INFO: [ view_filter ] --START--
INFO: Run Behavior\WriteHtmlCacheBehavior [ RunTime:0.000891s ]
INFO: [ view_filter ] --END-- [ RunTime:0.000977s ]
INFO: [ app_end ] --START--
INFO: Run Behavior\ShowPageTraceBehavior [ RunTime:0.001910s ]
INFO: [ app_end ] --END-- [ RunTime:0.001988s ]

[ 2018-03-11T10:48:11+08:00 ] 127.0.0.1 /index.php/Admin/Spec/doAddItem.html
INFO: [ app_init ] --START--
INFO: Run Behavior\BuildLiteBehavior [ RunTime:0.000027s ]
INFO: [ app_init ] --END-- [ RunTime:0.001112s ]
INFO: [ app_begin ] --START--
INFO: Run Behavior\ReadHtmlCacheBehavior [ RunTime:0.001004s ]
INFO: [ app_begin ] --END-- [ RunTime:0.001111s ]
NOTIC: [8] A session had already been started - ignoring session_start() E:\xampp\htdocs\ebay\ThinkPHP\Common\functions.php 第 1263 行.
SQL: SHOW COLUMNS FROM `goods_type` [ RunTime:0.0052s ]
SQL: SELECT * FROM `goods_type`  [ RunTime:0.0004s ]
NOTIC: [8] Undefined variable: items E:\xampp\htdocs\ebay\Application\Admin\Controller\SpecController.class.php 第 31 行.
SQL: SHOW COLUMNS FROM `spec_item` [ RunTime:0.0040s ]
ERR: 1054:Unknown column '红色' in 'where clause'
 [ SQL语句 ] : SELECT * FROM `spec_item` WHERE ( spec_id = 1 and item = 红色 ) 
ERR: 1054:Unknown column '红色' in 'where clause'
 [ SQL语句 ] : SELECT * FROM `spec_item` WHERE ( spec_id = 1 and item = 红色 ) 

[ 2018-03-11T10:48:45+08:00 ] 127.0.0.1 /index.php/admin/Spec/addItem/id/1.html
INFO: [ app_init ] --START--
INFO: Run Behavior\BuildLiteBehavior [ RunTime:0.000063s ]
INFO: [ app_init ] --END-- [ RunTime:0.001008s ]
INFO: [ app_begin ] --START--
INFO: Run Behavior\ReadHtmlCacheBehavior [ RunTime:0.001269s ]
INFO: [ app_begin ] --END-- [ RunTime:0.001394s ]
NOTIC: [8] A session had already been started - ignoring session_start() E:\xampp\htdocs\ebay\ThinkPHP\Common\functions.php 第 1263 行.
SQL: SHOW COLUMNS FROM `goods_type` [ RunTime:0.0043s ]
SQL: SELECT * FROM `goods_type`  [ RunTime:0.0005s ]
NOTIC: [8] Undefined variable: items E:\xampp\htdocs\ebay\Application\Admin\Controller\SpecController.class.php 第 31 行.
INFO: [ view_parse ] --START--
INFO: [ template_filter ] --START--
INFO: Run Behavior\ContentReplaceBehavior [ RunTime:0.000078s ]
INFO: [ template_filter ] --END-- [ RunTime:0.000151s ]
INFO: Run Behavior\ParseTemplateBehavior [ RunTime:0.009494s ]
INFO: [ view_parse ] --END-- [ RunTime:0.009588s ]
INFO: [ view_filter ] --START--
INFO: Run Behavior\WriteHtmlCacheBehavior [ RunTime:0.000566s ]
INFO: [ view_filter ] --END-- [ RunTime:0.000631s ]
INFO: [ app_end ] --START--
INFO: Run Behavior\ShowPageTraceBehavior [ RunTime:0.000846s ]
INFO: [ app_end ] --END-- [ RunTime:0.000904s ]

[ 2018-03-11T10:48:56+08:00 ] 127.0.0.1 /index.php/Admin/Spec/doAddItem.html
INFO: [ app_init ] --START--
INFO: Run Behavior\BuildLiteBehavior [ RunTime:0.000017s ]
INFO: [ app_init ] --END-- [ RunTime:0.000501s ]
INFO: [ app_begin ] --START--
INFO: Run Behavior\ReadHtmlCacheBehavior [ RunTime:0.000668s ]
INFO: [ app_begin ] --END-- [ RunTime:0.000732s ]
NOTIC: [8] A session had already been started - ignoring session_start() E:\xampp\htdocs\ebay\ThinkPHP\Common\functions.php 第 1263 行.
SQL: SHOW COLUMNS FROM `goods_type` [ RunTime:0.0044s ]
SQL: SELECT * FROM `goods_type`  [ RunTime:0.0004s ]
NOTIC: [8] Undefined variable: items E:\xampp\htdocs\ebay\Application\Admin\Controller\SpecController.class.php 第 31 行.
SQL: SHOW COLUMNS FROM `spec_item` [ RunTime:0.0041s ]
SQL: SELECT * FROM `spec_item` WHERE ( spec_id = 1 and item = '红色' )  [ RunTime:0.0004s ]
SQL: INSERT INTO `spec_item` (`item`,`spec_id`) VALUES ('红色','1') [ RunTime:0.2110s ]
SQL: SELECT * FROM `spec_item` WHERE ( spec_id = 1 and item = '红色                                       ' )  [ RunTime:0.0007s ]
INFO: [ view_parse ] --START--
INFO: [ template_filter ] --START--
INFO: Run Behavior\ContentReplaceBehavior [ RunTime:0.000061s ]
INFO: [ template_filter ] --END-- [ RunTime:0.000135s ]
INFO: Run Behavior\ParseTemplateBehavior [ RunTime:0.007617s ]
INFO: [ view_parse ] --END-- [ RunTime:0.007703s ]
INFO: [ view_filter ] --START--
INFO: Run Behavior\WriteHtmlCacheBehavior [ RunTime:0.000481s ]
INFO: [ view_filter ] --END-- [ RunTime:0.000533s ]
INFO: [ app_end ] --START--
INFO: Run Behavior\ShowPageTraceBehavior [ RunTime:0.000859s ]
INFO: [ app_end ] --END-- [ RunTime:0.000916s ]

[ 2018-03-11T10:48:57+08:00 ] 127.0.0.1 /index.php/Admin/Spec/lists
INFO: [ app_init ] --START--
INFO: Run Behavior\BuildLiteBehavior [ RunTime:0.000016s ]
INFO: [ app_init ] --END-- [ RunTime:0.000525s ]
INFO: [ app_begin ] --START--
INFO: Run Behavior\ReadHtmlCacheBehavior [ RunTime:0.000726s ]
INFO: [ app_begin ] --END-- [ RunTime:0.000791s ]
NOTIC: [8] A session had already been started - ignoring session_start() E:\xampp\htdocs\ebay\ThinkPHP\Common\functions.php 第 1263 行.
SQL: SHOW COLUMNS FROM `goods_type` [ RunTime:0.0039s ]
SQL: SELECT * FROM `goods_type`  [ RunTime:0.0004s ]
NOTIC: [8] Undefined variable: items E:\xampp\htdocs\ebay\Application\Admin\Controller\SpecController.class.php 第 31 行.
SQL: SHOW COLUMNS FROM `spec` [ RunTime:0.0034s ]
SQL: SELECT * FROM `spec` LIMIT 0,20   [ RunTime:0.0004s ]
SQL: SELECT COUNT(*) AS tp_count FROM `spec` LIMIT 1   [ RunTime:0.0003s ]
SQL: SHOW COLUMNS FROM `spec_item` [ RunTime:0.0042s ]
SQL: SELECT * FROM `spec_item` WHERE ( spec_id = 1 )  [ RunTime:0.0248s ]
SQL: SELECT * FROM `spec_item` WHERE ( spec_id = 3 )  [ RunTime:0.0005s ]
SQL: SELECT * FROM `spec_item` WHERE ( spec_id = 4 )  [ RunTime:0.0004s ]
INFO: [ view_parse ] --START--
INFO: [ template_filter ] --START--
INFO: Run Behavior\ContentReplaceBehavior [ RunTime:0.000130s ]
INFO: [ template_filter ] --END-- [ RunTime:0.000236s ]
INFO: Run Behavior\ParseTemplateBehavior [ RunTime:0.011484s ]
INFO: [ view_parse ] --END-- [ RunTime:0.011565s ]
INFO: [ view_filter ] --START--
INFO: Run Behavior\WriteHtmlCacheBehavior [ RunTime:0.000522s ]
INFO: [ view_filter ] --END-- [ RunTime:0.000576s ]
INFO: [ app_end ] --START--
INFO: Run Behavior\ShowPageTraceBehavior [ RunTime:0.000838s ]
INFO: [ app_end ] --END-- [ RunTime:0.000889s ]

[ 2018-03-11T10:49:01+08:00 ] 127.0.0.1 /index.php/admin/Spec/addItem/id/1.html
INFO: [ app_init ] --START--
INFO: Run Behavior\BuildLiteBehavior [ RunTime:0.000022s ]
INFO: [ app_init ] --END-- [ RunTime:0.001117s ]
INFO: [ app_begin ] --START--
INFO: Run Behavior\ReadHtmlCacheBehavior [ RunTime:0.000876s ]
INFO: [ app_begin ] --END-- [ RunTime:0.000969s ]
NOTIC: [8] A session had already been started - ignoring session_start() E:\xampp\htdocs\ebay\ThinkPHP\Common\functions.php 第 1263 行.
SQL: SHOW COLUMNS FROM `goods_type` [ RunTime:0.0058s ]
SQL: SELECT * FROM `goods_type`  [ RunTime:0.0006s ]
NOTIC: [8] Undefined variable: items E:\xampp\htdocs\ebay\Application\Admin\Controller\SpecController.class.php 第 31 行.
INFO: [ view_parse ] --START--
INFO: [ template_filter ] --START--
INFO: Run Behavior\ContentReplaceBehavior [ RunTime:0.000070s ]
INFO: [ template_filter ] --END-- [ RunTime:0.000137s ]
INFO: Run Behavior\ParseTemplateBehavior [ RunTime:0.008235s ]
INFO: [ view_parse ] --END-- [ RunTime:0.008317s ]
INFO: [ view_filter ] --START--
INFO: Run Behavior\WriteHtmlCacheBehavior [ RunTime:0.000490s ]
INFO: [ view_filter ] --END-- [ RunTime:0.000544s ]
INFO: [ app_end ] --START--
INFO: Run Behavior\ShowPageTraceBehavior [ RunTime:0.001126s ]
INFO: [ app_end ] --END-- [ RunTime:0.001241s ]

[ 2018-03-11T10:49:18+08:00 ] 127.0.0.1 /index.php/Admin/Spec/doAddItem.html
INFO: [ app_init ] --START--
INFO: Run Behavior\BuildLiteBehavior [ RunTime:0.000021s ]
INFO: [ app_init ] --END-- [ RunTime:0.000647s ]
INFO: [ app_begin ] --START--
INFO: Run Behavior\ReadHtmlCacheBehavior [ RunTime:0.000734s ]
INFO: [ app_begin ] --END-- [ RunTime:0.000805s ]
NOTIC: [8] A session had already been started - ignoring session_start() E:\xampp\htdocs\ebay\ThinkPHP\Common\functions.php 第 1263 行.
SQL: SHOW COLUMNS FROM `goods_type` [ RunTime:0.0042s ]
SQL: SELECT * FROM `goods_type`  [ RunTime:0.0004s ]
NOTIC: [8] Undefined variable: items E:\xampp\htdocs\ebay\Application\Admin\Controller\SpecController.class.php 第 31 行.
SQL: SHOW COLUMNS FROM `spec_item` [ RunTime:0.0033s ]
SQL: SELECT * FROM `spec_item` WHERE ( spec_id = 1 and item = '红色' )  [ RunTime:0.0004s ]
SQL: SELECT * FROM `spec_item` WHERE ( spec_id = 1 and item = '绿色' )  [ RunTime:0.0003s ]
SQL: INSERT INTO `spec_item` (`item`,`spec_id`) VALUES ('绿色','1') [ RunTime:0.0601s ]
SQL: SELECT * FROM `spec_item` WHERE ( spec_id = 1 and item = '黄色                                      ' )  [ RunTime:0.0005s ]
SQL: INSERT INTO `spec_item` (`item`,`spec_id`) VALUES ('黄色                                      ','1') [ RunTime:0.0398s ]
INFO: [ view_parse ] --START--
INFO: [ template_filter ] --START--
INFO: Run Behavior\ContentReplaceBehavior [ RunTime:0.000057s ]
INFO: [ template_filter ] --END-- [ RunTime:0.000118s ]
INFO: Run Behavior\ParseTemplateBehavior [ RunTime:0.006972s ]
INFO: [ view_parse ] --END-- [ RunTime:0.007056s ]
INFO: [ view_filter ] --START--
INFO: Run Behavior\WriteHtmlCacheBehavior [ RunTime:0.000496s ]
INFO: [ view_filter ] --END-- [ RunTime:0.000573s ]
INFO: [ app_end ] --START--
INFO: Run Behavior\ShowPageTraceBehavior [ RunTime:0.000835s ]
INFO: [ app_end ] --END-- [ RunTime:0.000887s ]

[ 2018-03-11T10:49:19+08:00 ] 127.0.0.1 /index.php/Admin/Spec/lists
INFO: [ app_init ] --START--
INFO: Run Behavior\BuildLiteBehavior [ RunTime:0.000018s ]
INFO: [ app_init ] --END-- [ RunTime:0.000599s ]
INFO: [ app_begin ] --START--
INFO: Run Behavior\ReadHtmlCacheBehavior [ RunTime:0.000838s ]
INFO: [ app_begin ] --END-- [ RunTime:0.000911s ]
NOTIC: [8] A session had already been started - ignoring session_start() E:\xampp\htdocs\ebay\ThinkPHP\Common\functions.php 第 1263 行.
SQL: SHOW COLUMNS FROM `goods_type` [ RunTime:0.0039s ]
SQL: SELECT * FROM `goods_type`  [ RunTime:0.0004s ]
NOTIC: [8] Undefined variable: items E:\xampp\htdocs\ebay\Application\Admin\Controller\SpecController.class.php 第 31 行.
SQL: SHOW COLUMNS FROM `spec` [ RunTime:0.0038s ]
SQL: SELECT * FROM `spec` LIMIT 0,20   [ RunTime:0.0005s ]
SQL: SELECT COUNT(*) AS tp_count FROM `spec` LIMIT 1   [ RunTime:0.0004s ]
SQL: SHOW COLUMNS FROM `spec_item` [ RunTime:0.0035s ]
SQL: SELECT * FROM `spec_item` WHERE ( spec_id = 1 )  [ RunTime:0.0004s ]
SQL: SELECT * FROM `spec_item` WHERE ( spec_id = 3 )  [ RunTime:0.0003s ]
SQL: SELECT * FROM `spec_item` WHERE ( spec_id = 4 )  [ RunTime:0.0003s ]
INFO: [ view_parse ] --START--
INFO: [ template_filter ] --START--
INFO: Run Behavior\ContentReplaceBehavior [ RunTime:0.000079s ]
INFO: [ template_filter ] --END-- [ RunTime:0.000144s ]
INFO: Run Behavior\ParseTemplateBehavior [ RunTime:0.010470s ]
INFO: [ view_parse ] --END-- [ RunTime:0.010560s ]
INFO: [ view_filter ] --START--
INFO: Run Behavior\WriteHtmlCacheBehavior [ RunTime:0.000597s ]
INFO: [ view_filter ] --END-- [ RunTime:0.000819s ]
INFO: [ app_end ] --START--
INFO: Run Behavior\ShowPageTraceBehavior [ RunTime:0.001108s ]
INFO: [ app_end ] --END-- [ RunTime:0.001209s ]

[ 2018-03-11T10:49:21+08:00 ] 127.0.0.1 /index.php/admin/Spec/addItem/id/3.html
INFO: [ app_init ] --START--
INFO: Run Behavior\BuildLiteBehavior [ RunTime:0.000022s ]
INFO: [ app_init ] --END-- [ RunTime:0.000945s ]
INFO: [ app_begin ] --START--
INFO: Run Behavior\ReadHtmlCacheBehavior [ RunTime:0.001116s ]
INFO: [ app_begin ] --END-- [ RunTime:0.001239s ]
NOTIC: [8] A session had already been started - ignoring session_start() E:\xampp\htdocs\ebay\ThinkPHP\Common\functions.php 第 1263 行.
SQL: SHOW COLUMNS FROM `goods_type` [ RunTime:0.0036s ]
SQL: SELECT * FROM `goods_type`  [ RunTime:0.0003s ]
NOTIC: [8] Undefined variable: items E:\xampp\htdocs\ebay\Application\Admin\Controller\SpecController.class.php 第 31 行.
INFO: [ view_parse ] --START--
INFO: [ template_filter ] --START--
INFO: Run Behavior\ContentReplaceBehavior [ RunTime:0.000100s ]
INFO: [ template_filter ] --END-- [ RunTime:0.000186s ]
INFO: Run Behavior\ParseTemplateBehavior [ RunTime:0.010201s ]
INFO: [ view_parse ] --END-- [ RunTime:0.010279s ]
INFO: [ view_filter ] --START--
INFO: Run Behavior\WriteHtmlCacheBehavior [ RunTime:0.000473s ]
INFO: [ view_filter ] --END-- [ RunTime:0.000524s ]
INFO: [ app_end ] --START--
INFO: Run Behavior\ShowPageTraceBehavior [ RunTime:0.001159s ]
INFO: [ app_end ] --END-- [ RunTime:0.001229s ]

[ 2018-03-11T10:49:45+08:00 ] 127.0.0.1 /index.php/Admin/Spec/doAddItem.html
INFO: [ app_init ] --START--
INFO: Run Behavior\BuildLiteBehavior [ RunTime:0.000017s ]
INFO: [ app_init ] --END-- [ RunTime:0.000580s ]
INFO: [ app_begin ] --START--
INFO: Run Behavior\ReadHtmlCacheBehavior [ RunTime:0.001611s ]
INFO: [ app_begin ] --END-- [ RunTime:0.001754s ]
NOTIC: [8] A session had already been started - ignoring session_start() E:\xampp\htdocs\ebay\ThinkPHP\Common\functions.php 第 1263 行.
SQL: SHOW COLUMNS FROM `goods_type` [ RunTime:0.0035s ]
SQL: SELECT * FROM `goods_type`  [ RunTime:0.0004s ]
NOTIC: [8] Undefined variable: items E:\xampp\htdocs\ebay\Application\Admin\Controller\SpecController.class.php 第 31 行.
SQL: SHOW COLUMNS FROM `spec_item` [ RunTime:0.0035s ]
SQL: SELECT * FROM `spec_item` WHERE ( spec_id = 3 and item = '128G' )  [ RunTime:0.0005s ]
SQL: INSERT INTO `spec_item` (`item`,`spec_id`) VALUES ('128G','3') [ RunTime:0.1107s ]
SQL: SELECT * FROM `spec_item` WHERE ( spec_id = 3 and item = '64G' )  [ RunTime:0.0005s ]
SQL: INSERT INTO `spec_item` (`item`,`spec_id`) VALUES ('64G','3') [ RunTime:0.0872s ]
SQL: SELECT * FROM `spec_item` WHERE ( spec_id = 3 and item = '32G' )  [ RunTime:0.0005s ]
SQL: INSERT INTO `spec_item` (`item`,`spec_id`) VALUES ('32G','3') [ RunTime:0.0542s ]
SQL: SELECT * FROM `spec_item` WHERE ( spec_id = 3 and item = '16G                                        ' )  [ RunTime:0.0005s ]
SQL: INSERT INTO `spec_item` (`item`,`spec_id`) VALUES ('16G                                        ','3') [ RunTime:0.0236s ]
INFO: [ view_parse ] --START--
INFO: [ template_filter ] --START--
INFO: Run Behavior\ContentReplaceBehavior [ RunTime:0.000061s ]
INFO: [ template_filter ] --END-- [ RunTime:0.000123s ]
INFO: Run Behavior\ParseTemplateBehavior [ RunTime:0.008063s ]
INFO: [ view_parse ] --END-- [ RunTime:0.008132s ]
INFO: [ view_filter ] --START--
INFO: Run Behavior\WriteHtmlCacheBehavior [ RunTime:0.000606s ]
INFO: [ view_filter ] --END-- [ RunTime:0.000656s ]
INFO: [ app_end ] --START--
INFO: Run Behavior\ShowPageTraceBehavior [ RunTime:0.000894s ]
INFO: [ app_end ] --END-- [ RunTime:0.000949s ]

[ 2018-03-11T10:49:46+08:00 ] 127.0.0.1 /index.php/Admin/Spec/lists
INFO: [ app_init ] --START--
INFO: Run Behavior\BuildLiteBehavior [ RunTime:0.000026s ]
INFO: [ app_init ] --END-- [ RunTime:0.000648s ]
INFO: [ app_begin ] --START--
INFO: Run Behavior\ReadHtmlCacheBehavior [ RunTime:0.000705s ]
INFO: [ app_begin ] --END-- [ RunTime:0.000765s ]
NOTIC: [8] A session had already been started - ignoring session_start() E:\xampp\htdocs\ebay\ThinkPHP\Common\functions.php 第 1263 行.
SQL: SHOW COLUMNS FROM `goods_type` [ RunTime:0.0039s ]
SQL: SELECT * FROM `goods_type`  [ RunTime:0.0004s ]
NOTIC: [8] Undefined variable: items E:\xampp\htdocs\ebay\Application\Admin\Controller\SpecController.class.php 第 31 行.
SQL: SHOW COLUMNS FROM `spec` [ RunTime:0.0033s ]
SQL: SELECT * FROM `spec` LIMIT 0,20   [ RunTime:0.0003s ]
SQL: SELECT COUNT(*) AS tp_count FROM `spec` LIMIT 1   [ RunTime:0.0003s ]
SQL: SHOW COLUMNS FROM `spec_item` [ RunTime:0.0034s ]
SQL: SELECT * FROM `spec_item` WHERE ( spec_id = 1 )  [ RunTime:0.0004s ]
SQL: SELECT * FROM `spec_item` WHERE ( spec_id = 3 )  [ RunTime:0.0003s ]
SQL: SELECT * FROM `spec_item` WHERE ( spec_id = 4 )  [ RunTime:0.0003s ]
INFO: [ view_parse ] --START--
INFO: [ template_filter ] --START--
INFO: Run Behavior\ContentReplaceBehavior [ RunTime:0.000082s ]
INFO: [ template_filter ] --END-- [ RunTime:0.000147s ]
INFO: Run Behavior\ParseTemplateBehavior [ RunTime:0.010547s ]
INFO: [ view_parse ] --END-- [ RunTime:0.010611s ]
INFO: [ view_filter ] --START--
INFO: Run Behavior\WriteHtmlCacheBehavior [ RunTime:0.000488s ]
INFO: [ view_filter ] --END-- [ RunTime:0.000538s ]
INFO: [ app_end ] --START--
INFO: Run Behavior\ShowPageTraceBehavior [ RunTime:0.000831s ]
INFO: [ app_end ] --END-- [ RunTime:0.000880s ]

[ 2018-03-11T10:49:56+08:00 ] 127.0.0.1 /index.php/admin/Spec/addItem/id/4.html
INFO: [ app_init ] --START--
INFO: Run Behavior\BuildLiteBehavior [ RunTime:0.000030s ]
INFO: [ app_init ] --END-- [ RunTime:0.000897s ]
INFO: [ app_begin ] --START--
INFO: Run Behavior\ReadHtmlCacheBehavior [ RunTime:0.001173s ]
INFO: [ app_begin ] --END-- [ RunTime:0.001292s ]
NOTIC: [8] A session had already been started - ignoring session_start() E:\xampp\htdocs\ebay\ThinkPHP\Common\functions.php 第 1263 行.
SQL: SHOW COLUMNS FROM `goods_type` [ RunTime:0.0048s ]
SQL: SELECT * FROM `goods_type`  [ RunTime:0.0004s ]
NOTIC: [8] Undefined variable: items E:\xampp\htdocs\ebay\Application\Admin\Controller\SpecController.class.php 第 31 行.
INFO: [ view_parse ] --START--
INFO: [ template_filter ] --START--
INFO: Run Behavior\ContentReplaceBehavior [ RunTime:0.000121s ]
INFO: [ template_filter ] --END-- [ RunTime:0.000248s ]
INFO: Run Behavior\ParseTemplateBehavior [ RunTime:0.012113s ]
INFO: [ view_parse ] --END-- [ RunTime:0.012202s ]
INFO: [ view_filter ] --START--
INFO: Run Behavior\WriteHtmlCacheBehavior [ RunTime:0.000553s ]
INFO: [ view_filter ] --END-- [ RunTime:0.000607s ]
INFO: [ app_end ] --START--
INFO: Run Behavior\ShowPageTraceBehavior [ RunTime:0.000925s ]
INFO: [ app_end ] --END-- [ RunTime:0.000984s ]

[ 2018-03-11T10:50:15+08:00 ] 127.0.0.1 /index.php/Admin/Spec/doAddItem.html
INFO: [ app_init ] --START--
INFO: Run Behavior\BuildLiteBehavior [ RunTime:0.000017s ]
INFO: [ app_init ] --END-- [ RunTime:0.000534s ]
INFO: [ app_begin ] --START--
INFO: Run Behavior\ReadHtmlCacheBehavior [ RunTime:0.000747s ]
INFO: [ app_begin ] --END-- [ RunTime:0.000816s ]
NOTIC: [8] A session had already been started - ignoring session_start() E:\xampp\htdocs\ebay\ThinkPHP\Common\functions.php 第 1263 行.
SQL: SHOW COLUMNS FROM `goods_type` [ RunTime:0.0040s ]
SQL: SELECT * FROM `goods_type`  [ RunTime:0.0004s ]
NOTIC: [8] Undefined variable: items E:\xampp\htdocs\ebay\Application\Admin\Controller\SpecController.class.php 第 31 行.
SQL: SHOW COLUMNS FROM `spec_item` [ RunTime:0.0033s ]
SQL: SELECT * FROM `spec_item` WHERE ( spec_id = 4 and item = 'Q' )  [ RunTime:0.0004s ]
SQL: INSERT INTO `spec_item` (`item`,`spec_id`) VALUES ('Q','4') [ RunTime:0.0977s ]
SQL: SELECT * FROM `spec_item` WHERE ( spec_id = 4 and item = 'W' )  [ RunTime:0.0005s ]
SQL: INSERT INTO `spec_item` (`item`,`spec_id`) VALUES ('W','4') [ RunTime:0.0533s ]
SQL: SELECT * FROM `spec_item` WHERE ( spec_id = 4 and item = 'E' )  [ RunTime:0.0005s ]
SQL: INSERT INTO `spec_item` (`item`,`spec_id`) VALUES ('E','4') [ RunTime:0.0542s ]
SQL: SELECT * FROM `spec_item` WHERE ( spec_id = 4 and item = 'R' )  [ RunTime:0.0004s ]
SQL: INSERT INTO `spec_item` (`item`,`spec_id`) VALUES ('R','4') [ RunTime:0.0874s ]
SQL: SELECT * FROM `spec_item` WHERE ( spec_id = 4 and item = 'T' )  [ RunTime:0.0006s ]
SQL: INSERT INTO `spec_item` (`item`,`spec_id`) VALUES ('T','4') [ RunTime:0.0793s ]
SQL: SELECT * FROM `spec_item` WHERE ( spec_id = 4 and item = 'Y' )  [ RunTime:0.0005s ]
SQL: INSERT INTO `spec_item` (`item`,`spec_id`) VALUES ('Y','4') [ RunTime:0.0617s ]
SQL: SELECT * FROM `spec_item` WHERE ( spec_id = 4 and item = 'U                                        ' )  [ RunTime:0.0004s ]
SQL: INSERT INTO `spec_item` (`item`,`spec_id`) VALUES ('U                                        ','4') [ RunTime:0.0246s ]
INFO: [ view_parse ] --START--
INFO: [ template_filter ] --START--
INFO: Run Behavior\ContentReplaceBehavior [ RunTime:0.000060s ]
INFO: [ template_filter ] --END-- [ RunTime:0.000129s ]
INFO: Run Behavior\ParseTemplateBehavior [ RunTime:0.007668s ]
INFO: [ view_parse ] --END-- [ RunTime:0.007746s ]
INFO: [ view_filter ] --START--
INFO: Run Behavior\WriteHtmlCacheBehavior [ RunTime:0.000566s ]
INFO: [ view_filter ] --END-- [ RunTime:0.000621s ]
INFO: [ app_end ] --START--
INFO: Run Behavior\ShowPageTraceBehavior [ RunTime:0.000941s ]
INFO: [ app_end ] --END-- [ RunTime:0.000996s ]

[ 2018-03-11T10:50:16+08:00 ] 127.0.0.1 /index.php/Admin/Spec/lists
INFO: [ app_init ] --START--
INFO: Run Behavior\BuildLiteBehavior [ RunTime:0.000016s ]
INFO: [ app_init ] --END-- [ RunTime:0.000526s ]
INFO: [ app_begin ] --START--
INFO: Run Behavior\ReadHtmlCacheBehavior [ RunTime:0.000716s ]
INFO: [ app_begin ] --END-- [ RunTime:0.000779s ]
NOTIC: [8] A session had already been started - ignoring session_start() E:\xampp\htdocs\ebay\ThinkPHP\Common\functions.php 第 1263 行.
SQL: SHOW COLUMNS FROM `goods_type` [ RunTime:0.0034s ]
SQL: SELECT * FROM `goods_type`  [ RunTime:0.0003s ]
NOTIC: [8] Undefined variable: items E:\xampp\htdocs\ebay\Application\Admin\Controller\SpecController.class.php 第 31 行.
SQL: SHOW COLUMNS FROM `spec` [ RunTime:0.0033s ]
SQL: SELECT * FROM `spec` LIMIT 0,20   [ RunTime:0.0003s ]
SQL: SELECT COUNT(*) AS tp_count FROM `spec` LIMIT 1   [ RunTime:0.0003s ]
SQL: SHOW COLUMNS FROM `spec_item` [ RunTime:0.0034s ]
SQL: SELECT * FROM `spec_item` WHERE ( spec_id = 1 )  [ RunTime:0.0004s ]
SQL: SELECT * FROM `spec_item` WHERE ( spec_id = 3 )  [ RunTime:0.0003s ]
SQL: SELECT * FROM `spec_item` WHERE ( spec_id = 4 )  [ RunTime:0.0003s ]
INFO: [ view_parse ] --START--
INFO: [ template_filter ] --START--
INFO: Run Behavior\ContentReplaceBehavior [ RunTime:0.000081s ]
INFO: [ template_filter ] --END-- [ RunTime:0.000142s ]
INFO: Run Behavior\ParseTemplateBehavior [ RunTime:0.010631s ]
INFO: [ view_parse ] --END-- [ RunTime:0.010703s ]
INFO: [ view_filter ] --START--
INFO: Run Behavior\WriteHtmlCacheBehavior [ RunTime:0.000489s ]
INFO: [ view_filter ] --END-- [ RunTime:0.000539s ]
INFO: [ app_end ] --START--
INFO: Run Behavior\ShowPageTraceBehavior [ RunTime:0.000831s ]
INFO: [ app_end ] --END-- [ RunTime:0.000881s ]

